#
# There is insufficient memory for the Java Runtime Environment to continue.
# Native memory allocation (mmap) failed to map 299892736 bytes for Failed to commit area from 0x0000000093300000 to 0x00000000a5100000 of length 299892736.
# Possible reasons:
#   The system is out of physical RAM or swap space
#   The process is running with CompressedOops enabled, and the Java Heap may be blocking the growth of the native heap
# Possible solutions:
#   Reduce memory load on the system
#   Increase physical memory or swap space
#   Check if swap backing store is full
#   Decrease Java heap size (-Xmx/-Xms)
#   Decrease number of Java threads
#   Decrease Java thread stack sizes (-Xss)
#   Set larger code cache with -XX:ReservedCodeCacheSize=
#   JVM is running with Unscaled Compressed Oops mode in which the Java heap is
#     placed in the first 4GB address space. The Java Heap base address is the
#     maximum limit for the native heap growth. Please use -XX:HeapBaseMinAddress
#     to set the Java Heap base and to place the Java Heap above 4GB virtual address.
# This output file may be truncated or incomplete.
#
#  Out of Memory Error (./src/hotspot/os/windows/os_windows.cpp:3301), pid=6644, tid=4240
#
# JRE version: OpenJDK Runtime Environment (11.0.10) (build 11.0.10+0-b96-7249189)
# Java VM: OpenJDK 64-Bit Server VM (11.0.10+0-b96-7249189, mixed mode, tiered, compressed oops, g1 gc, windows-amd64)
# No core dump will be written. Minidumps are not enabled by default on client versions of Windows
#

---------------  S U M M A R Y ------------

Command Line: --add-opens=java.base/java.util=ALL-UNNAMED --add-opens=java.base/java.lang=ALL-UNNAMED --add-opens=java.base/java.lang.invoke=ALL-UNNAMED --add-opens=java.base/java.util=ALL-UNNAMED --add-opens=java.prefs/java.util.prefs=ALL-UNNAMED --add-opens=java.prefs/java.util.prefs=ALL-UNNAMED --add-opens=java.base/java.nio.charset=ALL-UNNAMED --add-opens=java.base/java.net=ALL-UNNAMED --add-opens=java.base/java.util.concurrent.atomic=ALL-UNNAMED -Xmx2048m -Dfile.encoding=UTF-8 -Duser.country=RU -Duser.language=ru -Duser.variant org.gradle.launcher.daemon.bootstrap.GradleDaemon 7.0.2

Host: Intel(R) Core(TM) i7 CPU         980  @ 3.33GHz, 12 cores, 11G,  Windows 7 , 64 bit Build 7601 (6.1.7601.24552)
Time: Sat Jul 31 17:49:44 2021 ?iiaineia a?aiy (ceia) elapsed time: 48.242604 seconds (0d 0h 0m 48s)

---------------  T H R E A D  ---------------

Current thread (0x000000001dd59000):  VMThread "VM Thread" [stack: 0x000000005e930000,0x000000005ea30000] [id=4240]

Stack: [0x000000005e930000,0x000000005ea30000]
[error occurred during error reporting (printing stack bounds), id 0xc0000005, EXCEPTION_ACCESS_VIOLATION (0xc0000005) at pc=0x0000000006350f3d]

Native frames: (J=compiled Java code, j=interpreted, Vv=VM code, C=native code)
V  [jvm.dll+0x5ecfaa]
V  [jvm.dll+0x722bd5]
V  [jvm.dll+0x72412d]
V  [jvm.dll+0x724745]
V  [jvm.dll+0x7246fb]
V  [jvm.dll+0x5ec348]
V  [jvm.dll+0x5ecad8]
C  [ntdll.dll+0x6b41d]
C  [ntdll.dll+0x3f77a]
C  [ntdll.dll+0x6aabe]
C  0x0000000006350f3d

VM_Operation (0x000000006b9b85f0): G1CollectForAllocation, mode: safepoint, requested by thread 0x0000000063d88000


---------------  P R O C E S S  ---------------

Threads class SMR info:
_java_thread_list=0x0000000072942d70, length=74, elements={
0x0000000000383000, 0x000000005ea31800, 0x000000005ea3b800, 0x000000001dd71000,
0x000000001dd76000, 0x000000005ea41800, 0x000000005ea48800, 0x000000005ea51800,
0x000000001dd7f000, 0x000000005ebe7000, 0x00000000610e0800, 0x00000000636b3800,
0x0000000061570000, 0x0000000062bef800, 0x0000000061389000, 0x0000000062599800,
0x00000000615d3000, 0x00000000636b3000, 0x0000000062ac7000, 0x0000000062ac7800,
0x0000000062ac8800, 0x0000000062ac9800, 0x0000000062aca000, 0x0000000062acb000,
0x0000000062acb800, 0x0000000062acc800, 0x0000000062acd800, 0x0000000062ace000,
0x0000000062acf000, 0x0000000062ad0000, 0x0000000062ad2800, 0x0000000062ad3000,
0x0000000062ad4000, 0x0000000067743000, 0x0000000067744000, 0x0000000067745000,
0x0000000067745800, 0x0000000063d87000, 0x0000000063d88000, 0x0000000063d89000,
0x0000000063d89800, 0x0000000063d8a800, 0x0000000063d8b000, 0x0000000063d8c000,
0x0000000063d8d000, 0x0000000063d8d800, 0x00000000696dc000, 0x00000000696dd000,
0x00000000696dd800, 0x00000000696de800, 0x00000000696df800, 0x00000000696e0000,
0x00000000696e1000, 0x00000000696e1800, 0x00000000696e2800, 0x0000000067229000,
0x000000006722a000, 0x000000006722b800, 0x000000006722d000, 0x000000006722e000,
0x000000006722f000, 0x000000006722f800, 0x0000000068e57000, 0x0000000068e57800,
0x0000000068e58800, 0x0000000068e59800, 0x0000000068e5a000, 0x0000000068e5b000,
0x0000000068e5c000, 0x0000000068e5c800, 0x0000000068e5d800, 0x00000000631bf800,
0x0000000062e1c000, 0x0000000062e1d000
}

Java Threads: ( => current thread )
  0x0000000000383000 JavaThread "main" [_thread_blocked, id=5556, stack(0x0000000002130000,0x0000000002230000)]
  0x000000005ea31800 JavaThread "Reference Handler" daemon [_thread_blocked, id=4848, stack(0x000000001df20000,0x000000001e020000)]
  0x000000005ea3b800 JavaThread "Finalizer" daemon [_thread_blocked, id=5056, stack(0x000000005eec0000,0x000000005efc0000)]
  0x000000001dd71000 JavaThread "Signal Dispatcher" daemon [_thread_blocked, id=7860, stack(0x000000005f0f0000,0x000000005f1f0000)]
  0x000000001dd76000 JavaThread "Attach Listener" daemon [_thread_blocked, id=7664, stack(0x000000005f3e0000,0x000000005f4e0000)]
  0x000000005ea41800 JavaThread "Service Thread" daemon [_thread_blocked, id=476, stack(0x000000005f570000,0x000000005f670000)]
  0x000000005ea48800 JavaThread "C2 CompilerThread0" daemon [_thread_blocked, id=6184, stack(0x000000005f6c0000,0x000000005f7c0000)]
  0x000000005ea51800 JavaThread "C1 CompilerThread0" daemon [_thread_blocked, id=7100, stack(0x000000005f280000,0x000000005f380000)]
  0x000000001dd7f000 JavaThread "Sweeper thread" daemon [_thread_blocked, id=7848, stack(0x000000005f870000,0x000000005f970000)]
  0x000000005ebe7000 JavaThread "Common-Cleaner" daemon [_thread_blocked, id=4344, stack(0x000000005fae0000,0x000000005fbe0000)]
  0x00000000610e0800 JavaThread "Daemon health stats" [_thread_blocked, id=2288, stack(0x0000000064270000,0x0000000064370000)]
  0x00000000636b3800 JavaThread "Incoming local TCP Connector on port 65453" [_thread_in_native, id=7488, stack(0x0000000064900000,0x0000000064a00000)]
  0x0000000061570000 JavaThread "Daemon periodic checks" [_thread_blocked, id=1268, stack(0x0000000064c30000,0x0000000064d30000)]
  0x0000000062bef800 JavaThread "Daemon" [_thread_blocked, id=7696, stack(0x0000000061a50000,0x0000000061b50000)]
  0x0000000061389000 JavaThread "Handler for socket connection from /127.0.0.1:65453 to /127.0.0.1:65454" [_thread_in_native, id=7380, stack(0x0000000064d80000,0x0000000064e80000)]
  0x0000000062599800 JavaThread "Cancel handler" [_thread_blocked, id=3728, stack(0x00000000645b0000,0x00000000646b0000)]
  0x00000000615d3000 JavaThread "Daemon worker" [_thread_blocked, id=1684, stack(0x0000000064790000,0x0000000064890000)]
  0x00000000636b3000 JavaThread "Asynchronous log dispatcher for DefaultDaemonConnection: socket connection from /127.0.0.1:65453 to /127.0.0.1:65454" [_thread_blocked, id=4252, stack(0x0000000064fd0000,0x00000000650d0000)]
  0x0000000062ac7000 JavaThread "Stdin handler" [_thread_blocked, id=4792, stack(0x00000000651c0000,0x00000000652c0000)]
  0x0000000062ac7800 JavaThread "Daemon client event forwarder" [_thread_blocked, id=7348, stack(0x0000000065310000,0x0000000065410000)]
  0x0000000062ac8800 JavaThread "Cache worker for file hash cache (D:\IdeaProjects\gradle\caches\7.0.2\fileHashes)" [_thread_blocked, id=7556, stack(0x0000000064140000,0x0000000064240000)]
  0x0000000062ac9800 JavaThread "File lock request listener" [_thread_in_native, id=1816, stack(0x0000000065620000,0x0000000065720000)]
  0x0000000062aca000 JavaThread "Cache worker for journal cache (D:\IdeaProjects\gradle\caches\journal-1)" [_thread_blocked, id=4768, stack(0x0000000066520000,0x0000000066620000)]
  0x0000000062acb000 JavaThread "Cache worker for file hash cache (D:\IdeaProjects\ANDROID\Practica\Weather_App\.gradle\7.0.2\fileHashes)" [_thread_blocked, id=6520, stack(0x0000000066630000,0x0000000066730000)]
  0x0000000062acb800 JavaThread "File watcher server" daemon [_thread_blocked, id=8060, stack(0x00000000667a0000,0x00000000668a0000)]
  0x0000000062acc800 JavaThread "File watcher consumer" daemon [_thread_blocked, id=7388, stack(0x0000000065870000,0x0000000065970000)]
  0x0000000062acd800 JavaThread "Cache worker for checksums cache (D:\IdeaProjects\ANDROID\Practica\Weather_App\.gradle\checksums)" [_thread_blocked, id=3788, stack(0x0000000067d50000,0x0000000067e50000)]
  0x0000000062ace000 JavaThread "Cache worker for cache directory md-supplier (D:\IdeaProjects\gradle\caches\7.0.2\md-supplier)" [_thread_blocked, id=7816, stack(0x0000000067f60000,0x0000000068060000)]
  0x0000000062acf000 JavaThread "Cache worker for cache directory md-rule (D:\IdeaProjects\gradle\caches\7.0.2\md-rule)" [_thread_blocked, id=4728, stack(0x00000000687d0000,0x00000000688d0000)]
  0x0000000062ad0000 JavaThread "Cache worker for execution history cache (D:\IdeaProjects\gradle\caches\7.0.2\executionHistory)" [_thread_blocked, id=2944, stack(0x00000000680a0000,0x00000000681a0000)]
  0x0000000062ad2800 JavaThread "jar transforms" [_thread_blocked, id=7692, stack(0x0000000067e60000,0x0000000067f60000)]
  0x0000000062ad3000 JavaThread "jar transforms Thread 2" [_thread_blocked, id=5076, stack(0x0000000065db0000,0x0000000065eb0000)]
  0x0000000062ad4000 JavaThread "Cache worker for file content cache (D:\IdeaProjects\gradle\caches\7.0.2\fileContent)" [_thread_blocked, id=5624, stack(0x0000000061e00000,0x0000000061f00000)]
  0x0000000067743000 JavaThread "Cache worker for dependencies-accessors (D:\IdeaProjects\ANDROID\Practica\Weather_App\.gradle\7.0.2\dependencies-accessors)" [_thread_blocked, id=7700, stack(0x000000006aa70000,0x000000006ab70000)]
  0x0000000067744000 JavaThread "jar transforms Thread 3" [_thread_blocked, id=5224, stack(0x000000006b3a0000,0x000000006b4a0000)]
  0x0000000067745000 JavaThread "Cache worker for Build Output Cleanup Cache (D:\IdeaProjects\ANDROID\Practica\Weather_App\.gradle\buildOutputCleanup)" [_thread_blocked, id=7532, stack(0x000000006bc20000,0x000000006bd20000)]
  0x0000000067745800 JavaThread "Build operations" [_thread_blocked, id=6420, stack(0x000000006b780000,0x000000006b880000)]
  0x0000000063d87000 JavaThread "Build operations Thread 2" [_thread_blocked, id=6792, stack(0x000000006bde0000,0x000000006bee0000)]
  0x0000000063d88000 JavaThread "Build operations Thread 3" [_thread_blocked, id=7088, stack(0x000000006b8c0000,0x000000006b9c0000)]
  0x0000000063d89000 JavaThread "Build operations Thread 4" [_thread_blocked, id=7116, stack(0x000000006c000000,0x000000006c100000)]
  0x0000000063d89800 JavaThread "Build operations Thread 5" [_thread_blocked, id=6220, stack(0x000000006c1a0000,0x000000006c2a0000)]
  0x0000000063d8a800 JavaThread "Build operations Thread 6" [_thread_blocked, id=7844, stack(0x000000006c330000,0x000000006c430000)]
  0x0000000063d8b000 JavaThread "Build operations Thread 7" [_thread_blocked, id=7808, stack(0x000000006c5b0000,0x000000006c6b0000)]
  0x0000000063d8c000 JavaThread "Build operations Thread 8" [_thread_blocked, id=6288, stack(0x000000006c700000,0x000000006c800000)]
  0x0000000063d8d000 JavaThread "Build operations Thread 9" [_thread_blocked, id=6976, stack(0x000000006c430000,0x000000006c530000)]
  0x0000000063d8d800 JavaThread "Build operations Thread 10" [_thread_blocked, id=6600, stack(0x000000006c810000,0x000000006c910000)]
  0x00000000696dc000 JavaThread "Build operations Thread 11" [_thread_blocked, id=2684, stack(0x000000006bf00000,0x000000006c000000)]
  0x00000000696dd000 JavaThread "Build operations Thread 12" [_thread_blocked, id=6476, stack(0x000000006c970000,0x000000006ca70000)]
  0x00000000696dd800 JavaThread "jar transforms Thread 4" [_thread_blocked, id=4804, stack(0x000000006cc10000,0x000000006cd10000)]
  0x00000000696de800 JavaThread "jar transforms Thread 5" [_thread_blocked, id=7172, stack(0x000000006ca90000,0x000000006cb90000)]
  0x00000000696df800 JavaThread "jar transforms Thread 6" [_thread_blocked, id=7356, stack(0x000000006ceb0000,0x000000006cfb0000)]
  0x00000000696e0000 JavaThread "jar transforms Thread 7" [_thread_blocked, id=6700, stack(0x000000006d0b0000,0x000000006d1b0000)]
  0x00000000696e1000 JavaThread "jar transforms Thread 8" [_thread_blocked, id=6672, stack(0x000000006d2a0000,0x000000006d3a0000)]
  0x00000000696e1800 JavaThread "jar transforms Thread 9" [_thread_blocked, id=7008, stack(0x000000006d3a0000,0x000000006d4a0000)]
  0x00000000696e2800 JavaThread "jar transforms Thread 10" [_thread_blocked, id=3104, stack(0x000000006d4c0000,0x000000006d5c0000)]
  0x0000000067229000 JavaThread "jar transforms Thread 11" [_thread_blocked, id=7108, stack(0x000000006d5d0000,0x000000006d6d0000)]
  0x000000006722a000 JavaThread "jar transforms Thread 12" [_thread_blocked, id=7212, stack(0x000000006cdb0000,0x000000006ceb0000)]
  0x000000006722b800 JavaThread "Memory manager" [_thread_blocked, id=7584, stack(0x000000006e5d0000,0x000000006e6d0000)]
  0x000000006722d000 JavaThread "build event listener" [_thread_blocked, id=2852, stack(0x000000006f3e0000,0x000000006f4e0000)]
  0x000000006722e000 JavaThread "Execution worker for ':'" [_thread_blocked, id=1144, stack(0x000000005fc20000,0x000000005fd20000)]
  0x000000006722f000 JavaThread "Execution worker for ':' Thread 2" [_thread_blocked, id=4724, stack(0x000000006ae60000,0x000000006af60000)]
  0x000000006722f800 JavaThread "Execution worker for ':' Thread 3" [_thread_blocked, id=7976, stack(0x000000006f5a0000,0x000000006f6a0000)]
  0x0000000068e57000 JavaThread "Execution worker for ':' Thread 4" [_thread_blocked, id=6356, stack(0x000000006f7e0000,0x000000006f8e0000)]
  0x0000000068e57800 JavaThread "Execution worker for ':' Thread 5" [_thread_blocked, id=7500, stack(0x000000006f920000,0x000000006fa20000)]
  0x0000000068e58800 JavaThread "Execution worker for ':' Thread 6" [_thread_blocked, id=5236, stack(0x000000006fb70000,0x000000006fc70000)]
  0x0000000068e59800 JavaThread "Execution worker for ':' Thread 7" [_thread_blocked, id=6176, stack(0x000000006fc80000,0x000000006fd80000)]
  0x0000000068e5a000 JavaThread "Execution worker for ':' Thread 8" [_thread_blocked, id=5132, stack(0x000000006fd80000,0x000000006fe80000)]
  0x0000000068e5b000 JavaThread "Execution worker for ':' Thread 9" [_thread_blocked, id=5852, stack(0x000000006f2e0000,0x000000006f3e0000)]
  0x0000000068e5c000 JavaThread "Execution worker for ':' Thread 10" [_thread_blocked, id=1688, stack(0x000000006feb0000,0x000000006ffb0000)]
  0x0000000068e5c800 JavaThread "Execution worker for ':' Thread 11" [_thread_blocked, id=3828, stack(0x000000006fa70000,0x000000006fb70000)]
  0x0000000068e5d800 JavaThread "Cache worker for execution history cache (D:\IdeaProjects\ANDROID\Practica\Weather_App\.gradle\7.0.2\executionHistory)" [_thread_blocked, id=7248, stack(0x00000000701b0000,0x00000000702b0000)]
  0x00000000631bf800 JavaThread "WorkerExecutor Queue" [_thread_blocked, id=6304, stack(0x00000000708c0000,0x00000000709c0000)]
  0x0000000062e1c000 JavaThread "C2 CompilerThread1" daemon [_thread_blocked, id=4812, stack(0x0000000074030000,0x0000000074130000)]
  0x0000000062e1d000 JavaThread "C2 CompilerThread2" daemon [_thread_in_native, id=6472, stack(0x0000000076af0000,0x0000000076bf0000)]

Other Threads:
=>0x000000001dd59000 VMThread "VM Thread" [stack: 0x000000005e930000,0x000000005ea30000] [id=4240]
  0x000000005ebea000 WatcherThread [stack: 0x000000005fd30000,0x000000005fe30000] [id=7268]
  0x000000000039b800 GCTaskThread "GC Thread#0" [stack: 0x00000000155a0000,0x00000000156a0000] [id=4736]
  0x00000000608d1800 GCTaskThread "GC Thread#1" [stack: 0x0000000061950000,0x0000000061a50000] [id=7640]
  0x0000000060169000 GCTaskThread "GC Thread#2" [stack: 0x0000000061b60000,0x0000000061c60000] [id=7900]
  0x000000006046f000 GCTaskThread "GC Thread#3" [stack: 0x0000000061c80000,0x0000000061d80000] [id=6664]
  0x0000000060cee000 GCTaskThread "GC Thread#4" [stack: 0x0000000065750000,0x0000000065850000] [id=7440]
  0x0000000062c67800 GCTaskThread "GC Thread#5" [stack: 0x0000000065970000,0x0000000065a70000] [id=2204]
  0x0000000062db6800 GCTaskThread "GC Thread#6" [stack: 0x0000000065b10000,0x0000000065c10000] [id=7632]
  0x0000000060e14000 GCTaskThread "GC Thread#7" [stack: 0x0000000065ca0000,0x0000000065da0000] [id=6824]
  0x0000000060adc000 GCTaskThread "GC Thread#8" [stack: 0x0000000064e80000,0x0000000064f80000] [id=6380]
  0x0000000062b05800 GCTaskThread "GC Thread#9" [stack: 0x0000000065eb0000,0x0000000065fb0000] [id=8020]
  0x000000001605c800 ConcurrentGCThread "G1 Main Marker" [stack: 0x000000001ae80000,0x000000001af80000] [id=6972]
  0x000000001605d800 ConcurrentGCThread "G1 Conc#0" [stack: 0x000000001afe0000,0x000000001b0e0000] [id=7112]
  0x0000000060862000 ConcurrentGCThread "G1 Conc#1" [stack: 0x0000000066250000,0x0000000066350000] [id=7968]
  0x000000006357d000 ConcurrentGCThread "G1 Conc#2" [stack: 0x0000000066420000,0x0000000066520000] [id=7528]
  0x000000001612f800 ConcurrentGCThread "G1 Refine#0" [stack: 0x000000001ddc0000,0x000000001dec0000] [id=7824]
  0x0000000063c6f000 ConcurrentGCThread "G1 Refine#1" [stack: 0x0000000075310000,0x0000000075410000] [id=6752]
  0x0000000063c6e800 ConcurrentGCThread "G1 Refine#2" [stack: 0x0000000075570000,0x0000000075670000] [id=6848]
  0x0000000063c70000 ConcurrentGCThread "G1 Refine#3" [stack: 0x000000006ded0000,0x000000006dfd0000] [id=4452]
  0x0000000063c70800 ConcurrentGCThread "G1 Refine#4" [stack: 0x00000000756b0000,0x00000000757b0000] [id=6812]
  0x000000001db88800 ConcurrentGCThread "G1 Young RemSet Sampling" [stack: 0x000000001e020000,0x000000001e120000] [id=4288]

Threads with active compile tasks:
C2 CompilerThread0  48272 12523       4       com.android.tools.r8.internal.UC::b (682 bytes)
C1 CompilerThread0  48272 12726 %     3       com.android.tools.r8.ir.regalloc.a::a @ 683 (1824 bytes)
C2 CompilerThread1  48272 12714       4       com.android.tools.r8.internal.nh::a (990 bytes)
C2 CompilerThread2  48272 12496 %     4       com.android.tools.r8.internal.T6::a @ 66 (6044 bytes)

VM state:at safepoint (normal execution)

VM Mutex/Monitor currently owned by a thread:  ([mutex/lock_event])
[0x000000000037f330] Threads_lock - owner thread: 0x000000001dd59000
[0x000000000037fb10] Heap_lock - owner thread: 0x0000000063d88000

Heap address: 0x0000000080000000, size: 2048 MB, Compressed Oops mode: 32-bit
Narrow klass base: 0x0000000000000000, Narrow klass shift: 0
Compressed class space size: 1073741824 Address: 0x000000001e120000

Heap:
 garbage-first heap   total 607232K, used 161325K [0x0000000080000000, 0x0000000100000000)
  region size 1024K, 7 young (7168K), 7 survivors (7168K)
 Metaspace       used 95169K, capacity 97620K, committed 101452K, reserved 1136640K
  class space    used 12488K, capacity 13413K, committed 14924K, reserved 1048576K
Heap Regions: E=young(eden), S=young(survivor), O=old, HS=humongous(starts), HC=humongous(continues), CS=collection set, F=free, A=archive, TAMS=top-at-mark-start (previous, next)
|   0|0x0000000080000000, 0x0000000080100000, 0x0000000080100000|100%| O|  |TAMS 0x0000000080100000, 0x0000000080000000| Untracked 
|   1|0x0000000080100000, 0x0000000080200000, 0x0000000080200000|100%| O|  |TAMS 0x0000000080200000, 0x0000000080100000| Untracked 
|   2|0x0000000080200000, 0x0000000080300000, 0x0000000080300000|100%| O|  |TAMS 0x0000000080300000, 0x0000000080200000| Untracked 
|   3|0x0000000080300000, 0x0000000080400000, 0x0000000080400000|100%|HS|  |TAMS 0x0000000080400000, 0x0000000080300000| Complete 
|   4|0x0000000080400000, 0x0000000080500000, 0x0000000080500000|100%|HC|  |TAMS 0x0000000080500000, 0x0000000080400000| Complete 
|   5|0x0000000080500000, 0x0000000080600000, 0x0000000080600000|100%|HC|  |TAMS 0x0000000080600000, 0x0000000080500000| Complete 
|   6|0x0000000080600000, 0x0000000080700000, 0x0000000080700000|100%| O|  |TAMS 0x0000000080700000, 0x0000000080600000| Untracked 
|   7|0x0000000080700000, 0x0000000080800000, 0x0000000080800000|100%| O|  |TAMS 0x0000000080800000, 0x0000000080700000| Untracked 
|   8|0x0000000080800000, 0x0000000080900000, 0x0000000080900000|100%| O|  |TAMS 0x0000000080900000, 0x0000000080800000| Untracked 
|   9|0x0000000080900000, 0x0000000080a00000, 0x0000000080a00000|100%| O|  |TAMS 0x0000000080a00000, 0x0000000080900000| Untracked 
|  10|0x0000000080a00000, 0x0000000080b00000, 0x0000000080b00000|100%| O|  |TAMS 0x0000000080b00000, 0x0000000080a00000| Untracked 
|  11|0x0000000080b00000, 0x0000000080c00000, 0x0000000080c00000|100%| O|  |TAMS 0x0000000080c00000, 0x0000000080b00000| Untracked 
|  12|0x0000000080c00000, 0x0000000080d00000, 0x0000000080d00000|100%| O|  |TAMS 0x0000000080d00000, 0x0000000080c00000| Untracked 
|  13|0x0000000080d00000, 0x0000000080e00000, 0x0000000080e00000|100%| O|  |TAMS 0x0000000080e00000, 0x0000000080d00000| Untracked 
|  14|0x0000000080e00000, 0x0000000080f00000, 0x0000000080f00000|100%| O|  |TAMS 0x0000000080f00000, 0x0000000080e00000| Untracked 
|  15|0x0000000080f00000, 0x0000000081000000, 0x0000000081000000|100%| O|  |TAMS 0x0000000081000000, 0x0000000080f00000| Untracked 
|  16|0x0000000081000000, 0x0000000081100000, 0x0000000081100000|100%|HS|  |TAMS 0x0000000081100000, 0x0000000081000000| Complete 
|  17|0x0000000081100000, 0x0000000081200000, 0x0000000081200000|100%|HS|  |TAMS 0x0000000081200000, 0x0000000081100000| Complete 
|  18|0x0000000081200000, 0x0000000081300000, 0x0000000081300000|100%|HS|  |TAMS 0x0000000081300000, 0x0000000081200000| Complete 
|  19|0x0000000081300000, 0x0000000081400000, 0x0000000081400000|100%|HC|  |TAMS 0x0000000081400000, 0x0000000081300000| Complete 
|  20|0x0000000081400000, 0x0000000081500000, 0x0000000081500000|100%| O|  |TAMS 0x0000000081500000, 0x0000000081400000| Untracked 
|  21|0x0000000081500000, 0x0000000081600000, 0x0000000081600000|100%| O|  |TAMS 0x0000000081600000, 0x0000000081500000| Untracked 
|  22|0x0000000081600000, 0x0000000081700000, 0x0000000081700000|100%| O|  |TAMS 0x0000000081700000, 0x0000000081600000| Untracked 
|  23|0x0000000081700000, 0x0000000081800000, 0x0000000081800000|100%| O|  |TAMS 0x0000000081800000, 0x0000000081700000| Untracked 
|  24|0x0000000081800000, 0x0000000081900000, 0x0000000081900000|100%| O|  |TAMS 0x0000000081900000, 0x0000000081800000| Untracked 
|  25|0x0000000081900000, 0x0000000081a00000, 0x0000000081a00000|100%| O|  |TAMS 0x0000000081a00000, 0x0000000081900000| Untracked 
|  26|0x0000000081a00000, 0x0000000081b00000, 0x0000000081b00000|100%| O|  |TAMS 0x0000000081b00000, 0x0000000081a00000| Untracked 
|  27|0x0000000081b00000, 0x0000000081c00000, 0x0000000081c00000|100%| O|  |TAMS 0x0000000081c00000, 0x0000000081b00000| Untracked 
|  28|0x0000000081c00000, 0x0000000081d00000, 0x0000000081d00000|100%| O|  |TAMS 0x0000000081d00000, 0x0000000081c00000| Untracked 
|  29|0x0000000081d00000, 0x0000000081e00000, 0x0000000081e00000|100%| O|  |TAMS 0x0000000081e00000, 0x0000000081d00000| Untracked 
|  30|0x0000000081e00000, 0x0000000081f00000, 0x0000000081f00000|100%| O|  |TAMS 0x0000000081f00000, 0x0000000081e00000| Untracked 
|  31|0x0000000081f00000, 0x0000000082000000, 0x0000000082000000|100%| O|  |TAMS 0x0000000082000000, 0x0000000081f00000| Untracked 
|  32|0x0000000082000000, 0x0000000082100000, 0x0000000082100000|100%| O|  |TAMS 0x0000000082100000, 0x0000000082000000| Untracked 
|  33|0x0000000082100000, 0x0000000082200000, 0x0000000082200000|100%| O|  |TAMS 0x0000000082200000, 0x0000000082100000| Untracked 
|  34|0x0000000082200000, 0x0000000082300000, 0x0000000082300000|100%| O|  |TAMS 0x0000000082300000, 0x0000000082200000| Untracked 
|  35|0x0000000082300000, 0x0000000082400000, 0x0000000082400000|100%| O|  |TAMS 0x0000000082400000, 0x0000000082300000| Untracked 
|  36|0x0000000082400000, 0x0000000082500000, 0x0000000082500000|100%| O|  |TAMS 0x0000000082500000, 0x0000000082400000| Untracked 
|  37|0x0000000082500000, 0x0000000082600000, 0x0000000082600000|100%| O|  |TAMS 0x0000000082600000, 0x0000000082500000| Untracked 
|  38|0x0000000082600000, 0x0000000082700000, 0x0000000082700000|100%| O|  |TAMS 0x0000000082700000, 0x0000000082600000| Untracked 
|  39|0x0000000082700000, 0x0000000082800000, 0x0000000082800000|100%| O|  |TAMS 0x0000000082800000, 0x0000000082700000| Untracked 
|  40|0x0000000082800000, 0x0000000082900000, 0x0000000082900000|100%| O|  |TAMS 0x0000000082900000, 0x0000000082800000| Untracked 
|  41|0x0000000082900000, 0x0000000082a00000, 0x0000000082a00000|100%| O|  |TAMS 0x0000000082a00000, 0x0000000082900000| Untracked 
|  42|0x0000000082a00000, 0x0000000082b00000, 0x0000000082b00000|100%| O|  |TAMS 0x0000000082b00000, 0x0000000082a00000| Untracked 
|  43|0x0000000082b00000, 0x0000000082c00000, 0x0000000082c00000|100%| O|  |TAMS 0x0000000082c00000, 0x0000000082b00000| Untracked 
|  44|0x0000000082c00000, 0x0000000082d00000, 0x0000000082d00000|100%| O|  |TAMS 0x0000000082d00000, 0x0000000082c00000| Untracked 
|  45|0x0000000082d00000, 0x0000000082e00000, 0x0000000082e00000|100%| O|  |TAMS 0x0000000082e00000, 0x0000000082d00000| Untracked 
|  46|0x0000000082e00000, 0x0000000082f00000, 0x0000000082f00000|100%| O|  |TAMS 0x0000000082f00000, 0x0000000082e00000| Untracked 
|  47|0x0000000082f00000, 0x0000000083000000, 0x0000000083000000|100%| O|  |TAMS 0x0000000083000000, 0x0000000082f00000| Untracked 
|  48|0x0000000083000000, 0x0000000083100000, 0x0000000083100000|100%| O|  |TAMS 0x0000000083100000, 0x0000000083000000| Untracked 
|  49|0x0000000083100000, 0x0000000083200000, 0x0000000083200000|100%| O|  |TAMS 0x0000000083200000, 0x0000000083100000| Untracked 
|  50|0x0000000083200000, 0x0000000083300000, 0x0000000083300000|100%| O|  |TAMS 0x0000000083300000, 0x0000000083200000| Untracked 
|  51|0x0000000083300000, 0x0000000083400000, 0x0000000083400000|100%| O|  |TAMS 0x0000000083400000, 0x0000000083300000| Untracked 
|  52|0x0000000083400000, 0x0000000083500000, 0x0000000083500000|100%| O|  |TAMS 0x0000000083500000, 0x0000000083400000| Untracked 
|  53|0x0000000083500000, 0x0000000083600000, 0x0000000083600000|100%| O|  |TAMS 0x0000000083600000, 0x0000000083500000| Untracked 
|  54|0x0000000083600000, 0x0000000083700000, 0x0000000083700000|100%| O|  |TAMS 0x0000000083700000, 0x0000000083600000| Untracked 
|  55|0x0000000083700000, 0x0000000083800000, 0x0000000083800000|100%| O|  |TAMS 0x0000000083800000, 0x0000000083700000| Untracked 
|  56|0x0000000083800000, 0x0000000083900000, 0x0000000083900000|100%|HS|  |TAMS 0x0000000083900000, 0x0000000083800000| Complete 
|  57|0x0000000083900000, 0x0000000083a00000, 0x0000000083a00000|100%|HC|  |TAMS 0x0000000083a00000, 0x0000000083900000| Complete 
|  58|0x0000000083a00000, 0x0000000083b00000, 0x0000000083b00000|100%| O|  |TAMS 0x0000000083b00000, 0x0000000083a00000| Untracked 
|  59|0x0000000083b00000, 0x0000000083c00000, 0x0000000083c00000|100%| O|  |TAMS 0x0000000083c00000, 0x0000000083b00000| Untracked 
|  60|0x0000000083c00000, 0x0000000083d00000, 0x0000000083d00000|100%| O|  |TAMS 0x0000000083d00000, 0x0000000083c00000| Untracked 
|  61|0x0000000083d00000, 0x0000000083e00000, 0x0000000083e00000|100%| O|  |TAMS 0x0000000083e00000, 0x0000000083d00000| Untracked 
|  62|0x0000000083e00000, 0x0000000083f00000, 0x0000000083f00000|100%| O|  |TAMS 0x0000000083f00000, 0x0000000083e00000| Untracked 
|  63|0x0000000083f00000, 0x0000000084000000, 0x0000000084000000|100%| O|  |TAMS 0x0000000084000000, 0x0000000083f00000| Untracked 
|  64|0x0000000084000000, 0x0000000084100000, 0x0000000084100000|100%| O|  |TAMS 0x0000000084100000, 0x0000000084000000| Untracked 
|  65|0x0000000084100000, 0x0000000084200000, 0x0000000084200000|100%| O|  |TAMS 0x0000000084200000, 0x0000000084100000| Untracked 
|  66|0x0000000084200000, 0x0000000084300000, 0x0000000084300000|100%| O|  |TAMS 0x0000000084300000, 0x0000000084200000| Untracked 
|  67|0x0000000084300000, 0x0000000084400000, 0x0000000084400000|100%| O|  |TAMS 0x0000000084400000, 0x0000000084300000| Untracked 
|  68|0x0000000084400000, 0x0000000084500000, 0x0000000084500000|100%| O|  |TAMS 0x0000000084500000, 0x0000000084400000| Untracked 
|  69|0x0000000084500000, 0x0000000084600000, 0x0000000084600000|100%| O|  |TAMS 0x0000000084600000, 0x0000000084500000| Untracked 
|  70|0x0000000084600000, 0x0000000084700000, 0x0000000084700000|100%| O|  |TAMS 0x0000000084700000, 0x0000000084600000| Untracked 
|  71|0x0000000084700000, 0x0000000084800000, 0x0000000084800000|100%| O|  |TAMS 0x0000000084800000, 0x0000000084700000| Untracked 
|  72|0x0000000084800000, 0x0000000084900000, 0x0000000084900000|100%| O|  |TAMS 0x0000000084900000, 0x0000000084800000| Untracked 
|  73|0x0000000084900000, 0x0000000084a00000, 0x0000000084a00000|100%| O|  |TAMS 0x0000000084a00000, 0x0000000084900000| Untracked 
|  74|0x0000000084a00000, 0x0000000084b00000, 0x0000000084b00000|100%| O|  |TAMS 0x0000000084b00000, 0x0000000084a00000| Untracked 
|  75|0x0000000084b00000, 0x0000000084c00000, 0x0000000084c00000|100%| O|  |TAMS 0x0000000084c00000, 0x0000000084b00000| Untracked 
|  76|0x0000000084c00000, 0x0000000084d00000, 0x0000000084d00000|100%| O|  |TAMS 0x0000000084d00000, 0x0000000084c00000| Untracked 
|  77|0x0000000084d00000, 0x0000000084e00000, 0x0000000084e00000|100%| O|  |TAMS 0x0000000084e00000, 0x0000000084d00000| Untracked 
|  78|0x0000000084e00000, 0x0000000084f00000, 0x0000000084f00000|100%| O|  |TAMS 0x0000000084f00000, 0x0000000084e00000| Untracked 
|  79|0x0000000084f00000, 0x0000000085000000, 0x0000000085000000|100%| O|  |TAMS 0x0000000085000000, 0x0000000084f00000| Untracked 
|  80|0x0000000085000000, 0x0000000085100000, 0x0000000085100000|100%| O|  |TAMS 0x0000000085100000, 0x0000000085000000| Untracked 
|  81|0x0000000085100000, 0x0000000085200000, 0x0000000085200000|100%| O|  |TAMS 0x0000000085200000, 0x0000000085100000| Untracked 
|  82|0x0000000085200000, 0x0000000085300000, 0x0000000085300000|100%| O|  |TAMS 0x0000000085300000, 0x0000000085200000| Untracked 
|  83|0x0000000085300000, 0x0000000085400000, 0x0000000085400000|100%| O|  |TAMS 0x0000000085400000, 0x0000000085300000| Untracked 
|  84|0x0000000085400000, 0x0000000085500000, 0x0000000085500000|100%| O|  |TAMS 0x0000000085500000, 0x0000000085400000| Untracked 
|  85|0x0000000085500000, 0x0000000085600000, 0x0000000085600000|100%| O|  |TAMS 0x0000000085600000, 0x0000000085500000| Untracked 
|  86|0x0000000085600000, 0x0000000085700000, 0x0000000085700000|100%| O|  |TAMS 0x0000000085700000, 0x0000000085600000| Untracked 
|  87|0x0000000085700000, 0x0000000085800000, 0x0000000085800000|100%| O|  |TAMS 0x0000000085800000, 0x0000000085700000| Untracked 
|  88|0x0000000085800000, 0x0000000085900000, 0x0000000085900000|100%| O|  |TAMS 0x0000000085900000, 0x0000000085800000| Untracked 
|  89|0x0000000085900000, 0x0000000085a00000, 0x0000000085a00000|100%| O|  |TAMS 0x0000000085a00000, 0x0000000085900000| Untracked 
|  90|0x0000000085a00000, 0x0000000085b00000, 0x0000000085b00000|100%| O|  |TAMS 0x0000000085b00000, 0x0000000085a00000| Untracked 
|  91|0x0000000085b00000, 0x0000000085c00000, 0x0000000085c00000|100%| O|  |TAMS 0x0000000085c00000, 0x0000000085b00000| Untracked 
|  92|0x0000000085c00000, 0x0000000085d00000, 0x0000000085d00000|100%| O|  |TAMS 0x0000000085d00000, 0x0000000085c00000| Untracked 
|  93|0x0000000085d00000, 0x0000000085e00000, 0x0000000085e00000|100%| O|  |TAMS 0x0000000085e00000, 0x0000000085d00000| Untracked 
|  94|0x0000000085e00000, 0x0000000085f00000, 0x0000000085f00000|100%| O|  |TAMS 0x0000000085f00000, 0x0000000085e00000| Untracked 
|  95|0x0000000085f00000, 0x0000000086000000, 0x0000000086000000|100%| O|  |TAMS 0x0000000086000000, 0x0000000085f00000| Untracked 
|  96|0x0000000086000000, 0x0000000086100000, 0x0000000086100000|100%| O|  |TAMS 0x0000000086100000, 0x0000000086000000| Untracked 
|  97|0x0000000086100000, 0x0000000086200000, 0x0000000086200000|100%| O|  |TAMS 0x0000000086200000, 0x0000000086100000| Untracked 
|  98|0x0000000086200000, 0x0000000086300000, 0x0000000086300000|100%| O|  |TAMS 0x0000000086300000, 0x0000000086200000| Untracked 
|  99|0x0000000086300000, 0x0000000086400000, 0x0000000086400000|100%| O|  |TAMS 0x0000000086400000, 0x0000000086300000| Untracked 
| 100|0x0000000086400000, 0x0000000086500000, 0x0000000086500000|100%| O|  |TAMS 0x0000000086500000, 0x0000000086400000| Untracked 
| 101|0x0000000086500000, 0x0000000086600000, 0x0000000086600000|100%| O|  |TAMS 0x0000000086600000, 0x0000000086500000| Untracked 
| 102|0x0000000086600000, 0x0000000086700000, 0x0000000086700000|100%| O|  |TAMS 0x0000000086700000, 0x0000000086600000| Untracked 
| 103|0x0000000086700000, 0x0000000086800000, 0x0000000086800000|100%| O|  |TAMS 0x0000000086800000, 0x0000000086700000| Untracked 
| 104|0x0000000086800000, 0x0000000086900000, 0x0000000086900000|100%| O|  |TAMS 0x0000000086900000, 0x0000000086800000| Untracked 
| 105|0x0000000086900000, 0x0000000086a00000, 0x0000000086a00000|100%| O|  |TAMS 0x0000000086a00000, 0x0000000086900000| Untracked 
| 106|0x0000000086a00000, 0x0000000086b00000, 0x0000000086b00000|100%| O|  |TAMS 0x0000000086b00000, 0x0000000086a00000| Untracked 
| 107|0x0000000086b00000, 0x0000000086c00000, 0x0000000086c00000|100%| O|  |TAMS 0x0000000086c00000, 0x0000000086b00000| Untracked 
| 108|0x0000000086c00000, 0x0000000086d00000, 0x0000000086d00000|100%| O|  |TAMS 0x0000000086d00000, 0x0000000086c00000| Untracked 
| 109|0x0000000086d00000, 0x0000000086e00000, 0x0000000086e00000|100%| O|  |TAMS 0x0000000086e00000, 0x0000000086d00000| Untracked 
| 110|0x0000000086e00000, 0x0000000086f00000, 0x0000000086f00000|100%| O|  |TAMS 0x0000000086f00000, 0x0000000086e00000| Untracked 
| 111|0x0000000086f00000, 0x0000000087000000, 0x0000000087000000|100%| O|  |TAMS 0x0000000087000000, 0x0000000086f00000| Untracked 
| 112|0x0000000087000000, 0x0000000087100000, 0x0000000087100000|100%| O|  |TAMS 0x0000000087100000, 0x0000000087000000| Untracked 
| 113|0x0000000087100000, 0x0000000087200000, 0x0000000087200000|100%| O|  |TAMS 0x0000000087200000, 0x0000000087100000| Untracked 
| 114|0x0000000087200000, 0x0000000087300000, 0x0000000087300000|100%| O|  |TAMS 0x0000000087300000, 0x0000000087200000| Untracked 
| 115|0x0000000087300000, 0x0000000087400000, 0x0000000087400000|100%| O|  |TAMS 0x0000000087400000, 0x0000000087300000| Untracked 
| 116|0x0000000087400000, 0x0000000087500000, 0x0000000087500000|100%| O|  |TAMS 0x0000000087500000, 0x0000000087400000| Untracked 
| 117|0x0000000087500000, 0x0000000087600000, 0x0000000087600000|100%| O|  |TAMS 0x0000000087600000, 0x0000000087500000| Untracked 
| 118|0x0000000087600000, 0x0000000087700000, 0x0000000087700000|100%| O|  |TAMS 0x0000000087700000, 0x0000000087600000| Untracked 
| 119|0x0000000087700000, 0x0000000087800000, 0x0000000087800000|100%| O|  |TAMS 0x0000000087800000, 0x0000000087700000| Untracked 
| 120|0x0000000087800000, 0x0000000087900000, 0x0000000087900000|100%| O|  |TAMS 0x0000000087900000, 0x0000000087800000| Untracked 
| 121|0x0000000087900000, 0x0000000087a00000, 0x0000000087a00000|100%| O|  |TAMS 0x0000000087a00000, 0x0000000087900000| Untracked 
| 122|0x0000000087a00000, 0x0000000087b00000, 0x0000000087b00000|100%| O|  |TAMS 0x0000000087b00000, 0x0000000087a00000| Untracked 
| 123|0x0000000087b00000, 0x0000000087c00000, 0x0000000087c00000|100%| O|  |TAMS 0x0000000087c00000, 0x0000000087b00000| Untracked 
| 124|0x0000000087c00000, 0x0000000087d00000, 0x0000000087d00000|100%| O|  |TAMS 0x0000000087c00000, 0x0000000087c00000| Untracked 
| 125|0x0000000087d00000, 0x0000000087e00000, 0x0000000087e00000|100%| O|  |TAMS 0x0000000087e00000, 0x0000000087d00000| Untracked 
| 126|0x0000000087e00000, 0x0000000087f00000, 0x0000000087f00000|100%| O|  |TAMS 0x0000000087f00000, 0x0000000087e00000| Untracked 
| 127|0x0000000087f00000, 0x0000000088000000, 0x0000000088000000|100%| O|  |TAMS 0x0000000088000000, 0x0000000087f00000| Untracked 
| 128|0x0000000088000000, 0x0000000088100000, 0x0000000088100000|100%| O|  |TAMS 0x0000000088100000, 0x0000000088000000| Untracked 
| 129|0x0000000088100000, 0x0000000088200000, 0x0000000088200000|100%| O|  |TAMS 0x0000000088200000, 0x0000000088100000| Untracked 
| 130|0x0000000088200000, 0x0000000088300000, 0x0000000088300000|100%| O|  |TAMS 0x0000000088300000, 0x0000000088200000| Untracked 
| 131|0x0000000088300000, 0x0000000088400000, 0x0000000088400000|100%| O|  |TAMS 0x0000000088300000, 0x0000000088300000| Untracked 
| 132|0x0000000088400000, 0x0000000088500000, 0x0000000088500000|100%| O|  |TAMS 0x0000000088500000, 0x0000000088400000| Untracked 
| 133|0x0000000088500000, 0x0000000088600000, 0x0000000088600000|100%| O|  |TAMS 0x0000000088600000, 0x0000000088500000| Untracked 
| 134|0x0000000088600000, 0x0000000088700000, 0x0000000088700000|100%| O|  |TAMS 0x0000000088700000, 0x0000000088600000| Untracked 
| 135|0x0000000088700000, 0x0000000088800000, 0x0000000088800000|100%| O|  |TAMS 0x0000000088800000, 0x0000000088700000| Untracked 
| 136|0x0000000088800000, 0x0000000088900000, 0x0000000088900000|100%| O|  |TAMS 0x0000000088900000, 0x0000000088800000| Untracked 
| 137|0x0000000088900000, 0x0000000088a00000, 0x0000000088a00000|100%| O|  |TAMS 0x0000000088a00000, 0x0000000088900000| Untracked 
| 138|0x0000000088a00000, 0x0000000088b00000, 0x0000000088b00000|100%| O|  |TAMS 0x0000000088b00000, 0x0000000088a00000| Untracked 
| 139|0x0000000088b00000, 0x0000000088c00000, 0x0000000088c00000|100%| O|  |TAMS 0x0000000088c00000, 0x0000000088b00000| Untracked 
| 140|0x0000000088c00000, 0x0000000088d00000, 0x0000000088d00000|100%| O|  |TAMS 0x0000000088d00000, 0x0000000088c00000| Untracked 
| 141|0x0000000088d00000, 0x0000000088e00000, 0x0000000088e00000|100%| O|  |TAMS 0x0000000088e00000, 0x0000000088d00000| Untracked 
| 142|0x0000000088e00000, 0x0000000088f00000, 0x0000000088f00000|100%| O|  |TAMS 0x0000000088f00000, 0x0000000088e00000| Untracked 
| 143|0x0000000088f00000, 0x0000000089000000, 0x0000000089000000|100%| O|  |TAMS 0x0000000089000000, 0x0000000088f00000| Untracked 
| 144|0x0000000089000000, 0x0000000089100000, 0x0000000089100000|100%| O|  |TAMS 0x0000000089100000, 0x0000000089000000| Untracked 
| 145|0x0000000089100000, 0x0000000089200000, 0x0000000089200000|100%| O|  |TAMS 0x0000000089200000, 0x0000000089100000| Untracked 
| 146|0x0000000089200000, 0x0000000089300000, 0x0000000089300000|100%| O|  |TAMS 0x0000000089300000, 0x0000000089200000| Untracked 
| 147|0x0000000089300000, 0x0000000089400000, 0x0000000089400000|100%| O|  |TAMS 0x0000000089400000, 0x0000000089300000| Untracked 
| 148|0x0000000089400000, 0x0000000089500000, 0x0000000089500000|100%| O|  |TAMS 0x0000000089500000, 0x0000000089400000| Untracked 
| 149|0x0000000089500000, 0x0000000089600000, 0x0000000089600000|100%| O|  |TAMS 0x0000000089561c00, 0x0000000089500000| Untracked 
| 150|0x0000000089600000, 0x0000000089700000, 0x0000000089700000|100%| O|  |TAMS 0x0000000089600000, 0x0000000089600000| Untracked 
| 151|0x0000000089700000, 0x000000008972e600, 0x0000000089800000| 18%| O|  |TAMS 0x0000000089700000, 0x0000000089700000| Untracked 
| 152|0x0000000089800000, 0x0000000089800000, 0x0000000089900000|  0%| F|  |TAMS 0x0000000089800000, 0x0000000089800000| Untracked 
| 153|0x0000000089900000, 0x0000000089900000, 0x0000000089a00000|  0%| F|  |TAMS 0x0000000089900000, 0x0000000089900000| Untracked 
| 154|0x0000000089a00000, 0x0000000089a00000, 0x0000000089b00000|  0%| F|  |TAMS 0x0000000089a00000, 0x0000000089a00000| Untracked 
| 155|0x0000000089b00000, 0x0000000089b00000, 0x0000000089c00000|  0%| F|  |TAMS 0x0000000089b00000, 0x0000000089b00000| Untracked 
| 156|0x0000000089c00000, 0x0000000089c00000, 0x0000000089d00000|  0%| F|  |TAMS 0x0000000089c00000, 0x0000000089c00000| Untracked 
| 157|0x0000000089d00000, 0x0000000089d00000, 0x0000000089e00000|  0%| F|  |TAMS 0x0000000089d00000, 0x0000000089d00000| Untracked 
| 158|0x0000000089e00000, 0x0000000089e00000, 0x0000000089f00000|  0%| F|  |TAMS 0x0000000089e00000, 0x0000000089e00000| Untracked 
| 159|0x0000000089f00000, 0x0000000089f00000, 0x000000008a000000|  0%| F|  |TAMS 0x0000000089f00000, 0x0000000089f00000| Untracked 
| 160|0x000000008a000000, 0x000000008a000000, 0x000000008a100000|  0%| F|  |TAMS 0x000000008a000000, 0x000000008a000000| Untracked 
| 161|0x000000008a100000, 0x000000008a100000, 0x000000008a200000|  0%| F|  |TAMS 0x000000008a100000, 0x000000008a100000| Untracked 
| 162|0x000000008a200000, 0x000000008a200000, 0x000000008a300000|  0%| F|  |TAMS 0x000000008a200000, 0x000000008a200000| Untracked 
| 163|0x000000008a300000, 0x000000008a300000, 0x000000008a400000|  0%| F|  |TAMS 0x000000008a300000, 0x000000008a300000| Untracked 
| 164|0x000000008a400000, 0x000000008a400000, 0x000000008a500000|  0%| F|  |TAMS 0x000000008a400000, 0x000000008a400000| Untracked 
| 165|0x000000008a500000, 0x000000008a500000, 0x000000008a600000|  0%| F|  |TAMS 0x000000008a500000, 0x000000008a500000| Untracked 
| 166|0x000000008a600000, 0x000000008a600000, 0x000000008a700000|  0%| F|  |TAMS 0x000000008a600000, 0x000000008a600000| Untracked 
| 167|0x000000008a700000, 0x000000008a700000, 0x000000008a800000|  0%| F|  |TAMS 0x000000008a700000, 0x000000008a700000| Untracked 
| 168|0x000000008a800000, 0x000000008a800000, 0x000000008a900000|  0%| F|  |TAMS 0x000000008a800000, 0x000000008a800000| Untracked 
| 169|0x000000008a900000, 0x000000008a900000, 0x000000008aa00000|  0%| F|  |TAMS 0x000000008a900000, 0x000000008a900000| Untracked 
| 170|0x000000008aa00000, 0x000000008aa00000, 0x000000008ab00000|  0%| F|  |TAMS 0x000000008aa00000, 0x000000008aa00000| Untracked 
| 171|0x000000008ab00000, 0x000000008ab00000, 0x000000008ac00000|  0%| F|  |TAMS 0x000000008ab00000, 0x000000008ab00000| Untracked 
| 172|0x000000008ac00000, 0x000000008ac00000, 0x000000008ad00000|  0%| F|  |TAMS 0x000000008ac00000, 0x000000008ac00000| Untracked 
| 173|0x000000008ad00000, 0x000000008ad00000, 0x000000008ae00000|  0%| F|  |TAMS 0x000000008ad00000, 0x000000008ad00000| Untracked 
| 174|0x000000008ae00000, 0x000000008ae00000, 0x000000008af00000|  0%| F|  |TAMS 0x000000008ae00000, 0x000000008ae00000| Untracked 
| 175|0x000000008af00000, 0x000000008af00000, 0x000000008b000000|  0%| F|  |TAMS 0x000000008af00000, 0x000000008af00000| Untracked 
| 176|0x000000008b000000, 0x000000008b000000, 0x000000008b100000|  0%| F|  |TAMS 0x000000008b000000, 0x000000008b000000| Untracked 
| 177|0x000000008b100000, 0x000000008b100000, 0x000000008b200000|  0%| F|  |TAMS 0x000000008b100000, 0x000000008b100000| Untracked 
| 178|0x000000008b200000, 0x000000008b200000, 0x000000008b300000|  0%| F|  |TAMS 0x000000008b200000, 0x000000008b200000| Untracked 
| 179|0x000000008b300000, 0x000000008b300000, 0x000000008b400000|  0%| F|  |TAMS 0x000000008b300000, 0x000000008b300000| Untracked 
| 180|0x000000008b400000, 0x000000008b400000, 0x000000008b500000|  0%| F|  |TAMS 0x000000008b400000, 0x000000008b400000| Untracked 
| 181|0x000000008b500000, 0x000000008b500000, 0x000000008b600000|  0%| F|  |TAMS 0x000000008b500000, 0x000000008b500000| Untracked 
| 182|0x000000008b600000, 0x000000008b600000, 0x000000008b700000|  0%| F|  |TAMS 0x000000008b600000, 0x000000008b600000| Untracked 
| 183|0x000000008b700000, 0x000000008b700000, 0x000000008b800000|  0%| F|  |TAMS 0x000000008b700000, 0x000000008b700000| Untracked 
| 184|0x000000008b800000, 0x000000008b800000, 0x000000008b900000|  0%| F|  |TAMS 0x000000008b800000, 0x000000008b800000| Untracked 
| 185|0x000000008b900000, 0x000000008b900000, 0x000000008ba00000|  0%| F|  |TAMS 0x000000008b900000, 0x000000008b900000| Untracked 
| 186|0x000000008ba00000, 0x000000008ba00000, 0x000000008bb00000|  0%| F|  |TAMS 0x000000008ba00000, 0x000000008ba00000| Untracked 
| 187|0x000000008bb00000, 0x000000008bb00000, 0x000000008bc00000|  0%| F|  |TAMS 0x000000008bb00000, 0x000000008bb00000| Untracked 
| 188|0x000000008bc00000, 0x000000008bc00000, 0x000000008bd00000|  0%| F|  |TAMS 0x000000008bc00000, 0x000000008bc00000| Untracked 
| 189|0x000000008bd00000, 0x000000008bd00000, 0x000000008be00000|  0%| F|  |TAMS 0x000000008bd00000, 0x000000008bd00000| Untracked 
| 190|0x000000008be00000, 0x000000008be00000, 0x000000008bf00000|  0%| F|  |TAMS 0x000000008be00000, 0x000000008be00000| Untracked 
| 191|0x000000008bf00000, 0x000000008bf00000, 0x000000008c000000|  0%| F|  |TAMS 0x000000008bf00000, 0x000000008bf00000| Untracked 
| 192|0x000000008c000000, 0x000000008c000000, 0x000000008c100000|  0%| F|  |TAMS 0x000000008c000000, 0x000000008c000000| Untracked 
| 193|0x000000008c100000, 0x000000008c100000, 0x000000008c200000|  0%| F|  |TAMS 0x000000008c100000, 0x000000008c100000| Untracked 
| 194|0x000000008c200000, 0x000000008c200000, 0x000000008c300000|  0%| F|  |TAMS 0x000000008c200000, 0x000000008c200000| Untracked 
| 195|0x000000008c300000, 0x000000008c300000, 0x000000008c400000|  0%| F|  |TAMS 0x000000008c300000, 0x000000008c300000| Untracked 
| 196|0x000000008c400000, 0x000000008c400000, 0x000000008c500000|  0%| F|  |TAMS 0x000000008c400000, 0x000000008c400000| Untracked 
| 197|0x000000008c500000, 0x000000008c500000, 0x000000008c600000|  0%| F|  |TAMS 0x000000008c500000, 0x000000008c500000| Untracked 
| 198|0x000000008c600000, 0x000000008c600000, 0x000000008c700000|  0%| F|  |TAMS 0x000000008c600000, 0x000000008c600000| Untracked 
| 199|0x000000008c700000, 0x000000008c700000, 0x000000008c800000|  0%| F|  |TAMS 0x000000008c700000, 0x000000008c700000| Untracked 
| 200|0x000000008c800000, 0x000000008c800000, 0x000000008c900000|  0%| F|  |TAMS 0x000000008c800000, 0x000000008c800000| Untracked 
| 201|0x000000008c900000, 0x000000008c900000, 0x000000008ca00000|  0%| F|  |TAMS 0x000000008c900000, 0x000000008c900000| Untracked 
| 202|0x000000008ca00000, 0x000000008ca00000, 0x000000008cb00000|  0%| F|  |TAMS 0x000000008ca00000, 0x000000008ca00000| Untracked 
| 203|0x000000008cb00000, 0x000000008cb00000, 0x000000008cc00000|  0%| F|  |TAMS 0x000000008cb00000, 0x000000008cb00000| Untracked 
| 204|0x000000008cc00000, 0x000000008cc00000, 0x000000008cd00000|  0%| F|  |TAMS 0x000000008cc00000, 0x000000008cc00000| Untracked 
| 205|0x000000008cd00000, 0x000000008cd00000, 0x000000008ce00000|  0%| F|  |TAMS 0x000000008cd00000, 0x000000008cd00000| Untracked 
| 206|0x000000008ce00000, 0x000000008ce00000, 0x000000008cf00000|  0%| F|  |TAMS 0x000000008ce00000, 0x000000008ce00000| Untracked 
| 207|0x000000008cf00000, 0x000000008cf00000, 0x000000008d000000|  0%| F|  |TAMS 0x000000008cf00000, 0x000000008cf00000| Untracked 
| 208|0x000000008d000000, 0x000000008d000000, 0x000000008d100000|  0%| F|  |TAMS 0x000000008d000000, 0x000000008d000000| Untracked 
| 209|0x000000008d100000, 0x000000008d100000, 0x000000008d200000|  0%| F|  |TAMS 0x000000008d100000, 0x000000008d100000| Untracked 
| 210|0x000000008d200000, 0x000000008d200000, 0x000000008d300000|  0%| F|  |TAMS 0x000000008d200000, 0x000000008d200000| Untracked 
| 211|0x000000008d300000, 0x000000008d300000, 0x000000008d400000|  0%| F|  |TAMS 0x000000008d300000, 0x000000008d300000| Untracked 
| 212|0x000000008d400000, 0x000000008d400000, 0x000000008d500000|  0%| F|  |TAMS 0x000000008d400000, 0x000000008d400000| Untracked 
| 213|0x000000008d500000, 0x000000008d500000, 0x000000008d600000|  0%| F|  |TAMS 0x000000008d500000, 0x000000008d500000| Untracked 
| 214|0x000000008d600000, 0x000000008d65ce20, 0x000000008d700000| 36%| S|CS|TAMS 0x000000008d600000, 0x000000008d600000| Complete 
| 215|0x000000008d700000, 0x000000008d800000, 0x000000008d800000|100%| S|CS|TAMS 0x000000008d700000, 0x000000008d700000| Complete 
| 216|0x000000008d800000, 0x000000008d900000, 0x000000008d900000|100%| S|CS|TAMS 0x000000008d800000, 0x000000008d800000| Complete 
| 217|0x000000008d900000, 0x000000008da00000, 0x000000008da00000|100%| S|CS|TAMS 0x000000008d900000, 0x000000008d900000| Complete 
| 218|0x000000008da00000, 0x000000008da00000, 0x000000008db00000|  0%| F|  |TAMS 0x000000008da00000, 0x000000008da00000| Untracked 
| 219|0x000000008db00000, 0x000000008db00000, 0x000000008dc00000|  0%| F|  |TAMS 0x000000008db00000, 0x000000008db00000| Untracked 
| 220|0x000000008dc00000, 0x000000008dc00000, 0x000000008dd00000|  0%| F|  |TAMS 0x000000008dc00000, 0x000000008dc00000| Untracked 
| 221|0x000000008dd00000, 0x000000008dd00000, 0x000000008de00000|  0%| F|  |TAMS 0x000000008dd00000, 0x000000008dd00000| Untracked 
| 222|0x000000008de00000, 0x000000008de00000, 0x000000008df00000|  0%| F|  |TAMS 0x000000008de00000, 0x000000008de00000| Untracked 
| 223|0x000000008df00000, 0x000000008df00000, 0x000000008e000000|  0%| F|  |TAMS 0x000000008df00000, 0x000000008df00000| Untracked 
| 224|0x000000008e000000, 0x000000008e000000, 0x000000008e100000|  0%| F|  |TAMS 0x000000008e000000, 0x000000008e000000| Untracked 
| 225|0x000000008e100000, 0x000000008e200000, 0x000000008e200000|100%| S|CS|TAMS 0x000000008e100000, 0x000000008e100000| Complete 
| 226|0x000000008e200000, 0x000000008e300000, 0x000000008e300000|100%| S|CS|TAMS 0x000000008e200000, 0x000000008e200000| Complete 
| 227|0x000000008e300000, 0x000000008e400000, 0x000000008e400000|100%| S|CS|TAMS 0x000000008e300000, 0x000000008e300000| Complete 
| 228|0x000000008e400000, 0x000000008e400000, 0x000000008e500000|  0%| F|  |TAMS 0x000000008e400000, 0x000000008e400000| Untracked 
| 229|0x000000008e500000, 0x000000008e500000, 0x000000008e600000|  0%| F|  |TAMS 0x000000008e500000, 0x000000008e500000| Untracked 
| 230|0x000000008e600000, 0x000000008e600000, 0x000000008e700000|  0%| F|  |TAMS 0x000000008e600000, 0x000000008e600000| Untracked 
| 231|0x000000008e700000, 0x000000008e700000, 0x000000008e800000|  0%| F|  |TAMS 0x000000008e700000, 0x000000008e700000| Untracked 
| 232|0x000000008e800000, 0x000000008e800000, 0x000000008e900000|  0%| F|  |TAMS 0x000000008e800000, 0x000000008e800000| Untracked 
| 233|0x000000008e900000, 0x000000008e900000, 0x000000008ea00000|  0%| F|  |TAMS 0x000000008e900000, 0x000000008e900000| Untracked 
| 234|0x000000008ea00000, 0x000000008ea00000, 0x000000008eb00000|  0%| F|  |TAMS 0x000000008ea00000, 0x000000008ea00000| Untracked 
| 235|0x000000008eb00000, 0x000000008eb00000, 0x000000008ec00000|  0%| F|  |TAMS 0x000000008eb00000, 0x000000008eb00000| Untracked 
| 236|0x000000008ec00000, 0x000000008ec00000, 0x000000008ed00000|  0%| F|  |TAMS 0x000000008ec00000, 0x000000008ec00000| Untracked 
| 237|0x000000008ed00000, 0x000000008ed00000, 0x000000008ee00000|  0%| F|  |TAMS 0x000000008ed00000, 0x000000008ed00000| Untracked 
| 238|0x000000008ee00000, 0x000000008ee00000, 0x000000008ef00000|  0%| F|  |TAMS 0x000000008ee00000, 0x000000008ee00000| Untracked 
| 239|0x000000008ef00000, 0x000000008ef00000, 0x000000008f000000|  0%| F|  |TAMS 0x000000008ef00000, 0x000000008ef00000| Untracked 
| 240|0x000000008f000000, 0x000000008f000000, 0x000000008f100000|  0%| F|  |TAMS 0x000000008f000000, 0x000000008f000000| Untracked 
| 241|0x000000008f100000, 0x000000008f100000, 0x000000008f200000|  0%| F|  |TAMS 0x000000008f100000, 0x000000008f100000| Untracked 
| 242|0x000000008f200000, 0x000000008f200000, 0x000000008f300000|  0%| F|  |TAMS 0x000000008f200000, 0x000000008f200000| Untracked 
| 243|0x000000008f300000, 0x000000008f300000, 0x000000008f400000|  0%| F|  |TAMS 0x000000008f300000, 0x000000008f300000| Untracked 
| 244|0x000000008f400000, 0x000000008f400000, 0x000000008f500000|  0%| F|  |TAMS 0x000000008f400000, 0x000000008f400000| Untracked 
| 245|0x000000008f500000, 0x000000008f500000, 0x000000008f600000|  0%| F|  |TAMS 0x000000008f500000, 0x000000008f500000| Untracked 
| 246|0x000000008f600000, 0x000000008f600000, 0x000000008f700000|  0%| F|  |TAMS 0x000000008f600000, 0x000000008f600000| Untracked 
| 247|0x000000008f700000, 0x000000008f700000, 0x000000008f800000|  0%| F|  |TAMS 0x000000008f700000, 0x000000008f700000| Untracked 
| 248|0x000000008f800000, 0x000000008f800000, 0x000000008f900000|  0%| F|  |TAMS 0x000000008f800000, 0x000000008f800000| Untracked 
| 249|0x000000008f900000, 0x000000008f900000, 0x000000008fa00000|  0%| F|  |TAMS 0x000000008f900000, 0x000000008f900000| Untracked 
| 250|0x000000008fa00000, 0x000000008fa00000, 0x000000008fb00000|  0%| F|  |TAMS 0x000000008fa00000, 0x000000008fa00000| Untracked 
| 251|0x000000008fb00000, 0x000000008fb00000, 0x000000008fc00000|  0%| F|  |TAMS 0x000000008fb00000, 0x000000008fb00000| Untracked 
| 252|0x000000008fc00000, 0x000000008fc00000, 0x000000008fd00000|  0%| F|  |TAMS 0x000000008fc00000, 0x000000008fc00000| Untracked 
| 253|0x000000008fd00000, 0x000000008fd00000, 0x000000008fe00000|  0%| F|  |TAMS 0x000000008fd00000, 0x000000008fd00000| Untracked 
| 254|0x000000008fe00000, 0x000000008fe00000, 0x000000008ff00000|  0%| F|  |TAMS 0x000000008fe00000, 0x000000008fe00000| Untracked 
| 255|0x000000008ff00000, 0x000000008ff00000, 0x0000000090000000|  0%| F|  |TAMS 0x000000008ff00000, 0x000000008ff00000| Untracked 
| 256|0x0000000090000000, 0x0000000090000000, 0x0000000090100000|  0%| F|  |TAMS 0x0000000090000000, 0x0000000090000000| Untracked 
| 257|0x0000000090100000, 0x0000000090100000, 0x0000000090200000|  0%| F|  |TAMS 0x0000000090100000, 0x0000000090100000| Untracked 
| 258|0x0000000090200000, 0x0000000090200000, 0x0000000090300000|  0%| F|  |TAMS 0x0000000090200000, 0x0000000090200000| Untracked 
| 259|0x0000000090300000, 0x0000000090300000, 0x0000000090400000|  0%| F|  |TAMS 0x0000000090300000, 0x0000000090300000| Untracked 
| 260|0x0000000090400000, 0x0000000090400000, 0x0000000090500000|  0%| F|  |TAMS 0x0000000090400000, 0x0000000090400000| Untracked 
| 261|0x0000000090500000, 0x0000000090500000, 0x0000000090600000|  0%| F|  |TAMS 0x0000000090500000, 0x0000000090500000| Untracked 
| 262|0x0000000090600000, 0x0000000090600000, 0x0000000090700000|  0%| F|  |TAMS 0x0000000090600000, 0x0000000090600000| Untracked 
| 263|0x0000000090700000, 0x0000000090700000, 0x0000000090800000|  0%| F|  |TAMS 0x0000000090700000, 0x0000000090700000| Untracked 
| 264|0x0000000090800000, 0x0000000090800000, 0x0000000090900000|  0%| F|  |TAMS 0x0000000090800000, 0x0000000090800000| Untracked 
| 265|0x0000000090900000, 0x0000000090900000, 0x0000000090a00000|  0%| F|  |TAMS 0x0000000090900000, 0x0000000090900000| Untracked 
| 266|0x0000000090a00000, 0x0000000090a00000, 0x0000000090b00000|  0%| F|  |TAMS 0x0000000090a00000, 0x0000000090a00000| Untracked 
| 267|0x0000000090b00000, 0x0000000090b00000, 0x0000000090c00000|  0%| F|  |TAMS 0x0000000090b00000, 0x0000000090b00000| Untracked 
| 268|0x0000000090c00000, 0x0000000090c00000, 0x0000000090d00000|  0%| F|  |TAMS 0x0000000090c00000, 0x0000000090c00000| Untracked 
| 269|0x0000000090d00000, 0x0000000090d00000, 0x0000000090e00000|  0%| F|  |TAMS 0x0000000090d00000, 0x0000000090d00000| Untracked 
| 270|0x0000000090e00000, 0x0000000090e00000, 0x0000000090f00000|  0%| F|  |TAMS 0x0000000090e00000, 0x0000000090e00000| Untracked 
| 271|0x0000000090f00000, 0x0000000090f00000, 0x0000000091000000|  0%| F|  |TAMS 0x0000000090f00000, 0x0000000090f00000| Untracked 
| 272|0x0000000091000000, 0x0000000091000000, 0x0000000091100000|  0%| F|  |TAMS 0x0000000091000000, 0x0000000091000000| Untracked 
| 273|0x0000000091100000, 0x0000000091100000, 0x0000000091200000|  0%| F|  |TAMS 0x0000000091100000, 0x0000000091100000| Untracked 
| 274|0x0000000091200000, 0x0000000091200000, 0x0000000091300000|  0%| F|  |TAMS 0x0000000091200000, 0x0000000091200000| Untracked 
| 275|0x0000000091300000, 0x0000000091300000, 0x0000000091400000|  0%| F|  |TAMS 0x0000000091300000, 0x0000000091300000| Untracked 
| 276|0x0000000091400000, 0x0000000091400000, 0x0000000091500000|  0%| F|  |TAMS 0x0000000091400000, 0x0000000091400000| Untracked 
| 277|0x0000000091500000, 0x0000000091500000, 0x0000000091600000|  0%| F|  |TAMS 0x0000000091500000, 0x0000000091500000| Untracked 
| 278|0x0000000091600000, 0x0000000091600000, 0x0000000091700000|  0%| F|  |TAMS 0x0000000091600000, 0x0000000091600000| Untracked 
| 279|0x0000000091700000, 0x0000000091700000, 0x0000000091800000|  0%| F|  |TAMS 0x0000000091700000, 0x0000000091700000| Untracked 
| 280|0x0000000091800000, 0x0000000091800000, 0x0000000091900000|  0%| F|  |TAMS 0x0000000091800000, 0x0000000091800000| Untracked 
| 281|0x0000000091900000, 0x0000000091900000, 0x0000000091a00000|  0%| F|  |TAMS 0x0000000091900000, 0x0000000091900000| Untracked 
| 282|0x0000000091a00000, 0x0000000091a00000, 0x0000000091b00000|  0%| F|  |TAMS 0x0000000091a00000, 0x0000000091a00000| Untracked 
| 283|0x0000000091b00000, 0x0000000091b00000, 0x0000000091c00000|  0%| F|  |TAMS 0x0000000091b00000, 0x0000000091b00000| Untracked 
| 284|0x0000000091c00000, 0x0000000091c00000, 0x0000000091d00000|  0%| F|  |TAMS 0x0000000091c00000, 0x0000000091c00000| Untracked 
| 285|0x0000000091d00000, 0x0000000091d00000, 0x0000000091e00000|  0%| F|  |TAMS 0x0000000091d00000, 0x0000000091d00000| Untracked 
| 286|0x0000000091e00000, 0x0000000091e00000, 0x0000000091f00000|  0%| F|  |TAMS 0x0000000091e00000, 0x0000000091e00000| Untracked 
| 287|0x0000000091f00000, 0x0000000091f00000, 0x0000000092000000|  0%| F|  |TAMS 0x0000000091f00000, 0x0000000091f00000| Untracked 
| 288|0x0000000092000000, 0x0000000092000000, 0x0000000092100000|  0%| F|  |TAMS 0x0000000092000000, 0x0000000092000000| Untracked 
| 289|0x0000000092100000, 0x0000000092100000, 0x0000000092200000|  0%| F|  |TAMS 0x0000000092100000, 0x0000000092100000| Untracked 
| 290|0x0000000092200000, 0x0000000092200000, 0x0000000092300000|  0%| F|  |TAMS 0x0000000092200000, 0x0000000092200000| Untracked 
| 291|0x0000000092300000, 0x0000000092300000, 0x0000000092400000|  0%| F|  |TAMS 0x0000000092300000, 0x0000000092300000| Untracked 
| 292|0x0000000092400000, 0x0000000092400000, 0x0000000092500000|  0%| F|  |TAMS 0x0000000092400000, 0x0000000092400000| Untracked 
| 293|0x0000000092500000, 0x0000000092500000, 0x0000000092600000|  0%| F|  |TAMS 0x0000000092500000, 0x0000000092500000| Untracked 
| 294|0x0000000092600000, 0x0000000092600000, 0x0000000092700000|  0%| F|  |TAMS 0x0000000092600000, 0x0000000092600000| Untracked 
| 295|0x0000000092700000, 0x0000000092700000, 0x0000000092800000|  0%| F|  |TAMS 0x0000000092700000, 0x0000000092700000| Untracked 
| 296|0x0000000092800000, 0x0000000092800000, 0x0000000092900000|  0%| F|  |TAMS 0x0000000092800000, 0x0000000092800000| Untracked 
| 297|0x0000000092900000, 0x0000000092900000, 0x0000000092a00000|  0%| F|  |TAMS 0x0000000092900000, 0x0000000092900000| Untracked 
| 298|0x0000000092a00000, 0x0000000092a00000, 0x0000000092b00000|  0%| F|  |TAMS 0x0000000092a00000, 0x0000000092a00000| Untracked 
| 299|0x0000000092b00000, 0x0000000092b00000, 0x0000000092c00000|  0%| F|  |TAMS 0x0000000092b00000, 0x0000000092b00000| Untracked 
| 300|0x0000000092c00000, 0x0000000092c00000, 0x0000000092d00000|  0%| F|  |TAMS 0x0000000092c00000, 0x0000000092c00000| Untracked 
| 301|0x0000000092d00000, 0x0000000092d00000, 0x0000000092e00000|  0%| F|  |TAMS 0x0000000092d00000, 0x0000000092d00000| Untracked 
| 302|0x0000000092e00000, 0x0000000092e00000, 0x0000000092f00000|  0%| F|  |TAMS 0x0000000092e00000, 0x0000000092e00000| Untracked 
| 303|0x0000000092f00000, 0x0000000092f00000, 0x0000000093000000|  0%| F|  |TAMS 0x0000000092f00000, 0x0000000092f00000| Untracked 
| 304|0x0000000093000000, 0x0000000093000000, 0x0000000093100000|  0%| F|  |TAMS 0x0000000093000000, 0x0000000093000000| Untracked 
| 305|0x0000000093100000, 0x0000000093100000, 0x0000000093200000|  0%| F|  |TAMS 0x0000000093100000, 0x0000000093100000| Untracked 
| 306|0x0000000093200000, 0x0000000093200000, 0x0000000093300000|  0%| F|  |TAMS 0x0000000093200000, 0x0000000093200000| Untracked 

Card table byte_map: [0x0000000016530000,0x0000000016930000] _byte_map_base: 0x0000000016130000

Marking Bits (Prev, Next): (CMBitMap*) 0x0000000016053a80, (CMBitMap*) 0x0000000016053a48
 Prev Bits: [0x0000000018d30000, 0x000000001ad30000)
 Next Bits: [0x0000000016d30000, 0x0000000018d30000)

Polling page: 0x0000000000230000

Metaspace:

Usage:
  Non-class:     82.23 MB capacity,    80.74 MB ( 98%) used,     1.21 MB (  1%) free+waste,   287.25 KB ( <1%) overhead. 
      Class:     13.10 MB capacity,    12.20 MB ( 93%) used,   793.02 KB (  6%) free+waste,   131.38 KB ( <1%) overhead. 
       Both:     95.33 MB capacity,    92.94 MB ( 97%) used,     1.98 MB (  2%) free+waste,   418.63 KB ( <1%) overhead. 

Virtual space:
  Non-class space:       86.00 MB reserved,      84.50 MB ( 98%) committed 
      Class space:        1.00 GB reserved,      14.57 MB (  1%) committed 
             Both:        1.08 GB reserved,      99.07 MB (  9%) committed 

Chunk freelists:
   Non-Class:  2.08 MB
       Class:  1.46 MB
        Both:  3.54 MB

MaxMetaspaceSize: 17179869184.00 GB
CompressedClassSpaceSize: 1.00 GB

CodeHeap 'non-profiled nmethods': size=120000Kb used=8566Kb max_used=8566Kb free=111433Kb
 bounds [0x000000000de20000, 0x000000000e680000, 0x0000000015350000]
CodeHeap 'profiled nmethods': size=120000Kb used=28755Kb max_used=28755Kb free=91244Kb
 bounds [0x00000000068f0000, 0x0000000008510000, 0x000000000de20000]
CodeHeap 'non-nmethods': size=5760Kb used=2282Kb max_used=2350Kb free=3477Kb
 bounds [0x0000000006350000, 0x00000000065c0000, 0x00000000068f0000]
 total_blobs=13249 nmethods=12344 adapters=816
 compilation: enabled
              stopped_count=0, restarted_count=0
 full_count=0

Compilation events (20 events):
Event: 48.198 Thread 0x0000000062e1c000 nmethod 12531 0x000000000e679210 code [0x000000000e6793e0, 0x000000000e67a018]
Event: 48.198 Thread 0x0000000062e1c000 12639       4       com.android.tools.r8.internal.h8::a (80 bytes)
Event: 48.202 Thread 0x000000005ea48800 nmethod 12652 0x000000000e67a310 code [0x000000000e67a5a0, 0x000000000e67b1b0]
Event: 48.202 Thread 0x000000005ea48800 12671       4       java.util.LinkedList::toArray (39 bytes)
Event: 48.206 Thread 0x000000005ea48800 nmethod 12671 0x000000000e67c490 code [0x000000000e67c620, 0x000000000e67c918]
Event: 48.206 Thread 0x000000005ea48800 12523       4       com.android.tools.r8.internal.UC::b (682 bytes)
Event: 48.210 Thread 0x000000005ea51800 nmethod 12698% 0x00000000084d8390 code [0x00000000084d99e0, 0x00000000084e9e88]
Event: 48.210 Thread 0x000000005ea51800 12707       3       com.android.tools.r8.internal.Wi::a (207 bytes)
Event: 48.211 Thread 0x000000005ea51800 nmethod 12707 0x00000000084ef490 code [0x00000000084ef760, 0x00000000084f0808]
Event: 48.211 Thread 0x000000005ea51800 12695       3       com.android.tools.r8.internal.h2::a (360 bytes)
Event: 48.212 Thread 0x000000005ea51800 nmethod 12695 0x00000000084f0f10 code [0x00000000084f11e0, 0x00000000084f2228]
Event: 48.212 Thread 0x000000005ea51800 12664       2       com.android.tools.r8.internal.E7::p (1053 bytes)
Event: 48.214 Thread 0x0000000062e1c000 nmethod 12639 0x000000000e67ca10 code [0x000000000e67cc00, 0x000000000e67d378]
Event: 48.214 Thread 0x0000000062e1c000 12714       4       com.android.tools.r8.internal.nh::a (990 bytes)
Event: 48.220 Thread 0x000000005ea51800 nmethod 12664 0x00000000084f2690 code [0x00000000084f2de0, 0x00000000084f5e68]
Event: 48.221 Thread 0x000000005ea51800 12722       3       com.android.tools.r8.ir.regalloc.a::a (1373 bytes)
Event: 48.231 Thread 0x000000005ea51800 nmethod 12722 0x00000000084f8410 code [0x00000000084f9160, 0x0000000008502d28]
Event: 48.231 Thread 0x000000005ea51800 12725 %     3       java.util.ArrayDeque::grow @ 145 (165 bytes)
Event: 48.232 Thread 0x000000005ea51800 nmethod 12725% 0x0000000008505910 code [0x0000000008505b40, 0x0000000008506308]
Event: 48.232 Thread 0x000000005ea51800 12726 %     3       com.android.tools.r8.ir.regalloc.a::a @ 683 (1824 bytes)

GC Heap History (20 events):
Event: 47.246 GC heap after
{Heap after GC invocations=33 (full 0):
 garbage-first heap   total 196608K, used 150501K [0x0000000080000000, 0x0000000100000000)
  region size 1024K, 3 young (3072K), 3 survivors (3072K)
 Metaspace       used 96356K, capacity 99820K, committed 100684K, reserved 1134592K
  class space    used 13118K, capacity 14597K, committed 14924K, reserved 1048576K
}
Event: 47.310 GC heap before
{Heap before GC invocations=33 (full 0):
 garbage-first heap   total 196608K, used 169957K [0x0000000080000000, 0x0000000100000000)
  region size 1024K, 22 young (22528K), 3 survivors (3072K)
 Metaspace       used 94333K, capacity 96724K, committed 100684K, reserved 1134592K
  class space    used 12392K, capacity 13284K, committed 14924K, reserved 1048576K
}
Event: 47.314 GC heap after
{Heap after GC invocations=34 (full 0):
 garbage-first heap   total 196608K, used 150851K [0x0000000080000000, 0x0000000100000000)
  region size 1024K, 2 young (2048K), 2 survivors (2048K)
 Metaspace       used 94333K, capacity 96724K, committed 100684K, reserved 1134592K
  class space    used 12392K, capacity 13284K, committed 14924K, reserved 1048576K
}
Event: 47.355 GC heap before
{Heap before GC invocations=34 (full 0):
 garbage-first heap   total 196608K, used 170307K [0x0000000080000000, 0x0000000100000000)
  region size 1024K, 21 young (21504K), 2 survivors (2048K)
 Metaspace       used 94374K, capacity 96736K, committed 100684K, reserved 1134592K
  class space    used 12395K, capacity 13288K, committed 14924K, reserved 1048576K
}
Event: 47.359 GC heap after
{Heap after GC invocations=35 (full 0):
 garbage-first heap   total 196608K, used 151778K [0x0000000080000000, 0x0000000100000000)
  region size 1024K, 2 young (2048K), 2 survivors (2048K)
 Metaspace       used 94374K, capacity 96736K, committed 100684K, reserved 1134592K
  class space    used 12395K, capacity 13288K, committed 14924K, reserved 1048576K
}
Event: 47.392 GC heap before
{Heap before GC invocations=36 (full 0):
 garbage-first heap   total 196608K, used 170210K [0x0000000080000000, 0x0000000100000000)
  region size 1024K, 20 young (20480K), 2 survivors (2048K)
 Metaspace       used 94376K, capacity 96736K, committed 100684K, reserved 1134592K
  class space    used 12395K, capacity 13288K, committed 14924K, reserved 1048576K
}
Event: 47.396 GC heap after
{Heap after GC invocations=37 (full 0):
 garbage-first heap   total 196608K, used 152584K [0x0000000080000000, 0x0000000100000000)
  region size 1024K, 3 young (3072K), 3 survivors (3072K)
 Metaspace       used 94376K, capacity 96736K, committed 100684K, reserved 1134592K
  class space    used 12395K, capacity 13288K, committed 14924K, reserved 1048576K
}
Event: 47.406 GC heap before
{Heap before GC invocations=37 (full 0):
 garbage-first heap   total 196608K, used 157704K [0x0000000080000000, 0x0000000100000000)
  region size 1024K, 9 young (9216K), 3 survivors (3072K)
 Metaspace       used 94379K, capacity 96739K, committed 100684K, reserved 1134592K
  class space    used 12395K, capacity 13289K, committed 14924K, reserved 1048576K
}
Event: 47.411 GC heap after
{Heap after GC invocations=38 (full 0):
 garbage-first heap   total 196608K, used 151499K [0x0000000080000000, 0x0000000100000000)
  region size 1024K, 1 young (1024K), 1 survivors (1024K)
 Metaspace       used 94379K, capacity 96739K, committed 100684K, reserved 1134592K
  class space    used 12395K, capacity 13289K, committed 14924K, reserved 1048576K
}
Event: 47.445 GC heap before
{Heap before GC invocations=38 (full 0):
 garbage-first heap   total 196608K, used 168907K [0x0000000080000000, 0x0000000100000000)
  region size 1024K, 19 young (19456K), 1 survivors (1024K)
 Metaspace       used 94400K, capacity 96751K, committed 100684K, reserved 1134592K
  class space    used 12400K, capacity 13293K, committed 14924K, reserved 1048576K
}
Event: 47.448 GC heap after
{Heap after GC invocations=39 (full 0):
 garbage-first heap   total 196608K, used 152346K [0x0000000080000000, 0x0000000100000000)
  region size 1024K, 2 young (2048K), 2 survivors (2048K)
 Metaspace       used 94400K, capacity 96751K, committed 100684K, reserved 1134592K
  class space    used 12400K, capacity 13293K, committed 14924K, reserved 1048576K
}
Event: 47.485 GC heap before
{Heap before GC invocations=39 (full 0):
 garbage-first heap   total 196608K, used 170778K [0x0000000080000000, 0x0000000100000000)
  region size 1024K, 20 young (20480K), 2 survivors (2048K)
 Metaspace       used 94409K, capacity 96815K, committed 100684K, reserved 1134592K
  class space    used 12400K, capacity 13293K, committed 14924K, reserved 1048576K
}
Event: 47.490 GC heap after
{Heap after GC invocations=40 (full 0):
 garbage-first heap   total 314368K, used 153669K [0x0000000080000000, 0x0000000100000000)
  region size 1024K, 3 young (3072K), 3 survivors (3072K)
 Metaspace       used 94409K, capacity 96815K, committed 100684K, reserved 1134592K
  class space    used 12400K, capacity 13293K, committed 14924K, reserved 1048576K
}
Event: 47.718 GC heap before
{Heap before GC invocations=41 (full 0):
 garbage-first heap   total 314368K, used 220229K [0x0000000080000000, 0x0000000100000000)
  region size 1024K, 68 young (69632K), 3 survivors (3072K)
 Metaspace       used 94582K, capacity 96993K, committed 100940K, reserved 1134592K
  class space    used 12415K, capacity 13331K, committed 14924K, reserved 1048576K
}
Event: 47.723 GC heap after
{Heap after GC invocations=42 (full 0):
 garbage-first heap   total 314368K, used 155761K [0x0000000080000000, 0x0000000100000000)
  region size 1024K, 5 young (5120K), 5 survivors (5120K)
 Metaspace       used 94582K, capacity 96993K, committed 100940K, reserved 1134592K
  class space    used 12415K, capacity 13331K, committed 14924K, reserved 1048576K
}
Event: 47.859 GC heap before
{Heap before GC invocations=42 (full 0):
 garbage-first heap   total 314368K, used 227441K [0x0000000080000000, 0x0000000100000000)
  region size 1024K, 75 young (76800K), 5 survivors (5120K)
 Metaspace       used 94830K, capacity 97267K, committed 101196K, reserved 1136640K
  class space    used 12460K, capacity 13380K, committed 14924K, reserved 1048576K
}
Event: 47.866 GC heap after
{Heap after GC invocations=43 (full 0):
 garbage-first heap   total 314368K, used 157422K [0x0000000080000000, 0x0000000100000000)
  region size 1024K, 7 young (7168K), 7 survivors (7168K)
 Metaspace       used 94830K, capacity 97267K, committed 101196K, reserved 1136640K
  class space    used 12460K, capacity 13380K, committed 14924K, reserved 1048576K
}
Event: 48.041 GC heap before
{Heap before GC invocations=43 (full 0):
 garbage-first heap   total 314368K, used 233198K [0x0000000080000000, 0x0000000100000000)
  region size 1024K, 81 young (82944K), 7 survivors (7168K)
 Metaspace       used 94987K, capacity 97422K, committed 101196K, reserved 1136640K
  class space    used 12470K, capacity 13388K, committed 14924K, reserved 1048576K
}
Event: 48.049 GC heap after
{Heap after GC invocations=44 (full 0):
 garbage-first heap   total 314368K, used 159375K [0x0000000080000000, 0x0000000100000000)
  region size 1024K, 8 young (8192K), 8 survivors (8192K)
 Metaspace       used 94987K, capacity 97422K, committed 101196K, reserved 1136640K
  class space    used 12470K, capacity 13388K, committed 14924K, reserved 1048576K
}
Event: 48.233 GC heap before
{Heap before GC invocations=45 (full 0):
 garbage-first heap   total 314368K, used 238223K [0x0000000080000000, 0x0000000100000000)
  region size 1024K, 86 young (88064K), 8 survivors (8192K)
 Metaspace       used 95169K, capacity 97620K, committed 101452K, reserved 1136640K
  class space    used 12488K, capacity 13413K, committed 14924K, reserved 1048576K
}

Deoptimization events (20 events):
Event: 48.071 Thread 0x00000000696dd000 DEOPT PACKING pc=0x0000000008196e3e sp=0x000000006ca69a60
Event: 48.071 Thread 0x00000000696dd000 DEOPT UNPACKING pc=0x00000000063769bf sp=0x000000006ca69000 mode 0
Event: 48.072 Thread 0x0000000063d89800 DEOPT PACKING pc=0x00000000081992bc sp=0x000000006c29a000
Event: 48.072 Thread 0x0000000063d89800 DEOPT UNPACKING pc=0x00000000063769bf sp=0x000000006c2995f8 mode 0
Event: 48.090 Thread 0x0000000063d89800 DEOPT PACKING pc=0x00000000083a50ae sp=0x000000006c29a260
Event: 48.090 Thread 0x0000000063d89800 DEOPT UNPACKING pc=0x00000000063769bf sp=0x000000006c2996d8 mode 0
Event: 48.094 Thread 0x0000000063d8d800 Uncommon trap: trap_request=0xffffff4d fr.pc=0x000000000e630b38 relative=0x0000000000000898
Event: 48.094 Thread 0x0000000063d8d800 Uncommon trap: reason=unstable_if action=reinterpret pc=0x000000000e630b38 method=java.lang.Boolean.compare(ZZ)I @ 2 c2
Event: 48.094 Thread 0x0000000063d8d800 DEOPT PACKING pc=0x000000000e630b38 sp=0x000000006c909ac0
Event: 48.094 Thread 0x0000000063d8d800 DEOPT UNPACKING pc=0x0000000006376ba9 sp=0x000000006c909948 mode 2
Event: 48.119 Thread 0x00000000696dc000 DEOPT PACKING pc=0x00000000083a50ae sp=0x000000006bff8fd0
Event: 48.119 Thread 0x00000000696dc000 DEOPT UNPACKING pc=0x00000000063769bf sp=0x000000006bff8448 mode 0
Event: 48.123 Thread 0x00000000696dd000 DEOPT PACKING pc=0x00000000083acb92 sp=0x000000006ca695b0
Event: 48.124 Thread 0x00000000696dd000 DEOPT UNPACKING pc=0x00000000063769bf sp=0x000000006ca68e68 mode 0
Event: 48.162 Thread 0x0000000063d89800 DEOPT PACKING pc=0x00000000083a50ae sp=0x000000006c299550
Event: 48.162 Thread 0x0000000063d89800 DEOPT UNPACKING pc=0x00000000063769bf sp=0x000000006c2989c8 mode 0
Event: 48.220 Thread 0x00000000696dd000 DEOPT PACKING pc=0x000000000839613f sp=0x000000006ca69830
Event: 48.220 Thread 0x00000000696dd000 DEOPT UNPACKING pc=0x00000000063769bf sp=0x000000006ca68ec0 mode 0
Event: 48.220 Thread 0x0000000063d89000 DEOPT PACKING pc=0x000000000812b49a sp=0x000000006c0f95a0
Event: 48.220 Thread 0x0000000063d89000 DEOPT UNPACKING pc=0x00000000063769bf sp=0x000000006c0f8d20 mode 0

Classes redefined (0 events):
No events

Internal exceptions (20 events):
Event: 45.792 Thread 0x0000000067745800 Exception <a 'java/lang/NoSuchMethodError'{0x000000008bf4e730}: 'java.lang.Object java.lang.invoke.DirectMethodHandle$Holder.invokeVirtual(java.lang.Object, java.lang.Object, int, java.lang.Object)'> (0x000000008bf4e730) thrown at [./src/hotspot/share/interpreter/linkResolver.cpp, line 773]
Event: 45.792 Thread 0x0000000063d88000 Exception <a 'java/lang/NoSuchMethodError'{0x000000008bf68c80}: 'java.lang.Object java.lang.invoke.DirectMethodHandle$Holder.invokeVirtual(java.lang.Object, java.lang.Object, int, java.lang.Object)'> (0x000000008bf68c80) thrown at [./src/hotspot/share/interpreter/linkResolver.cpp, line 773]
Event: 45.792 Thread 0x0000000063d89000 Exception <a 'java/lang/NoSuchMethodError'{0x000000008bf225b8}: 'java.lang.Object java.lang.invoke.DirectMethodHandle$Holder.invokeVirtual(java.lang.Object, java.lang.Object, int, java.lang.Object)'> (0x000000008bf225b8) thrown at [./src/hotspot/share/interpreter/linkResolver.cpp, line 773]
Event: 45.792 Thread 0x0000000063d89800 Exception <a 'java/lang/NoSuchMethodError'{0x000000008bf17f68}: 'java.lang.Object java.lang.invoke.DirectMethodHandle$Holder.invokeVirtual(java.lang.Object, java.lang.Object, int, java.lang.Object)'> (0x000000008bf17f68) thrown at [./src/hotspot/share/interpreter/linkResolver.cpp, line 773]
Event: 45.792 Thread 0x0000000063d8c000 Exception <a 'java/lang/NoSuchMethodError'{0x000000008bf05e58}: 'java.lang.Object java.lang.invoke.DirectMethodHandle$Holder.invokeVirtual(java.lang.Object, java.lang.Object, int, java.lang.Object)'> (0x000000008bf05e58) thrown at [./src/hotspot/share/interpreter/linkResolver.cpp, line 773]
Event: 45.792 Thread 0x0000000063d8b000 Exception <a 'java/lang/NoSuchMethodError'{0x000000008bf52ef0}: 'java.lang.Object java.lang.invoke.DirectMethodHandle$Holder.invokeVirtual(java.lang.Object, java.lang.Object, int, java.lang.Object)'> (0x000000008bf52ef0) thrown at [./src/hotspot/share/interpreter/linkResolver.cpp, line 773]
Event: 45.792 Thread 0x0000000063d8d000 Exception <a 'java/lang/NoSuchMethodError'{0x000000008bf070e8}: 'java.lang.Object java.lang.invoke.DirectMethodHandle$Holder.invokeVirtual(java.lang.Object, java.lang.Object, int, java.lang.Object)'> (0x000000008bf070e8) thrown at [./src/hotspot/share/interpreter/linkResolver.cpp, line 773]
Event: 45.792 Thread 0x00000000696dc000 Exception <a 'java/lang/NoSuchMethodError'{0x000000008bf266e8}: 'java.lang.Object java.lang.invoke.DirectMethodHandle$Holder.invokeVirtual(java.lang.Object, java.lang.Object, int, java.lang.Object)'> (0x000000008bf266e8) thrown at [./src/hotspot/share/interpreter/linkResolver.cpp, line 773]
Event: 45.792 Thread 0x0000000063d87000 Exception <a 'java/lang/NoSuchMethodError'{0x000000008bf5e630}: 'java.lang.Object java.lang.invoke.DirectMethodHandle$Holder.invokeVirtual(java.lang.Object, java.lang.Object, int, java.lang.Object)'> (0x000000008bf5e630) thrown at [./src/hotspot/share/interpreter/linkResolver.cpp, line 773]
Event: 46.025 Thread 0x0000000063d88000 Exception <a 'java/lang/NoSuchMethodError'{0x000000008bfa00d8}: 'void java.lang.invoke.DirectMethodHandle$Holder.invokeVirtual(java.lang.Object, java.lang.Object, int, java.lang.Object)'> (0x000000008bfa00d8) thrown at [./src/hotspot/share/interpreter/linkResolver.cpp, line 773]
Event: 46.025 Thread 0x0000000063d89000 Exception <a 'java/lang/NoSuchMethodError'{0x000000008be3fb70}: 'void java.lang.invoke.DirectMethodHandle$Holder.invokeVirtual(java.lang.Object, java.lang.Object, int, java.lang.Object)'> (0x000000008be3fb70) thrown at [./src/hotspot/share/interpreter/linkResolver.cpp, line 773]
Event: 46.025 Thread 0x0000000067745800 Exception <a 'java/lang/NoSuchMethodError'{0x000000008bfce460}: 'void java.lang.invoke.DirectMethodHandle$Holder.invokeVirtual(java.lang.Object, java.lang.Object, int, java.lang.Object)'> (0x000000008bfce460) thrown at [./src/hotspot/share/interpreter/linkResolver.cpp, line 773]
Event: 46.025 Thread 0x0000000063d8d800 Exception <a 'java/lang/NoSuchMethodError'{0x000000008bfa4d90}: 'void java.lang.invoke.DirectMethodHandle$Holder.invokeVirtual(java.lang.Object, java.lang.Object, int, java.lang.Object)'> (0x000000008bfa4d90) thrown at [./src/hotspot/share/interpreter/linkResolver.cpp, line 773]
Event: 46.025 Thread 0x00000000696dc000 Exception <a 'java/lang/NoSuchMethodError'{0x000000008bf2f428}: 'void java.lang.invoke.DirectMethodHandle$Holder.invokeVirtual(java.lang.Object, java.lang.Object, int, java.lang.Object)'> (0x000000008bf2f428) thrown at [./src/hotspot/share/interpreter/linkResolver.cpp, line 773]
Event: 46.025 Thread 0x0000000063d87000 Exception <a 'java/lang/NoSuchMethodError'{0x000000008be3a0c8}: 'void java.lang.invoke.DirectMethodHandle$Holder.invokeVirtual(java.lang.Object, java.lang.Object, int, java.lang.Object)'> (0x000000008be3a0c8) thrown at [./src/hotspot/share/interpreter/linkResolver.cpp, line 773]
Event: 46.025 Thread 0x00000000696dd000 Exception <a 'java/lang/NoSuchMethodError'{0x000000008bd1c228}: 'void java.lang.invoke.DirectMethodHandle$Holder.invokeVirtual(java.lang.Object, java.lang.Object, int, java.lang.Object)'> (0x000000008bd1c228) thrown at [./src/hotspot/share/interpreter/linkResolver.cpp, line 773]
Event: 46.695 Thread 0x0000000063d8d800 Exception <a 'java/lang/NoSuchMethodError'{0x000000008b003020}: 'java.lang.Object java.lang.invoke.DirectMethodHandle$Holder.invokeInterface(java.lang.Object, java.lang.Object, int)'> (0x000000008b003020) thrown at [./src/hotspot/share/interpreter/linkResolver.cpp, line 773]
Event: 47.297 Thread 0x00000000696dd000 Exception <a 'java/lang/NoSuchMethodError'{0x000000008b18e5f0}: 'int java.lang.invoke.DirectMethodHandle$Holder.invokeInterface(java.lang.Object, java.lang.Object, int)'> (0x000000008b18e5f0) thrown at [./src/hotspot/share/interpreter/linkResolver.cpp, line 773]
Event: 48.050 Thread 0x0000000063d8c000 Exception <a 'java/lang/IncompatibleClassChangeError'{0x000000009325bba0}: Found class java.lang.Object, but interface was expected> (0x000000009325bba0) thrown at [./src/hotspot/share/interpreter/linkResolver.cpp, line 839]
Event: 48.050 Thread 0x0000000063d88000 Exception <a 'java/lang/IncompatibleClassChangeError'{0x0000000093287c08}: Found class java.lang.Object, but interface was expected> (0x0000000093287c08) thrown at [./src/hotspot/share/interpreter/linkResolver.cpp, line 839]

Events (20 events):
Event: 48.227 loading class com/android/tools/r8/code/L0 done
Event: 48.227 loading class com/android/tools/r8/code/L0
Event: 48.227 loading class com/android/tools/r8/code/L0 done
Event: 48.228 loading class com/android/tools/r8/code/L0
Event: 48.228 loading class com/android/tools/r8/code/L0 done
Event: 48.228 loading class com/android/tools/r8/code/L0
Event: 48.228 loading class com/android/tools/r8/code/L0 done
Event: 48.228 loading class com/android/tools/r8/code/L0
Event: 48.228 loading class com/android/tools/r8/code/L0 done
Event: 48.231 loading class com/android/tools/r8/graph/d0
Event: 48.231 loading class com/android/tools/r8/graph/d0 done
Event: 48.231 loading class com/android/tools/r8/synthesis/b
Event: 48.231 loading class com/android/tools/r8/synthesis/b done
Event: 48.231 loading class com/android/tools/r8/graph/d0
Event: 48.231 loading class com/android/tools/r8/graph/d0 done
Event: 48.232 loading class java/util/IdentityHashMap$EntrySet
Event: 48.232 loading class java/util/IdentityHashMap$EntrySet done
Event: 48.232 loading class com/android/tools/r8/internal/Eq
Event: 48.232 loading class com/android/tools/r8/internal/Eq done
Event: 48.232 Executing VM operation: G1CollectForAllocation


Dynamic libraries:
0x000000013f0f0000 - 0x000000013f0fa000 	D:\Program Files\Android\Android Studio\jre\bin\java.exe
0x00000000770f0000 - 0x000000007728f000 	C:\Windows\SYSTEM32\ntdll.dll
0x0000000076fd0000 - 0x00000000770f0000 	C:\Windows\system32\kernel32.dll
0x000007fefcdb0000 - 0x000007fefce17000 	C:\Windows\system32\KERNELBASE.dll
0x000007fec6a00000 - 0x000007fec6a19000 	D:\Program Files\Android\Android Studio\jre\bin\jli.dll
0x000007fef9900000 - 0x000007fef9af5000 	C:\Windows\WinSxS\amd64_microsoft.windows.common-controls_6595b64144ccf1df_6.0.7601.24483_none_e372d88f30fbb845\COMCTL32.dll
0x000007fefeac0000 - 0x000007fefeb5f000 	C:\Windows\system32\msvcrt.dll
0x000007fefd600000 - 0x000007fefd667000 	C:\Windows\system32\GDI32.dll
0x0000000076ed0000 - 0x0000000076fcb000 	C:\Windows\system32\USER32.dll
0x000007fefd320000 - 0x000007fefd32e000 	C:\Windows\system32\LPK.dll
0x000007fefd530000 - 0x000007fefd5fb000 	C:\Windows\system32\USP10.dll
0x000007fefd110000 - 0x000007fefd181000 	C:\Windows\system32\SHLWAPI.dll
0x000007fec69e0000 - 0x000007fec69f7000 	D:\Program Files\Android\Android Studio\jre\bin\VCRUNTIME140.dll
0x000007fee8720000 - 0x000007fee8724000 	C:\Windows\system32\api-ms-win-crt-runtime-l1-1-0.dll
0x000007fee7f00000 - 0x000007fee7ff4000 	C:\Windows\system32\ucrtbase.DLL
0x000007fee8710000 - 0x000007fee8713000 	C:\Windows\system32\api-ms-win-core-timezone-l1-1-0.dll
0x000007fee8700000 - 0x000007fee8703000 	C:\Windows\system32\api-ms-win-core-file-l2-1-0.dll
0x000007fee86f0000 - 0x000007fee86f3000 	C:\Windows\system32\api-ms-win-core-localization-l1-2-0.dll
0x000007fef96f0000 - 0x000007fef96f3000 	C:\Windows\system32\api-ms-win-core-synch-l1-2-0.dll
0x000007fee86e0000 - 0x000007fee86e3000 	C:\Windows\system32\api-ms-win-core-processthreads-l1-1-1.dll
0x000007fee86d0000 - 0x000007fee86d3000 	C:\Windows\system32\api-ms-win-core-file-l1-2-0.dll
0x000007fee86b0000 - 0x000007fee86b4000 	C:\Windows\system32\api-ms-win-crt-string-l1-1-0.dll
0x000007fee86c0000 - 0x000007fee86c3000 	C:\Windows\system32\api-ms-win-crt-heap-l1-1-0.dll
0x000007fee7eb0000 - 0x000007fee7eb4000 	C:\Windows\system32\api-ms-win-crt-stdio-l1-1-0.dll
0x000007fee7ea0000 - 0x000007fee7ea4000 	C:\Windows\system32\api-ms-win-crt-convert-l1-1-0.dll
0x000007fee7d90000 - 0x000007fee7d93000 	C:\Windows\system32\api-ms-win-crt-environment-l1-1-0.dll
0x000007fee7e60000 - 0x000007fee7e63000 	C:\Windows\system32\api-ms-win-crt-filesystem-l1-1-0.dll
0x000007fee7e80000 - 0x000007fee7e85000 	C:\Windows\system32\api-ms-win-crt-math-l1-1-0.dll
0x000007fee7da0000 - 0x000007fee7da3000 	C:\Windows\system32\api-ms-win-crt-locale-l1-1-0.dll
0x000007fefdbc0000 - 0x000007fefdbee000 	C:\Windows\system32\IMM32.DLL
0x000007fefd000000 - 0x000007fefd10b000 	C:\Windows\system32\MSCTF.dll
0x000007fec6940000 - 0x000007fec69dd000 	D:\Program Files\Android\Android Studio\jre\bin\msvcp140.dll
0x000007fee7e50000 - 0x000007fee7e55000 	C:\Windows\system32\api-ms-win-crt-multibyte-l1-1-0.dll
0x000007fee7e70000 - 0x000007fee7e73000 	C:\Windows\system32\api-ms-win-crt-time-l1-1-0.dll
0x000007fee7e90000 - 0x000007fee7e93000 	C:\Windows\system32\api-ms-win-crt-utility-l1-1-0.dll
0x000007fed02a0000 - 0x000007fed0d6f000 	D:\Program Files\Android\Android Studio\jre\bin\server\jvm.dll
0x000007fefd670000 - 0x000007fefd74b000 	C:\Windows\system32\ADVAPI32.dll
0x000007feff070000 - 0x000007feff08f000 	C:\Windows\SYSTEM32\sechost.dll
0x000007fefd770000 - 0x000007fefd89c000 	C:\Windows\system32\RPCRT4.dll
0x000007fed0df0000 - 0x000007fed0df9000 	C:\Windows\system32\WSOCK32.dll
0x000007fefd8a0000 - 0x000007fefd8ed000 	C:\Windows\system32\WS2_32.dll
0x000007feff090000 - 0x000007feff098000 	C:\Windows\system32\NSI.dll
0x000007feea030000 - 0x000007feea06b000 	C:\Windows\system32\WINMM.dll
0x000007fefb470000 - 0x000007fefb47c000 	C:\Windows\system32\VERSION.dll
0x00000000772a0000 - 0x00000000772a7000 	C:\Windows\system32\PSAPI.DLL
0x000007fed0dd0000 - 0x000007fed0de1000 	D:\Program Files\Android\Android Studio\jre\bin\verify.dll
0x000007fef79a0000 - 0x000007fef7ac5000 	C:\Windows\system32\DBGHELP.DLL
0x000007fed0100000 - 0x000007fed0129000 	D:\Program Files\Android\Android Studio\jre\bin\java.dll
0x000007fed0dc0000 - 0x000007fed0dcb000 	D:\Program Files\Android\Android Studio\jre\bin\jimage.dll
0x000007fed00e0000 - 0x000007fed00f8000 	D:\Program Files\Android\Android Studio\jre\bin\zip.dll
0x000007fefdbf0000 - 0x000007fefe97b000 	C:\Windows\system32\SHELL32.dll
0x000007fefd330000 - 0x000007fefd52f000 	C:\Windows\system32\ole32.dll
0x000007fefcc50000 - 0x000007fefcc5f000 	C:\Windows\system32\profapi.dll
0x000007fed00c0000 - 0x000007fed00da000 	D:\Program Files\Android\Android Studio\jre\bin\net.dll
0x000007fef9b70000 - 0x000007fef9be1000 	C:\Windows\system32\WINHTTP.dll
0x000007fef9b00000 - 0x000007fef9b65000 	C:\Windows\system32\webio.dll
0x000007fefc380000 - 0x000007fefc3d5000 	C:\Windows\system32\mswsock.dll
0x000007fefc370000 - 0x000007fefc377000 	C:\Windows\System32\wship6.dll
0x000007fed00a0000 - 0x000007fed00b4000 	D:\Program Files\Android\Android Studio\jre\bin\nio.dll
0x000007fef63a0000 - 0x000007fef63c7000 	D:\IdeaProjects\gradle\native\8bec1ad78214c89d9ad589b4d07fe93259594b29d510b10fafb7a158f7737e5d\windows-amd64\native-platform.dll
0x000007fecfbe0000 - 0x000007fecfd1d000 	D:\IdeaProjects\gradle\native\53dbd7edfb1c66fb8903c78663c9afc45aea4f116125fa6feffd364cf09443e8\windows-amd64\native-platform-file-events.dll
0x000007fed0090000 - 0x000007fed009a000 	D:\Program Files\Android\Android Studio\jre\bin\management.dll
0x000007fed0080000 - 0x000007fed008c000 	D:\Program Files\Android\Android Studio\jre\bin\management_ext.dll
0x000007fefc3e0000 - 0x000007fefc3f8000 	C:\Windows\system32\CRYPTSP.dll
0x000007fefc0e0000 - 0x000007fefc127000 	C:\Windows\system32\rsaenh.dll
0x000007fefcf90000 - 0x000007fefcfaf000 	C:\Windows\system32\USERENV.dll
0x000007fefcae0000 - 0x000007fefcaef000 	C:\Windows\system32\CRYPTBASE.dll
0x000007fef98d0000 - 0x000007fef98f7000 	C:\Windows\system32\IPHLPAPI.DLL
0x000007fef98c0000 - 0x000007fef98cb000 	C:\Windows\system32\WINNSI.DLL
0x000007fef4780000 - 0x000007fef4791000 	C:\Windows\system32\dhcpcsvc6.DLL
0x000007fef4760000 - 0x000007fef4778000 	C:\Windows\system32\dhcpcsvc.DLL

dbghelp: loaded successfully - version: 4.0.5 - missing functions: none
symbol engine: initialized successfully - sym options: 0x614 - pdb path: .;D:\Program Files\Android\Android Studio\jre\bin;C:\Windows\SYSTEM32;C:\Windows\WinSxS\amd64_microsoft.windows.common-controls_6595b64144ccf1df_6.0.7601.24483_none_e372d88f30fbb845;D:\Program Files\Android\Android Studio\jre\bin\server;D:\IdeaProjects\gradle\native\8bec1ad78214c89d9ad589b4d07fe93259594b29d510b10fafb7a158f7737e5d\windows-amd64;D:\IdeaProjects\gradle\native\53dbd7edfb1c66fb8903c78663c9afc45aea4f116125fa6feffd364cf09443e8\windows-amd64

VM Arguments:
jvm_args: --add-opens=java.base/java.util=ALL-UNNAMED --add-opens=java.base/java.lang=ALL-UNNAMED --add-opens=java.base/java.lang.invoke=ALL-UNNAMED --add-opens=java.base/java.util=ALL-UNNAMED --add-opens=java.prefs/java.util.prefs=ALL-UNNAMED --add-opens=java.prefs/java.util.prefs=ALL-UNNAMED --add-opens=java.base/java.nio.charset=ALL-UNNAMED --add-opens=java.base/java.net=ALL-UNNAMED --add-opens=java.base/java.util.concurrent.atomic=ALL-UNNAMED -Xmx2048m -Dfile.encoding=UTF-8 -Duser.country=RU -Duser.language=ru -Duser.variant 
java_command: org.gradle.launcher.daemon.bootstrap.GradleDaemon 7.0.2
java_class_path (initial): D:\IdeaProjects\gradle\wrapper\dists\gradle-7.0.2-bin\857tjihv64xamwrf0h14cai3r\gradle-7.0.2\lib\gradle-launcher-7.0.2.jar
Launcher Type: SUN_STANDARD

[Global flags]
     intx CICompilerCount                          = 4                                         {product} {ergonomic}
     uint ConcGCThreads                            = 3                                         {product} {ergonomic}
     uint G1ConcRefinementThreads                  = 10                                        {product} {ergonomic}
   size_t G1HeapRegionSize                         = 1048576                                   {product} {ergonomic}
    uintx GCDrainStackTargetSize                   = 64                                        {product} {ergonomic}
   size_t InitialHeapSize                          = 201326592                                 {product} {ergonomic}
   size_t MarkStackSize                            = 4194304                                   {product} {ergonomic}
   size_t MaxHeapSize                              = 2147483648                                {product} {command line}
   size_t MaxNewSize                               = 1287651328                                {product} {ergonomic}
   size_t MinHeapDeltaBytes                        = 1048576                                   {product} {ergonomic}
    uintx NonNMethodCodeHeapSize                   = 5836300                                {pd product} {ergonomic}
    uintx NonProfiledCodeHeapSize                  = 122910970                              {pd product} {ergonomic}
    uintx ProfiledCodeHeapSize                     = 122910970                              {pd product} {ergonomic}
    uintx ReservedCodeCacheSize                    = 251658240                              {pd product} {ergonomic}
     bool SegmentedCodeCache                       = true                                      {product} {ergonomic}
     bool UseCompressedClassPointers               = true                                 {lp64_product} {ergonomic}
     bool UseCompressedOops                        = true                                 {lp64_product} {ergonomic}
     bool UseG1GC                                  = true                                      {product} {ergonomic}
     bool UseLargePagesIndividualAllocation        = false                                  {pd product} {ergonomic}

Logging:
Log output configuration:
 #0: stdout all=warning uptime,level,tags
 #1: stderr all=off uptime,level,tags

Environment Variables:
JAVA_HOME=C:\Program Files\Java\jdk-11.0.7
PATH=C:\Program Files (x86)\Common Files\ArcSoft\Bin;C:\Program Files\Microsoft MPI\Bin\;C:\Program Files\Java\jdk-11.0.7\bin;C:\Program Files (x86)\Common Files\Oracle\Java\javapath;C:\Windows\system32;C:\Windows;C:\Windows\System32\Wbem;C:\Windows\System32\WindowsPowerShell\v1.0\;C:\Program Files (x86)\NVIDIA Corporation\PhysX\Common;D:\Program Files (x86)\QuickTime\QTSystem\;C:\Program Files\dotnet\;C:\Program Files\Microsoft SQL Server\130\Tools\Binn\;D:\Program Files\Git\cmd;C:\Users\Nick\AppData\Local\Android\Sdk\platform-tools;C:\Program Files\MySQL\MySQL Shell 8.0\bin\
USERNAME=Nick
OS=Windows_NT
PROCESSOR_IDENTIFIER=Intel64 Family 6 Model 44 Stepping 2, GenuineIntel



---------------  S Y S T E M  ---------------

OS: Windows 7 , 64 bit Build 7601 (6.1.7601.24552)
OS uptime: 0 days 6:22 hours

CPU:total 12 (initial active 12) (6 cores per cpu, 2 threads per core) family 6 model 44 stepping 2 microcode 0x0, cmov, cx8, fxsr, mmx, sse, sse2, sse3, ssse3, sse4.1, sse4.2, popcnt, aes, clmul, ht, tsc, tscinvbit, tscinv

Memory: 4k page, system-wide physical 12286M (1789M free)
TotalPageFile size 16380M (AvailPageFile size 66M)
current process WorkingSet (physical memory assigned to process): 642M, peak: 642M
current process commit charge ("private bytes"): 741M, peak: 1026M

vm_info: OpenJDK 64-Bit Server VM (11.0.10+0-b96-7249189) for windows-amd64 JRE (11.0.10+0-b96-7249189), built on Mar 31 2021 21:44:00 by "builder" with MS VC++ 14.0 (VS2015)

END.
