#
# There is insufficient memory for the Java Runtime Environment to continue.
# Native memory allocation (mmap) failed to map 288358400 bytes for Failed to commit area from 0x0000000091800000 to 0x00000000a2b00000 of length 288358400.
# Possible reasons:
#   The system is out of physical RAM or swap space
#   The process is running with CompressedOops enabled, and the Java Heap may be blocking the growth of the native heap
# Possible solutions:
#   Reduce memory load on the system
#   Increase physical memory or swap space
#   Check if swap backing store is full
#   Decrease Java heap size (-Xmx/-Xms)
#   Decrease number of Java threads
#   Decrease Java thread stack sizes (-Xss)
#   Set larger code cache with -XX:ReservedCodeCacheSize=
#   JVM is running with Unscaled Compressed Oops mode in which the Java heap is
#     placed in the first 4GB address space. The Java Heap base address is the
#     maximum limit for the native heap growth. Please use -XX:HeapBaseMinAddress
#     to set the Java Heap base and to place the Java Heap above 4GB virtual address.
# This output file may be truncated or incomplete.
#
#  Out of Memory Error (./src/hotspot/os/windows/os_windows.cpp:3301), pid=2852, tid=5088
#
# JRE version: OpenJDK Runtime Environment (11.0.10) (build 11.0.10+0-b96-7249189)
# Java VM: OpenJDK 64-Bit Server VM (11.0.10+0-b96-7249189, mixed mode, tiered, compressed oops, g1 gc, windows-amd64)
# No core dump will be written. Minidumps are not enabled by default on client versions of Windows
#

---------------  S U M M A R Y ------------

Command Line: --add-opens=java.base/java.util=ALL-UNNAMED --add-opens=java.base/java.lang=ALL-UNNAMED --add-opens=java.base/java.lang.invoke=ALL-UNNAMED --add-opens=java.base/java.util=ALL-UNNAMED --add-opens=java.prefs/java.util.prefs=ALL-UNNAMED --add-opens=java.prefs/java.util.prefs=ALL-UNNAMED --add-opens=java.base/java.nio.charset=ALL-UNNAMED --add-opens=java.base/java.net=ALL-UNNAMED --add-opens=java.base/java.util.concurrent.atomic=ALL-UNNAMED -Xmx2048m -Dfile.encoding=UTF-8 -Duser.country=RU -Duser.language=ru -Duser.variant org.gradle.launcher.daemon.bootstrap.GradleDaemon 7.0.2

Host: Intel(R) Core(TM) i7 CPU         980  @ 3.33GHz, 12 cores, 11G,  Windows 7 , 64 bit Build 7601 (6.1.7601.24552)
Time: Sat Jul 31 17:48:14 2021 ?iiaineia a?aiy (ceia) elapsed time: 32.991463 seconds (0d 0h 0m 32s)

---------------  T H R E A D  ---------------

Current thread (0x000000005e7b3800):  VMThread "VM Thread" [stack: 0x000000005ed90000,0x000000005ee90000] [id=5088]

Stack: [0x000000005ed90000,0x000000005ee90000]
[error occurred during error reporting (printing stack bounds), id 0xc0000005, EXCEPTION_ACCESS_VIOLATION (0xc0000005) at pc=0x00000000063c0f3d]

Native frames: (J=compiled Java code, j=interpreted, Vv=VM code, C=native code)
V  [jvm.dll+0x5ecfaa]
V  [jvm.dll+0x722bd5]
V  [jvm.dll+0x72412d]
V  [jvm.dll+0x724745]
V  [jvm.dll+0x7246fb]
V  [jvm.dll+0x5ec348]
V  [jvm.dll+0x5ecad8]
C  [ntdll.dll+0x6b41d]
C  [ntdll.dll+0x3f77a]
C  [ntdll.dll+0x6aabe]
C  0x00000000063c0f3d

VM_Operation (0x000000006dae8c80): G1CollectForAllocation, mode: safepoint, requested by thread 0x0000000067fb1800


---------------  P R O C E S S  ---------------

Threads class SMR info:
_java_thread_list=0x000000007745e840, length=77, elements={
0x0000000000573000, 0x000000001dc87800, 0x000000001dc88800, 0x000000005e7bf800,
0x000000005e7c4800, 0x000000005e7c5800, 0x000000005e7cc000, 0x000000005e7cd000,
0x000000005e7de800, 0x000000005e965800, 0x0000000061243800, 0x0000000061838000,
0x00000000616e2800, 0x0000000062782000, 0x00000000615a1800, 0x00000000635aa000,
0x00000000637e9800, 0x0000000062876800, 0x00000000612a7000, 0x0000000062674800,
0x0000000062675000, 0x0000000062676000, 0x0000000062677000, 0x0000000062677800,
0x0000000062678800, 0x0000000062679000, 0x000000006267a000, 0x000000006267b000,
0x000000006267b800, 0x000000006267c800, 0x000000006267e000, 0x000000006267f000,
0x0000000062680000, 0x0000000062681800, 0x0000000062682000, 0x0000000062683000,
0x0000000067fac800, 0x0000000067fad800, 0x0000000067fae800, 0x0000000067faf000,
0x0000000067fb0000, 0x0000000067fb1000, 0x0000000067fb1800, 0x0000000067fb2800,
0x0000000067fb3800, 0x0000000068df4000, 0x0000000068df5000, 0x0000000068df6000,
0x0000000068df6800, 0x0000000068df7800, 0x0000000068df8000, 0x0000000068df9000,
0x0000000068dfa000, 0x0000000068dfa800, 0x00000000673f7000, 0x00000000673f8000,
0x00000000673f8800, 0x00000000673fa000, 0x00000000673fc000, 0x00000000673fc800,
0x00000000673fd800, 0x0000000067126800, 0x0000000067127000, 0x0000000067128000,
0x0000000067128800, 0x0000000067129800, 0x000000006712a800, 0x000000006712b000,
0x000000006712c000, 0x000000006712d000, 0x000000006a2bb800, 0x000000006a2c0000,
0x0000000064042000, 0x0000000064045000, 0x000000006a2bd800, 0x000000006a2c1800,
0x000000006a2be000
}

Java Threads: ( => current thread )
  0x0000000000573000 JavaThread "main" [_thread_blocked, id=1268, stack(0x00000000021a0000,0x00000000022a0000)]
  0x000000001dc87800 JavaThread "Reference Handler" daemon [_thread_blocked, id=6184, stack(0x000000005ef30000,0x000000005f030000)]
  0x000000001dc88800 JavaThread "Finalizer" daemon [_thread_blocked, id=7100, stack(0x000000005f120000,0x000000005f220000)]
  0x000000005e7bf800 JavaThread "Signal Dispatcher" daemon [_thread_blocked, id=7848, stack(0x000000005ec50000,0x000000005ed50000)]
  0x000000005e7c4800 JavaThread "Attach Listener" daemon [_thread_blocked, id=4344, stack(0x000000005f3b0000,0x000000005f4b0000)]
  0x000000005e7c5800 JavaThread "Service Thread" daemon [_thread_blocked, id=7268, stack(0x000000005f580000,0x000000005f680000)]
  0x000000005e7cc000 JavaThread "C2 CompilerThread0" daemon [_thread_blocked, id=6260, stack(0x000000005f250000,0x000000005f350000)]
  0x000000005e7cd000 JavaThread "C1 CompilerThread0" daemon [_thread_blocked, id=4632, stack(0x000000005f7f0000,0x000000005f8f0000)]
  0x000000005e7de800 JavaThread "Sweeper thread" daemon [_thread_blocked, id=7620, stack(0x000000005f980000,0x000000005fa80000)]
  0x000000005e965800 JavaThread "Common-Cleaner" daemon [_thread_blocked, id=7640, stack(0x000000005f6c0000,0x000000005f7c0000)]
  0x0000000061243800 JavaThread "Daemon health stats" [_thread_blocked, id=7768, stack(0x0000000064330000,0x0000000064430000)]
  0x0000000061838000 JavaThread "Incoming local TCP Connector on port 65362" [_thread_in_native, id=7380, stack(0x0000000064b50000,0x0000000064c50000)]
  0x00000000616e2800 JavaThread "Daemon periodic checks" [_thread_blocked, id=7696, stack(0x0000000064d30000,0x0000000064e30000)]
  0x0000000062782000 JavaThread "Daemon" [_thread_blocked, id=3728, stack(0x0000000065110000,0x0000000065210000)]
  0x00000000615a1800 JavaThread "Handler for socket connection from /127.0.0.1:65362 to /127.0.0.1:65363" [_thread_in_native, id=1684, stack(0x0000000065270000,0x0000000065370000)]
  0x00000000635aa000 JavaThread "Cancel handler" [_thread_blocked, id=3976, stack(0x00000000646e0000,0x00000000647e0000)]
  0x00000000637e9800 JavaThread "Daemon worker" [_thread_blocked, id=8032, stack(0x0000000064860000,0x0000000064960000)]
  0x0000000062876800 JavaThread "Asynchronous log dispatcher for DefaultDaemonConnection: socket connection from /127.0.0.1:65362 to /127.0.0.1:65363" [_thread_blocked, id=4768, stack(0x00000000649d0000,0x0000000064ad0000)]
  0x00000000612a7000 JavaThread "Stdin handler" [_thread_blocked, id=4252, stack(0x00000000654c0000,0x00000000655c0000)]
  0x0000000062674800 JavaThread "Daemon client event forwarder" [_thread_blocked, id=5744, stack(0x0000000065650000,0x0000000065750000)]
  0x0000000062675000 JavaThread "Cache worker for file hash cache (D:\IdeaProjects\gradle\caches\7.0.2\fileHashes)" [_thread_blocked, id=4792, stack(0x0000000065380000,0x0000000065480000)]
  0x0000000062676000 JavaThread "File lock request listener" [_thread_in_native, id=7348, stack(0x0000000065a10000,0x0000000065b10000)]
  0x0000000062677000 JavaThread "Cache worker for journal cache (D:\IdeaProjects\gradle\caches\journal-1)" [_thread_blocked, id=7968, stack(0x00000000667d0000,0x00000000668d0000)]
  0x0000000062677800 JavaThread "Cache worker for file hash cache (D:\IdeaProjects\ANDROID\Practica\Weather_App\.gradle\7.0.2\fileHashes)" [_thread_blocked, id=7528, stack(0x0000000066940000,0x0000000066a40000)]
  0x0000000062678800 JavaThread "File watcher server" daemon [_thread_blocked, id=7728, stack(0x0000000066a70000,0x0000000066b70000)]
  0x0000000062679000 JavaThread "File watcher consumer" daemon [_thread_blocked, id=3972, stack(0x0000000066db0000,0x0000000066eb0000)]
  0x000000006267a000 JavaThread "Cache worker for checksums cache (D:\IdeaProjects\ANDROID\Practica\Weather_App\.gradle\checksums)" [_thread_blocked, id=6520, stack(0x00000000680f0000,0x00000000681f0000)]
  0x000000006267b000 JavaThread "Cache worker for cache directory md-supplier (D:\IdeaProjects\gradle\caches\7.0.2\md-supplier)" [_thread_blocked, id=8060, stack(0x0000000068ab0000,0x0000000068bb0000)]
  0x000000006267b800 JavaThread "Cache worker for cache directory md-rule (D:\IdeaProjects\gradle\caches\7.0.2\md-rule)" [_thread_blocked, id=7388, stack(0x0000000069bb0000,0x0000000069cb0000)]
  0x000000006267c800 JavaThread "Cache worker for execution history cache (D:\IdeaProjects\gradle\caches\7.0.2\executionHistory)" [_thread_blocked, id=3788, stack(0x0000000069de0000,0x0000000069ee0000)]
  0x000000006267e000 JavaThread "jar transforms" [_thread_blocked, id=7816, stack(0x000000006b0b0000,0x000000006b1b0000)]
  0x000000006267f000 JavaThread "jar transforms Thread 2" [_thread_blocked, id=4728, stack(0x0000000068750000,0x0000000068850000)]
  0x0000000062680000 JavaThread "Cache worker for file content cache (D:\IdeaProjects\gradle\caches\7.0.2\fileContent)" [_thread_blocked, id=2944, stack(0x00000000666b0000,0x00000000667b0000)]
  0x0000000062681800 JavaThread "Cache worker for dependencies-accessors (D:\IdeaProjects\ANDROID\Practica\Weather_App\.gradle\7.0.2\dependencies-accessors)" [_thread_blocked, id=4616, stack(0x000000006b520000,0x000000006b620000)]
  0x0000000062682000 JavaThread "jar transforms Thread 3" [_thread_blocked, id=2884, stack(0x000000006bb20000,0x000000006bc20000)]
  0x0000000062683000 JavaThread "Cache worker for Build Output Cleanup Cache (D:\IdeaProjects\ANDROID\Practica\Weather_App\.gradle\buildOutputCleanup)" [_thread_blocked, id=6108, stack(0x000000006b420000,0x000000006b520000)]
  0x0000000067fac800 JavaThread "Build operations" [_thread_blocked, id=4824, stack(0x000000006cdf0000,0x000000006cef0000)]
  0x0000000067fad800 JavaThread "Build operations Thread 2" [_thread_blocked, id=7692, stack(0x0000000068200000,0x0000000068300000)]
  0x0000000067fae800 JavaThread "Build operations Thread 3" [_thread_blocked, id=5076, stack(0x000000006d330000,0x000000006d430000)]
  0x0000000067faf000 JavaThread "Build operations Thread 4" [_thread_blocked, id=5624, stack(0x000000006d510000,0x000000006d610000)]
  0x0000000067fb0000 JavaThread "Build operations Thread 5" [_thread_blocked, id=4732, stack(0x000000006d6c0000,0x000000006d7c0000)]
  0x0000000067fb1000 JavaThread "Build operations Thread 6" [_thread_blocked, id=7700, stack(0x000000006d840000,0x000000006d940000)]
  0x0000000067fb1800 JavaThread "Build operations Thread 7" [_thread_blocked, id=5224, stack(0x000000006d9f0000,0x000000006daf0000)]
  0x0000000067fb2800 JavaThread "Build operations Thread 8" [_thread_blocked, id=7532, stack(0x000000006db40000,0x000000006dc40000)]
  0x0000000067fb3800 JavaThread "Build operations Thread 9" [_thread_blocked, id=6420, stack(0x000000006dc50000,0x000000006dd50000)]
  0x0000000068df4000 JavaThread "Build operations Thread 10" [_thread_blocked, id=6792, stack(0x000000006ddf0000,0x000000006def0000)]
  0x0000000068df5000 JavaThread "Build operations Thread 11" [_thread_blocked, id=7088, stack(0x000000006df10000,0x000000006e010000)]
  0x0000000068df6000 JavaThread "Build operations Thread 12" [_thread_blocked, id=7116, stack(0x000000006e020000,0x000000006e120000)]
  0x0000000068df6800 JavaThread "jar transforms Thread 4" [_thread_blocked, id=6220, stack(0x000000006e200000,0x000000006e300000)]
  0x0000000068df7800 JavaThread "jar transforms Thread 5" [_thread_blocked, id=7844, stack(0x000000006cf40000,0x000000006d040000)]
  0x0000000068df8000 JavaThread "jar transforms Thread 6" [_thread_blocked, id=7808, stack(0x000000006e3f0000,0x000000006e4f0000)]
  0x0000000068df9000 JavaThread "jar transforms Thread 7" [_thread_blocked, id=6288, stack(0x000000006e560000,0x000000006e660000)]
  0x0000000068dfa000 JavaThread "jar transforms Thread 8" [_thread_blocked, id=6976, stack(0x000000006ba20000,0x000000006bb20000)]
  0x0000000068dfa800 JavaThread "jar transforms Thread 9" [_thread_blocked, id=6600, stack(0x000000006e6c0000,0x000000006e7c0000)]
  0x00000000673f7000 JavaThread "jar transforms Thread 10" [_thread_blocked, id=2684, stack(0x000000006e8f0000,0x000000006e9f0000)]
  0x00000000673f8000 JavaThread "jar transforms Thread 11" [_thread_blocked, id=6476, stack(0x000000006ea10000,0x000000006eb10000)]
  0x00000000673f8800 JavaThread "jar transforms Thread 12" [_thread_blocked, id=2076, stack(0x000000006eb70000,0x000000006ec70000)]
  0x00000000673fa000 JavaThread "Memory manager" [_thread_blocked, id=7172, stack(0x000000006f5f0000,0x000000006f6f0000)]
  0x00000000673fc000 JavaThread "build event listener" [_thread_blocked, id=7356, stack(0x0000000070740000,0x0000000070840000)]
  0x00000000673fc800 JavaThread "Execution worker for ':'" [_thread_blocked, id=6700, stack(0x0000000070850000,0x0000000070950000)]
  0x00000000673fd800 JavaThread "Execution worker for ':' Thread 2" [_thread_blocked, id=6672, stack(0x0000000070a80000,0x0000000070b80000)]
  0x0000000067126800 JavaThread "Execution worker for ':' Thread 3" [_thread_blocked, id=7008, stack(0x0000000070c10000,0x0000000070d10000)]
  0x0000000067127000 JavaThread "Execution worker for ':' Thread 4" [_thread_blocked, id=3104, stack(0x000000006e7f0000,0x000000006e8f0000)]
  0x0000000067128000 JavaThread "Execution worker for ':' Thread 5" [_thread_blocked, id=7108, stack(0x0000000069cb0000,0x0000000069db0000)]
  0x0000000067128800 JavaThread "Execution worker for ':' Thread 6" [_thread_blocked, id=7212, stack(0x0000000070d50000,0x0000000070e50000)]
  0x0000000067129800 JavaThread "Execution worker for ':' Thread 7" [_thread_blocked, id=5396, stack(0x0000000070f10000,0x0000000071010000)]
  0x000000006712a800 JavaThread "Execution worker for ':' Thread 8" [_thread_blocked, id=6216, stack(0x0000000070970000,0x0000000070a70000)]
  0x000000006712b000 JavaThread "Execution worker for ':' Thread 9" [_thread_blocked, id=7164, stack(0x0000000071080000,0x0000000071180000)]
  0x000000006712c000 JavaThread "Execution worker for ':' Thread 10" [_thread_blocked, id=7780, stack(0x0000000071230000,0x0000000071330000)]
  0x000000006712d000 JavaThread "Execution worker for ':' Thread 11" [_thread_blocked, id=5080, stack(0x0000000071490000,0x0000000071590000)]
  0x000000006a2bb800 JavaThread "Cache worker for execution history cache (D:\IdeaProjects\ANDROID\Practica\Weather_App\.gradle\7.0.2\executionHistory)" [_thread_blocked, id=6404, stack(0x00000000715d0000,0x00000000716d0000)]
  0x000000006a2c0000 JavaThread "WorkerExecutor Queue Thread 5" [_thread_blocked, id=8124, stack(0x00000000723c0000,0x00000000724c0000)]
  0x0000000064042000 JavaThread "Java2D Disposer" daemon [_thread_blocked, id=7584, stack(0x0000000072c10000,0x0000000072d10000)]
  0x0000000064045000 JavaThread "WorkerExecutor Queue Thread 12" [_thread_blocked, id=4780, stack(0x0000000072b10000,0x0000000072c10000)]
  0x000000006a2bd800 JavaThread "WorkerExecutor Queue Thread 13" [_thread_blocked, id=2956, stack(0x0000000060910000,0x0000000060a10000)]
  0x000000006a2c1800 JavaThread "C2 CompilerThread1" daemon [_thread_blocked, id=7060, stack(0x0000000071370000,0x0000000071470000)]
  0x000000006a2be000 JavaThread "C2 CompilerThread2" daemon [_thread_blocked, id=7740, stack(0x0000000071c70000,0x0000000071d70000)]

Other Threads:
=>0x000000005e7b3800 VMThread "VM Thread" [stack: 0x000000005ed90000,0x000000005ee90000] [id=5088]
  0x000000005e978800 WatcherThread [stack: 0x000000005fb40000,0x000000005fc40000] [id=7900]
  0x000000000058b800 GCTaskThread "GC Thread#0" [stack: 0x0000000015510000,0x0000000015610000] [id=4848]
  0x00000000600d9800 GCTaskThread "GC Thread#1" [stack: 0x0000000060610000,0x0000000060710000] [id=6664]
  0x0000000061245800 GCTaskThread "GC Thread#2" [stack: 0x0000000061d50000,0x0000000061e50000] [id=5616]
  0x0000000060cb2800 GCTaskThread "GC Thread#3" [stack: 0x0000000061ff0000,0x00000000620f0000] [id=2288]
  0x0000000063512000 GCTaskThread "GC Thread#4" [stack: 0x0000000065c50000,0x0000000065d50000] [id=7556]
  0x00000000622d8000 GCTaskThread "GC Thread#5" [stack: 0x0000000065e90000,0x0000000065f90000] [id=1816]
  0x0000000062245800 GCTaskThread "GC Thread#6" [stack: 0x0000000065d90000,0x0000000065e90000] [id=7440]
  0x0000000061a31000 GCTaskThread "GC Thread#7" [stack: 0x0000000061c50000,0x0000000061d50000] [id=2204]
  0x000000006295e000 GCTaskThread "GC Thread#8" [stack: 0x0000000066040000,0x0000000066140000] [id=7632]
  0x0000000062c6e000 GCTaskThread "GC Thread#9" [stack: 0x0000000066230000,0x0000000066330000] [id=6824]
  0x00000000160de000 ConcurrentGCThread "G1 Main Marker" [stack: 0x000000001ae00000,0x000000001af00000] [id=5056]
  0x00000000160df800 ConcurrentGCThread "G1 Conc#0" [stack: 0x000000001af00000,0x000000001b000000] [id=7860]
  0x000000006131a800 ConcurrentGCThread "G1 Conc#1" [stack: 0x0000000065b40000,0x0000000065c40000] [id=6380]
  0x00000000624a3000 ConcurrentGCThread "G1 Conc#2" [stack: 0x00000000665b0000,0x00000000666b0000] [id=8020]
  0x00000000161af800 ConcurrentGCThread "G1 Refine#0" [stack: 0x000000001dd60000,0x000000001de60000] [id=7664]
  0x0000000063ce5000 ConcurrentGCThread "G1 Refine#1" [stack: 0x0000000072da0000,0x0000000072ea0000] [id=4776]
  0x0000000063ce5800 ConcurrentGCThread "G1 Refine#2" [stack: 0x0000000072ec0000,0x0000000072fc0000] [id=8024]
  0x000000001dab3800 ConcurrentGCThread "G1 Young RemSet Sampling" [stack: 0x000000001deb0000,0x000000001dfb0000] [id=476]

Threads with active compile tasks:
C2 CompilerThread0  33062 17149       4       java.util.HashMap::removeNode (291 bytes)
C1 CompilerThread0  33062 17441   !   3       com.android.tools.r8.internal.Te::a (828 bytes)
C2 CompilerThread1  33062 17285       4       com.android.tools.r8.internal.Le::a (1137 bytes)
C2 CompilerThread2  33062 17160       4       com.android.tools.r8.internal.Lv::a (455 bytes)

VM state:at safepoint (normal execution)

VM Mutex/Monitor currently owned by a thread:  ([mutex/lock_event])
[0x000000000056f330] Threads_lock - owner thread: 0x000000005e7b3800
[0x000000000056fb10] Heap_lock - owner thread: 0x0000000067fb1800

Heap address: 0x0000000080000000, size: 2048 MB, Compressed Oops mode: 32-bit
Narrow klass base: 0x0000000000000000, Narrow klass shift: 0
Compressed class space size: 1073741824 Address: 0x000000001dfb0000

Heap:
 garbage-first heap   total 568320K, used 167723K [0x0000000080000000, 0x0000000100000000)
  region size 1024K, 6 young (6144K), 6 survivors (6144K)
 Metaspace       used 108455K, capacity 111196K, committed 113664K, reserved 1146880K
  class space    used 13747K, capacity 14807K, committed 15948K, reserved 1048576K
Heap Regions: E=young(eden), S=young(survivor), O=old, HS=humongous(starts), HC=humongous(continues), CS=collection set, F=free, A=archive, TAMS=top-at-mark-start (previous, next)
|   0|0x0000000080000000, 0x0000000080100000, 0x0000000080100000|100%| O|  |TAMS 0x0000000080100000, 0x0000000080000000| Updating 
|   1|0x0000000080100000, 0x0000000080200000, 0x0000000080200000|100%| O|  |TAMS 0x0000000080200000, 0x0000000080100000| Updating 
|   2|0x0000000080200000, 0x0000000080300000, 0x0000000080300000|100%| O|  |TAMS 0x0000000080300000, 0x0000000080200000| Updating 
|   3|0x0000000080300000, 0x0000000080400000, 0x0000000080400000|100%|HS|  |TAMS 0x0000000080400000, 0x0000000080300000| Complete 
|   4|0x0000000080400000, 0x0000000080500000, 0x0000000080500000|100%|HC|  |TAMS 0x0000000080500000, 0x0000000080400000| Complete 
|   5|0x0000000080500000, 0x0000000080600000, 0x0000000080600000|100%|HC|  |TAMS 0x0000000080600000, 0x0000000080500000| Complete 
|   6|0x0000000080600000, 0x0000000080700000, 0x0000000080700000|100%| O|  |TAMS 0x0000000080700000, 0x0000000080600000| Updating 
|   7|0x0000000080700000, 0x0000000080800000, 0x0000000080800000|100%| O|  |TAMS 0x0000000080800000, 0x0000000080700000| Updating 
|   8|0x0000000080800000, 0x0000000080900000, 0x0000000080900000|100%| O|  |TAMS 0x0000000080900000, 0x0000000080800000| Updating 
|   9|0x0000000080900000, 0x0000000080a00000, 0x0000000080a00000|100%| O|  |TAMS 0x0000000080a00000, 0x0000000080900000| Updating 
|  10|0x0000000080a00000, 0x0000000080b00000, 0x0000000080b00000|100%| O|  |TAMS 0x0000000080b00000, 0x0000000080a00000| Updating 
|  11|0x0000000080b00000, 0x0000000080c00000, 0x0000000080c00000|100%| O|  |TAMS 0x0000000080c00000, 0x0000000080b00000| Updating 
|  12|0x0000000080c00000, 0x0000000080d00000, 0x0000000080d00000|100%| O|  |TAMS 0x0000000080d00000, 0x0000000080c00000| Updating 
|  13|0x0000000080d00000, 0x0000000080e00000, 0x0000000080e00000|100%| O|  |TAMS 0x0000000080e00000, 0x0000000080d00000| Updating 
|  14|0x0000000080e00000, 0x0000000080f00000, 0x0000000080f00000|100%| O|  |TAMS 0x0000000080f00000, 0x0000000080e00000| Updating 
|  15|0x0000000080f00000, 0x0000000081000000, 0x0000000081000000|100%| O|  |TAMS 0x0000000081000000, 0x0000000080f00000| Updating 
|  16|0x0000000081000000, 0x0000000081100000, 0x0000000081100000|100%| O|  |TAMS 0x0000000081100000, 0x0000000081000000| Updating 
|  17|0x0000000081100000, 0x0000000081200000, 0x0000000081200000|100%|HS|  |TAMS 0x0000000081200000, 0x0000000081100000| Complete 
|  18|0x0000000081200000, 0x0000000081300000, 0x0000000081300000|100%|HS|  |TAMS 0x0000000081300000, 0x0000000081200000| Complete 
|  19|0x0000000081300000, 0x0000000081400000, 0x0000000081400000|100%|HS|  |TAMS 0x0000000081400000, 0x0000000081300000| Complete 
|  20|0x0000000081400000, 0x0000000081500000, 0x0000000081500000|100%|HC|  |TAMS 0x0000000081500000, 0x0000000081400000| Complete 
|  21|0x0000000081500000, 0x0000000081600000, 0x0000000081600000|100%| O|  |TAMS 0x0000000081600000, 0x0000000081500000| Updating 
|  22|0x0000000081600000, 0x0000000081700000, 0x0000000081700000|100%| O|  |TAMS 0x0000000081700000, 0x0000000081600000| Updating 
|  23|0x0000000081700000, 0x0000000081800000, 0x0000000081800000|100%| O|  |TAMS 0x0000000081800000, 0x0000000081700000| Updating 
|  24|0x0000000081800000, 0x0000000081900000, 0x0000000081900000|100%| O|  |TAMS 0x0000000081900000, 0x0000000081800000| Updating 
|  25|0x0000000081900000, 0x0000000081a00000, 0x0000000081a00000|100%| O|  |TAMS 0x0000000081a00000, 0x0000000081900000| Updating 
|  26|0x0000000081a00000, 0x0000000081b00000, 0x0000000081b00000|100%| O|  |TAMS 0x0000000081b00000, 0x0000000081a00000| Updating 
|  27|0x0000000081b00000, 0x0000000081c00000, 0x0000000081c00000|100%| O|  |TAMS 0x0000000081c00000, 0x0000000081b00000| Updating 
|  28|0x0000000081c00000, 0x0000000081d00000, 0x0000000081d00000|100%| O|  |TAMS 0x0000000081d00000, 0x0000000081c00000| Updating 
|  29|0x0000000081d00000, 0x0000000081e00000, 0x0000000081e00000|100%| O|  |TAMS 0x0000000081e00000, 0x0000000081d00000| Updating 
|  30|0x0000000081e00000, 0x0000000081f00000, 0x0000000081f00000|100%| O|  |TAMS 0x0000000081f00000, 0x0000000081e00000| Updating 
|  31|0x0000000081f00000, 0x0000000082000000, 0x0000000082000000|100%| O|  |TAMS 0x0000000082000000, 0x0000000081f00000| Updating 
|  32|0x0000000082000000, 0x0000000082100000, 0x0000000082100000|100%| O|  |TAMS 0x0000000082100000, 0x0000000082000000| Updating 
|  33|0x0000000082100000, 0x0000000082200000, 0x0000000082200000|100%| O|  |TAMS 0x0000000082200000, 0x0000000082100000| Updating 
|  34|0x0000000082200000, 0x0000000082300000, 0x0000000082300000|100%| O|  |TAMS 0x0000000082300000, 0x0000000082200000| Updating 
|  35|0x0000000082300000, 0x0000000082400000, 0x0000000082400000|100%| O|  |TAMS 0x0000000082400000, 0x0000000082300000| Updating 
|  36|0x0000000082400000, 0x0000000082500000, 0x0000000082500000|100%| O|  |TAMS 0x0000000082500000, 0x0000000082400000| Updating 
|  37|0x0000000082500000, 0x0000000082600000, 0x0000000082600000|100%| O|  |TAMS 0x0000000082600000, 0x0000000082500000| Updating 
|  38|0x0000000082600000, 0x0000000082700000, 0x0000000082700000|100%| O|  |TAMS 0x0000000082700000, 0x0000000082600000| Updating 
|  39|0x0000000082700000, 0x0000000082800000, 0x0000000082800000|100%| O|  |TAMS 0x0000000082800000, 0x0000000082700000| Updating 
|  40|0x0000000082800000, 0x0000000082900000, 0x0000000082900000|100%| O|  |TAMS 0x0000000082900000, 0x0000000082800000| Updating 
|  41|0x0000000082900000, 0x0000000082a00000, 0x0000000082a00000|100%| O|  |TAMS 0x0000000082a00000, 0x0000000082900000| Updating 
|  42|0x0000000082a00000, 0x0000000082b00000, 0x0000000082b00000|100%| O|  |TAMS 0x0000000082b00000, 0x0000000082a00000| Updating 
|  43|0x0000000082b00000, 0x0000000082c00000, 0x0000000082c00000|100%| O|  |TAMS 0x0000000082c00000, 0x0000000082b00000| Updating 
|  44|0x0000000082c00000, 0x0000000082d00000, 0x0000000082d00000|100%| O|  |TAMS 0x0000000082d00000, 0x0000000082c00000| Updating 
|  45|0x0000000082d00000, 0x0000000082e00000, 0x0000000082e00000|100%| O|  |TAMS 0x0000000082e00000, 0x0000000082d00000| Updating 
|  46|0x0000000082e00000, 0x0000000082f00000, 0x0000000082f00000|100%| O|  |TAMS 0x0000000082f00000, 0x0000000082e00000| Updating 
|  47|0x0000000082f00000, 0x0000000083000000, 0x0000000083000000|100%| O|  |TAMS 0x0000000083000000, 0x0000000082f00000| Updating 
|  48|0x0000000083000000, 0x0000000083100000, 0x0000000083100000|100%| O|  |TAMS 0x0000000083100000, 0x0000000083000000| Updating 
|  49|0x0000000083100000, 0x0000000083200000, 0x0000000083200000|100%| O|  |TAMS 0x0000000083200000, 0x0000000083100000| Updating 
|  50|0x0000000083200000, 0x0000000083300000, 0x0000000083300000|100%| O|  |TAMS 0x0000000083300000, 0x0000000083200000| Updating 
|  51|0x0000000083300000, 0x0000000083400000, 0x0000000083400000|100%| O|  |TAMS 0x0000000083400000, 0x0000000083300000| Updating 
|  52|0x0000000083400000, 0x0000000083500000, 0x0000000083500000|100%| O|  |TAMS 0x0000000083500000, 0x0000000083400000| Updating 
|  53|0x0000000083500000, 0x0000000083600000, 0x0000000083600000|100%| O|  |TAMS 0x0000000083600000, 0x0000000083500000| Updating 
|  54|0x0000000083600000, 0x0000000083700000, 0x0000000083700000|100%| O|  |TAMS 0x0000000083700000, 0x0000000083600000| Updating 
|  55|0x0000000083700000, 0x0000000083800000, 0x0000000083800000|100%| O|  |TAMS 0x0000000083800000, 0x0000000083700000| Updating 
|  56|0x0000000083800000, 0x0000000083900000, 0x0000000083900000|100%| O|  |TAMS 0x0000000083900000, 0x0000000083800000| Updating 
|  57|0x0000000083900000, 0x0000000083a00000, 0x0000000083a00000|100%| O|  |TAMS 0x0000000083a00000, 0x0000000083900000| Updating 
|  58|0x0000000083a00000, 0x0000000083b00000, 0x0000000083b00000|100%| O|  |TAMS 0x0000000083b00000, 0x0000000083a00000| Updating 
|  59|0x0000000083b00000, 0x0000000083c00000, 0x0000000083c00000|100%| O|  |TAMS 0x0000000083c00000, 0x0000000083b00000| Updating 
|  60|0x0000000083c00000, 0x0000000083d00000, 0x0000000083d00000|100%| O|  |TAMS 0x0000000083d00000, 0x0000000083c00000| Updating 
|  61|0x0000000083d00000, 0x0000000083e00000, 0x0000000083e00000|100%| O|  |TAMS 0x0000000083e00000, 0x0000000083d00000| Updating 
|  62|0x0000000083e00000, 0x0000000083f00000, 0x0000000083f00000|100%| O|  |TAMS 0x0000000083f00000, 0x0000000083e00000| Updating 
|  63|0x0000000083f00000, 0x0000000084000000, 0x0000000084000000|100%| O|  |TAMS 0x0000000084000000, 0x0000000083f00000| Updating 
|  64|0x0000000084000000, 0x0000000084100000, 0x0000000084100000|100%| O|  |TAMS 0x0000000084100000, 0x0000000084000000| Updating 
|  65|0x0000000084100000, 0x0000000084200000, 0x0000000084200000|100%| O|  |TAMS 0x0000000084200000, 0x0000000084100000| Updating 
|  66|0x0000000084200000, 0x0000000084300000, 0x0000000084300000|100%| O|  |TAMS 0x0000000084300000, 0x0000000084200000| Updating 
|  67|0x0000000084300000, 0x0000000084400000, 0x0000000084400000|100%| O|  |TAMS 0x0000000084400000, 0x0000000084300000| Updating 
|  68|0x0000000084400000, 0x0000000084500000, 0x0000000084500000|100%| O|  |TAMS 0x0000000084500000, 0x0000000084400000| Updating 
|  69|0x0000000084500000, 0x0000000084600000, 0x0000000084600000|100%| O|  |TAMS 0x0000000084600000, 0x0000000084500000| Updating 
|  70|0x0000000084600000, 0x0000000084700000, 0x0000000084700000|100%| O|  |TAMS 0x0000000084700000, 0x0000000084600000| Updating 
|  71|0x0000000084700000, 0x0000000084800000, 0x0000000084800000|100%| O|  |TAMS 0x0000000084800000, 0x0000000084700000| Updating 
|  72|0x0000000084800000, 0x0000000084900000, 0x0000000084900000|100%| O|  |TAMS 0x0000000084900000, 0x0000000084800000| Updating 
|  73|0x0000000084900000, 0x0000000084a00000, 0x0000000084a00000|100%| O|  |TAMS 0x0000000084a00000, 0x0000000084900000| Updating 
|  74|0x0000000084a00000, 0x0000000084b00000, 0x0000000084b00000|100%| O|  |TAMS 0x0000000084b00000, 0x0000000084a00000| Updating 
|  75|0x0000000084b00000, 0x0000000084c00000, 0x0000000084c00000|100%| O|  |TAMS 0x0000000084c00000, 0x0000000084b00000| Updating 
|  76|0x0000000084c00000, 0x0000000084d00000, 0x0000000084d00000|100%| O|  |TAMS 0x0000000084d00000, 0x0000000084c00000| Updating 
|  77|0x0000000084d00000, 0x0000000084e00000, 0x0000000084e00000|100%| O|  |TAMS 0x0000000084e00000, 0x0000000084d00000| Updating 
|  78|0x0000000084e00000, 0x0000000084f00000, 0x0000000084f00000|100%| O|  |TAMS 0x0000000084f00000, 0x0000000084e00000| Updating 
|  79|0x0000000084f00000, 0x0000000085000000, 0x0000000085000000|100%| O|  |TAMS 0x0000000085000000, 0x0000000084f00000| Updating 
|  80|0x0000000085000000, 0x0000000085100000, 0x0000000085100000|100%| O|  |TAMS 0x0000000085100000, 0x0000000085000000| Updating 
|  81|0x0000000085100000, 0x0000000085200000, 0x0000000085200000|100%| O|  |TAMS 0x0000000085200000, 0x0000000085100000| Updating 
|  82|0x0000000085200000, 0x0000000085300000, 0x0000000085300000|100%| O|  |TAMS 0x0000000085300000, 0x0000000085200000| Updating 
|  83|0x0000000085300000, 0x0000000085400000, 0x0000000085400000|100%| O|  |TAMS 0x0000000085400000, 0x0000000085300000| Updating 
|  84|0x0000000085400000, 0x0000000085500000, 0x0000000085500000|100%| O|  |TAMS 0x0000000085500000, 0x0000000085400000| Updating 
|  85|0x0000000085500000, 0x0000000085600000, 0x0000000085600000|100%| O|  |TAMS 0x0000000085600000, 0x0000000085500000| Updating 
|  86|0x0000000085600000, 0x0000000085700000, 0x0000000085700000|100%| O|  |TAMS 0x0000000085700000, 0x0000000085600000| Updating 
|  87|0x0000000085700000, 0x0000000085800000, 0x0000000085800000|100%| O|  |TAMS 0x0000000085800000, 0x0000000085700000| Updating 
|  88|0x0000000085800000, 0x0000000085900000, 0x0000000085900000|100%| O|  |TAMS 0x0000000085900000, 0x0000000085800000| Updating 
|  89|0x0000000085900000, 0x0000000085a00000, 0x0000000085a00000|100%| O|  |TAMS 0x0000000085a00000, 0x0000000085900000| Updating 
|  90|0x0000000085a00000, 0x0000000085b00000, 0x0000000085b00000|100%| O|  |TAMS 0x0000000085b00000, 0x0000000085a00000| Updating 
|  91|0x0000000085b00000, 0x0000000085c00000, 0x0000000085c00000|100%| O|  |TAMS 0x0000000085c00000, 0x0000000085b00000| Updating 
|  92|0x0000000085c00000, 0x0000000085d00000, 0x0000000085d00000|100%| O|  |TAMS 0x0000000085d00000, 0x0000000085c00000| Updating 
|  93|0x0000000085d00000, 0x0000000085e00000, 0x0000000085e00000|100%| O|  |TAMS 0x0000000085e00000, 0x0000000085d00000| Updating 
|  94|0x0000000085e00000, 0x0000000085f00000, 0x0000000085f00000|100%| O|  |TAMS 0x0000000085f00000, 0x0000000085e00000| Updating 
|  95|0x0000000085f00000, 0x0000000086000000, 0x0000000086000000|100%| O|  |TAMS 0x0000000085fdcc00, 0x0000000085f00000| Updating 
|  96|0x0000000086000000, 0x0000000086100000, 0x0000000086100000|100%| O|  |TAMS 0x0000000086100000, 0x0000000086000000| Updating 
|  97|0x0000000086100000, 0x0000000086200000, 0x0000000086200000|100%| O|  |TAMS 0x0000000086200000, 0x0000000086100000| Updating 
|  98|0x0000000086200000, 0x0000000086300000, 0x0000000086300000|100%| O|  |TAMS 0x0000000086300000, 0x0000000086200000| Updating 
|  99|0x0000000086300000, 0x0000000086400000, 0x0000000086400000|100%| O|  |TAMS 0x0000000086400000, 0x0000000086300000| Updating 
| 100|0x0000000086400000, 0x0000000086500000, 0x0000000086500000|100%| O|  |TAMS 0x0000000086500000, 0x0000000086400000| Updating 
| 101|0x0000000086500000, 0x0000000086600000, 0x0000000086600000|100%| O|  |TAMS 0x0000000086600000, 0x0000000086500000| Updating 
| 102|0x0000000086600000, 0x0000000086700000, 0x0000000086700000|100%| O|  |TAMS 0x0000000086700000, 0x0000000086600000| Updating 
| 103|0x0000000086700000, 0x0000000086800000, 0x0000000086800000|100%| O|  |TAMS 0x0000000086800000, 0x0000000086700000| Updating 
| 104|0x0000000086800000, 0x0000000086900000, 0x0000000086900000|100%|HS|  |TAMS 0x0000000086900000, 0x0000000086800000| Complete 
| 105|0x0000000086900000, 0x0000000086a00000, 0x0000000086a00000|100%|HC|  |TAMS 0x0000000086a00000, 0x0000000086900000| Complete 
| 106|0x0000000086a00000, 0x0000000086b00000, 0x0000000086b00000|100%| O|  |TAMS 0x0000000086b00000, 0x0000000086a00000| Updating 
| 107|0x0000000086b00000, 0x0000000086c00000, 0x0000000086c00000|100%| O|  |TAMS 0x0000000086c00000, 0x0000000086b00000| Updating 
| 108|0x0000000086c00000, 0x0000000086d00000, 0x0000000086d00000|100%| O|  |TAMS 0x0000000086d00000, 0x0000000086c00000| Updating 
| 109|0x0000000086d00000, 0x0000000086e00000, 0x0000000086e00000|100%| O|  |TAMS 0x0000000086e00000, 0x0000000086d00000| Updating 
| 110|0x0000000086e00000, 0x0000000086f00000, 0x0000000086f00000|100%| O|  |TAMS 0x0000000086f00000, 0x0000000086e00000| Updating 
| 111|0x0000000086f00000, 0x0000000087000000, 0x0000000087000000|100%| O|  |TAMS 0x0000000087000000, 0x0000000086f00000| Updating 
| 112|0x0000000087000000, 0x0000000087100000, 0x0000000087100000|100%| O|  |TAMS 0x0000000087100000, 0x0000000087000000| Updating 
| 113|0x0000000087100000, 0x0000000087200000, 0x0000000087200000|100%| O|  |TAMS 0x0000000087200000, 0x0000000087100000| Updating 
| 114|0x0000000087200000, 0x0000000087300000, 0x0000000087300000|100%| O|  |TAMS 0x0000000087300000, 0x0000000087200000| Updating 
| 115|0x0000000087300000, 0x0000000087400000, 0x0000000087400000|100%| O|  |TAMS 0x0000000087400000, 0x0000000087300000| Updating 
| 116|0x0000000087400000, 0x0000000087500000, 0x0000000087500000|100%| O|  |TAMS 0x0000000087500000, 0x0000000087400000| Updating 
| 117|0x0000000087500000, 0x0000000087600000, 0x0000000087600000|100%| O|  |TAMS 0x0000000087600000, 0x0000000087500000| Updating 
| 118|0x0000000087600000, 0x0000000087700000, 0x0000000087700000|100%| O|  |TAMS 0x0000000087700000, 0x0000000087600000| Updating 
| 119|0x0000000087700000, 0x0000000087800000, 0x0000000087800000|100%| O|  |TAMS 0x0000000087800000, 0x0000000087700000| Updating 
| 120|0x0000000087800000, 0x0000000087900000, 0x0000000087900000|100%| O|  |TAMS 0x0000000087900000, 0x0000000087800000| Updating 
| 121|0x0000000087900000, 0x0000000087a00000, 0x0000000087a00000|100%| O|  |TAMS 0x0000000087a00000, 0x0000000087900000| Updating 
| 122|0x0000000087a00000, 0x0000000087b00000, 0x0000000087b00000|100%| O|  |TAMS 0x0000000087b00000, 0x0000000087a00000| Updating 
| 123|0x0000000087b00000, 0x0000000087c00000, 0x0000000087c00000|100%| O|  |TAMS 0x0000000087c00000, 0x0000000087b00000| Updating 
| 124|0x0000000087c00000, 0x0000000087d00000, 0x0000000087d00000|100%| O|  |TAMS 0x0000000087d00000, 0x0000000087c00000| Updating 
| 125|0x0000000087d00000, 0x0000000087e00000, 0x0000000087e00000|100%| O|  |TAMS 0x0000000087e00000, 0x0000000087d00000| Updating 
| 126|0x0000000087e00000, 0x0000000087f00000, 0x0000000087f00000|100%| O|  |TAMS 0x0000000087f00000, 0x0000000087e00000| Updating 
| 127|0x0000000087f00000, 0x0000000088000000, 0x0000000088000000|100%| O|  |TAMS 0x0000000088000000, 0x0000000087f00000| Updating 
| 128|0x0000000088000000, 0x0000000088100000, 0x0000000088100000|100%| O|  |TAMS 0x0000000088100000, 0x0000000088000000| Updating 
| 129|0x0000000088100000, 0x0000000088200000, 0x0000000088200000|100%| O|  |TAMS 0x0000000088200000, 0x0000000088100000| Updating 
| 130|0x0000000088200000, 0x0000000088300000, 0x0000000088300000|100%| O|  |TAMS 0x0000000088300000, 0x0000000088200000| Updating 
| 131|0x0000000088300000, 0x0000000088400000, 0x0000000088400000|100%| O|  |TAMS 0x0000000088400000, 0x0000000088300000| Updating 
| 132|0x0000000088400000, 0x0000000088500000, 0x0000000088500000|100%| O|  |TAMS 0x0000000088500000, 0x0000000088400000| Updating 
| 133|0x0000000088500000, 0x0000000088600000, 0x0000000088600000|100%| O|  |TAMS 0x0000000088600000, 0x0000000088500000| Updating 
| 134|0x0000000088600000, 0x0000000088700000, 0x0000000088700000|100%| O|  |TAMS 0x0000000088700000, 0x0000000088600000| Updating 
| 135|0x0000000088700000, 0x0000000088800000, 0x0000000088800000|100%| O|  |TAMS 0x0000000088800000, 0x0000000088700000| Updating 
| 136|0x0000000088800000, 0x0000000088900000, 0x0000000088900000|100%| O|  |TAMS 0x0000000088900000, 0x0000000088800000| Updating 
| 137|0x0000000088900000, 0x0000000088a00000, 0x0000000088a00000|100%| O|  |TAMS 0x0000000088a00000, 0x0000000088900000| Updating 
| 138|0x0000000088a00000, 0x0000000088b00000, 0x0000000088b00000|100%| O|  |TAMS 0x0000000088b00000, 0x0000000088a00000| Updating 
| 139|0x0000000088b00000, 0x0000000088c00000, 0x0000000088c00000|100%| O|  |TAMS 0x0000000088c00000, 0x0000000088b00000| Updating 
| 140|0x0000000088c00000, 0x0000000088d00000, 0x0000000088d00000|100%| O|  |TAMS 0x0000000088d00000, 0x0000000088c00000| Updating 
| 141|0x0000000088d00000, 0x0000000088e00000, 0x0000000088e00000|100%| O|  |TAMS 0x0000000088e00000, 0x0000000088d00000| Updating 
| 142|0x0000000088e00000, 0x0000000088f00000, 0x0000000088f00000|100%| O|  |TAMS 0x0000000088f00000, 0x0000000088e00000| Updating 
| 143|0x0000000088f00000, 0x0000000089000000, 0x0000000089000000|100%| O|  |TAMS 0x0000000089000000, 0x0000000088f00000| Updating 
| 144|0x0000000089000000, 0x0000000089100000, 0x0000000089100000|100%| O|  |TAMS 0x0000000089100000, 0x0000000089000000| Updating 
| 145|0x0000000089100000, 0x0000000089200000, 0x0000000089200000|100%| O|  |TAMS 0x0000000089200000, 0x0000000089100000| Updating 
| 146|0x0000000089200000, 0x0000000089300000, 0x0000000089300000|100%| O|  |TAMS 0x0000000089300000, 0x0000000089200000| Updating 
| 147|0x0000000089300000, 0x0000000089400000, 0x0000000089400000|100%| O|  |TAMS 0x0000000089400000, 0x0000000089300000| Updating 
| 148|0x0000000089400000, 0x0000000089500000, 0x0000000089500000|100%| O|  |TAMS 0x0000000089500000, 0x0000000089400000| Updating 
| 149|0x0000000089500000, 0x0000000089600000, 0x0000000089600000|100%| O|  |TAMS 0x0000000089600000, 0x0000000089500000| Updating 
| 150|0x0000000089600000, 0x0000000089700000, 0x0000000089700000|100%| O|  |TAMS 0x0000000089700000, 0x0000000089600000| Updating 
| 151|0x0000000089700000, 0x0000000089800000, 0x0000000089800000|100%| O|  |TAMS 0x0000000089800000, 0x0000000089700000| Updating 
| 152|0x0000000089800000, 0x0000000089900000, 0x0000000089900000|100%| O|  |TAMS 0x0000000089900000, 0x0000000089800000| Updating 
| 153|0x0000000089900000, 0x00000000899ffff8, 0x0000000089a00000| 99%| O|  |TAMS 0x00000000899ffff8, 0x0000000089900000| Updating 
| 154|0x0000000089a00000, 0x0000000089b00000, 0x0000000089b00000|100%| O|  |TAMS 0x0000000089b00000, 0x0000000089a00000| Updating 
| 155|0x0000000089b00000, 0x0000000089c00000, 0x0000000089c00000|100%| O|  |TAMS 0x0000000089c00000, 0x0000000089b00000| Updating 
| 156|0x0000000089c00000, 0x0000000089d00000, 0x0000000089d00000|100%| O|  |TAMS 0x0000000089c00000, 0x0000000089c00000| Untracked 
| 157|0x0000000089d00000, 0x0000000089e00000, 0x0000000089e00000|100%| O|  |TAMS 0x0000000089d00000, 0x0000000089d00000| Untracked 
| 158|0x0000000089e00000, 0x0000000089e36400, 0x0000000089f00000| 21%| O|  |TAMS 0x0000000089e00000, 0x0000000089e00000| Untracked 
| 159|0x0000000089f00000, 0x0000000089f00000, 0x000000008a000000|  0%| F|  |TAMS 0x0000000089f00000, 0x0000000089f00000| Untracked 
| 160|0x000000008a000000, 0x000000008a000000, 0x000000008a100000|  0%| F|  |TAMS 0x000000008a000000, 0x000000008a000000| Untracked 
| 161|0x000000008a100000, 0x000000008a100000, 0x000000008a200000|  0%| F|  |TAMS 0x000000008a100000, 0x000000008a100000| Untracked 
| 162|0x000000008a200000, 0x000000008a200000, 0x000000008a300000|  0%| F|  |TAMS 0x000000008a200000, 0x000000008a200000| Untracked 
| 163|0x000000008a300000, 0x000000008a300000, 0x000000008a400000|  0%| F|  |TAMS 0x000000008a300000, 0x000000008a300000| Untracked 
| 164|0x000000008a400000, 0x000000008a400000, 0x000000008a500000|  0%| F|  |TAMS 0x000000008a400000, 0x000000008a400000| Untracked 
| 165|0x000000008a500000, 0x000000008a500000, 0x000000008a600000|  0%| F|  |TAMS 0x000000008a500000, 0x000000008a500000| Untracked 
| 166|0x000000008a600000, 0x000000008a600000, 0x000000008a700000|  0%| F|  |TAMS 0x000000008a600000, 0x000000008a600000| Untracked 
| 167|0x000000008a700000, 0x000000008a700000, 0x000000008a800000|  0%| F|  |TAMS 0x000000008a700000, 0x000000008a700000| Untracked 
| 168|0x000000008a800000, 0x000000008a800000, 0x000000008a900000|  0%| F|  |TAMS 0x000000008a800000, 0x000000008a800000| Untracked 
| 169|0x000000008a900000, 0x000000008a900000, 0x000000008aa00000|  0%| F|  |TAMS 0x000000008a900000, 0x000000008a900000| Untracked 
| 170|0x000000008aa00000, 0x000000008aa00000, 0x000000008ab00000|  0%| F|  |TAMS 0x000000008aa00000, 0x000000008aa00000| Untracked 
| 171|0x000000008ab00000, 0x000000008ab00000, 0x000000008ac00000|  0%| F|  |TAMS 0x000000008ab00000, 0x000000008ab00000| Untracked 
| 172|0x000000008ac00000, 0x000000008ac00000, 0x000000008ad00000|  0%| F|  |TAMS 0x000000008ac00000, 0x000000008ac00000| Untracked 
| 173|0x000000008ad00000, 0x000000008ad00000, 0x000000008ae00000|  0%| F|  |TAMS 0x000000008ad00000, 0x000000008ad00000| Untracked 
| 174|0x000000008ae00000, 0x000000008ae00000, 0x000000008af00000|  0%| F|  |TAMS 0x000000008ae00000, 0x000000008ae00000| Untracked 
| 175|0x000000008af00000, 0x000000008af00000, 0x000000008b000000|  0%| F|  |TAMS 0x000000008af00000, 0x000000008af00000| Untracked 
| 176|0x000000008b000000, 0x000000008b000000, 0x000000008b100000|  0%| F|  |TAMS 0x000000008b000000, 0x000000008b000000| Untracked 
| 177|0x000000008b100000, 0x000000008b100000, 0x000000008b200000|  0%| F|  |TAMS 0x000000008b100000, 0x000000008b100000| Untracked 
| 178|0x000000008b200000, 0x000000008b200000, 0x000000008b300000|  0%| F|  |TAMS 0x000000008b200000, 0x000000008b200000| Untracked 
| 179|0x000000008b300000, 0x000000008b300000, 0x000000008b400000|  0%| F|  |TAMS 0x000000008b300000, 0x000000008b300000| Untracked 
| 180|0x000000008b400000, 0x000000008b400000, 0x000000008b500000|  0%| F|  |TAMS 0x000000008b400000, 0x000000008b400000| Untracked 
| 181|0x000000008b500000, 0x000000008b500000, 0x000000008b600000|  0%| F|  |TAMS 0x000000008b500000, 0x000000008b500000| Untracked 
| 182|0x000000008b600000, 0x000000008b600000, 0x000000008b700000|  0%| F|  |TAMS 0x000000008b600000, 0x000000008b600000| Untracked 
| 183|0x000000008b700000, 0x000000008b700000, 0x000000008b800000|  0%| F|  |TAMS 0x000000008b700000, 0x000000008b700000| Untracked 
| 184|0x000000008b800000, 0x000000008b800000, 0x000000008b900000|  0%| F|  |TAMS 0x000000008b800000, 0x000000008b800000| Untracked 
| 185|0x000000008b900000, 0x000000008b900000, 0x000000008ba00000|  0%| F|  |TAMS 0x000000008b900000, 0x000000008b900000| Untracked 
| 186|0x000000008ba00000, 0x000000008ba00000, 0x000000008bb00000|  0%| F|  |TAMS 0x000000008ba00000, 0x000000008ba00000| Untracked 
| 187|0x000000008bb00000, 0x000000008bb00000, 0x000000008bc00000|  0%| F|  |TAMS 0x000000008bb00000, 0x000000008bb00000| Untracked 
| 188|0x000000008bc00000, 0x000000008bc00000, 0x000000008bd00000|  0%| F|  |TAMS 0x000000008bc00000, 0x000000008bc00000| Untracked 
| 189|0x000000008bd00000, 0x000000008bd00000, 0x000000008be00000|  0%| F|  |TAMS 0x000000008bd00000, 0x000000008bd00000| Untracked 
| 190|0x000000008be00000, 0x000000008be00000, 0x000000008bf00000|  0%| F|  |TAMS 0x000000008be00000, 0x000000008be00000| Untracked 
| 191|0x000000008bf00000, 0x000000008bf00000, 0x000000008c000000|  0%| F|  |TAMS 0x000000008bf00000, 0x000000008bf00000| Untracked 
| 192|0x000000008c000000, 0x000000008c000000, 0x000000008c100000|  0%| F|  |TAMS 0x000000008c000000, 0x000000008c000000| Untracked 
| 193|0x000000008c100000, 0x000000008c100000, 0x000000008c200000|  0%| F|  |TAMS 0x000000008c100000, 0x000000008c100000| Untracked 
| 194|0x000000008c200000, 0x000000008c200000, 0x000000008c300000|  0%| F|  |TAMS 0x000000008c200000, 0x000000008c200000| Untracked 
| 195|0x000000008c300000, 0x000000008c300000, 0x000000008c400000|  0%| F|  |TAMS 0x000000008c300000, 0x000000008c300000| Untracked 
| 196|0x000000008c400000, 0x000000008c400000, 0x000000008c500000|  0%| F|  |TAMS 0x000000008c400000, 0x000000008c400000| Untracked 
| 197|0x000000008c500000, 0x000000008c500000, 0x000000008c600000|  0%| F|  |TAMS 0x000000008c500000, 0x000000008c500000| Untracked 
| 198|0x000000008c600000, 0x000000008c694868, 0x000000008c700000| 58%| S|CS|TAMS 0x000000008c600000, 0x000000008c600000| Complete 
| 199|0x000000008c700000, 0x000000008c800000, 0x000000008c800000|100%| S|CS|TAMS 0x000000008c700000, 0x000000008c700000| Complete 
| 200|0x000000008c800000, 0x000000008c900000, 0x000000008c900000|100%| S|CS|TAMS 0x000000008c800000, 0x000000008c800000| Complete 
| 201|0x000000008c900000, 0x000000008ca00000, 0x000000008ca00000|100%| S|CS|TAMS 0x000000008c900000, 0x000000008c900000| Complete 
| 202|0x000000008ca00000, 0x000000008cb00000, 0x000000008cb00000|100%| S|CS|TAMS 0x000000008ca00000, 0x000000008ca00000| Complete 
| 203|0x000000008cb00000, 0x000000008cc00000, 0x000000008cc00000|100%| S|CS|TAMS 0x000000008cb00000, 0x000000008cb00000| Complete 
| 204|0x000000008cc00000, 0x000000008cc00000, 0x000000008cd00000|  0%| F|  |TAMS 0x000000008cc00000, 0x000000008cc00000| Untracked 
| 205|0x000000008cd00000, 0x000000008cd00000, 0x000000008ce00000|  0%| F|  |TAMS 0x000000008cd00000, 0x000000008cd00000| Untracked 
| 206|0x000000008ce00000, 0x000000008ce00000, 0x000000008cf00000|  0%| F|  |TAMS 0x000000008ce00000, 0x000000008ce00000| Untracked 
| 207|0x000000008cf00000, 0x000000008cf00000, 0x000000008d000000|  0%| F|  |TAMS 0x000000008cf00000, 0x000000008cf00000| Untracked 
| 208|0x000000008d000000, 0x000000008d000000, 0x000000008d100000|  0%| F|  |TAMS 0x000000008d000000, 0x000000008d000000| Untracked 
| 209|0x000000008d100000, 0x000000008d100000, 0x000000008d200000|  0%| F|  |TAMS 0x000000008d100000, 0x000000008d100000| Untracked 
| 210|0x000000008d200000, 0x000000008d200000, 0x000000008d300000|  0%| F|  |TAMS 0x000000008d200000, 0x000000008d200000| Untracked 
| 211|0x000000008d300000, 0x000000008d300000, 0x000000008d400000|  0%| F|  |TAMS 0x000000008d300000, 0x000000008d300000| Untracked 
| 212|0x000000008d400000, 0x000000008d400000, 0x000000008d500000|  0%| F|  |TAMS 0x000000008d400000, 0x000000008d400000| Untracked 
| 213|0x000000008d500000, 0x000000008d500000, 0x000000008d600000|  0%| F|  |TAMS 0x000000008d500000, 0x000000008d500000| Untracked 
| 214|0x000000008d600000, 0x000000008d600000, 0x000000008d700000|  0%| F|  |TAMS 0x000000008d600000, 0x000000008d600000| Untracked 
| 215|0x000000008d700000, 0x000000008d700000, 0x000000008d800000|  0%| F|  |TAMS 0x000000008d700000, 0x000000008d700000| Untracked 
| 216|0x000000008d800000, 0x000000008d800000, 0x000000008d900000|  0%| F|  |TAMS 0x000000008d800000, 0x000000008d800000| Untracked 
| 217|0x000000008d900000, 0x000000008d900000, 0x000000008da00000|  0%| F|  |TAMS 0x000000008d900000, 0x000000008d900000| Untracked 
| 218|0x000000008da00000, 0x000000008da00000, 0x000000008db00000|  0%| F|  |TAMS 0x000000008da00000, 0x000000008da00000| Untracked 
| 219|0x000000008db00000, 0x000000008db00000, 0x000000008dc00000|  0%| F|  |TAMS 0x000000008db00000, 0x000000008db00000| Untracked 
| 220|0x000000008dc00000, 0x000000008dc00000, 0x000000008dd00000|  0%| F|  |TAMS 0x000000008dc00000, 0x000000008dc00000| Untracked 
| 221|0x000000008dd00000, 0x000000008dd00000, 0x000000008de00000|  0%| F|  |TAMS 0x000000008dd00000, 0x000000008dd00000| Untracked 
| 222|0x000000008de00000, 0x000000008de00000, 0x000000008df00000|  0%| F|  |TAMS 0x000000008de00000, 0x000000008de00000| Untracked 
| 223|0x000000008df00000, 0x000000008df00000, 0x000000008e000000|  0%| F|  |TAMS 0x000000008df00000, 0x000000008df00000| Untracked 
| 224|0x000000008e000000, 0x000000008e000000, 0x000000008e100000|  0%| F|  |TAMS 0x000000008e000000, 0x000000008e000000| Untracked 
| 225|0x000000008e100000, 0x000000008e100000, 0x000000008e200000|  0%| F|  |TAMS 0x000000008e100000, 0x000000008e100000| Untracked 
| 226|0x000000008e200000, 0x000000008e200000, 0x000000008e300000|  0%| F|  |TAMS 0x000000008e200000, 0x000000008e200000| Untracked 
| 227|0x000000008e300000, 0x000000008e300000, 0x000000008e400000|  0%| F|  |TAMS 0x000000008e300000, 0x000000008e300000| Untracked 
| 228|0x000000008e400000, 0x000000008e400000, 0x000000008e500000|  0%| F|  |TAMS 0x000000008e400000, 0x000000008e400000| Untracked 
| 229|0x000000008e500000, 0x000000008e500000, 0x000000008e600000|  0%| F|  |TAMS 0x000000008e500000, 0x000000008e500000| Untracked 
| 230|0x000000008e600000, 0x000000008e600000, 0x000000008e700000|  0%| F|  |TAMS 0x000000008e600000, 0x000000008e600000| Untracked 
| 231|0x000000008e700000, 0x000000008e700000, 0x000000008e800000|  0%| F|  |TAMS 0x000000008e700000, 0x000000008e700000| Untracked 
| 232|0x000000008e800000, 0x000000008e800000, 0x000000008e900000|  0%| F|  |TAMS 0x000000008e800000, 0x000000008e800000| Untracked 
| 233|0x000000008e900000, 0x000000008e900000, 0x000000008ea00000|  0%| F|  |TAMS 0x000000008e900000, 0x000000008e900000| Untracked 
| 234|0x000000008ea00000, 0x000000008ea00000, 0x000000008eb00000|  0%| F|  |TAMS 0x000000008ea00000, 0x000000008ea00000| Untracked 
| 235|0x000000008eb00000, 0x000000008eb00000, 0x000000008ec00000|  0%| F|  |TAMS 0x000000008eb00000, 0x000000008eb00000| Untracked 
| 236|0x000000008ec00000, 0x000000008ec00000, 0x000000008ed00000|  0%| F|  |TAMS 0x000000008ec00000, 0x000000008ec00000| Untracked 
| 237|0x000000008ed00000, 0x000000008ed00000, 0x000000008ee00000|  0%| F|  |TAMS 0x000000008ed00000, 0x000000008ed00000| Untracked 
| 238|0x000000008ee00000, 0x000000008ee00000, 0x000000008ef00000|  0%| F|  |TAMS 0x000000008ee00000, 0x000000008ee00000| Untracked 
| 239|0x000000008ef00000, 0x000000008ef00000, 0x000000008f000000|  0%| F|  |TAMS 0x000000008ef00000, 0x000000008ef00000| Untracked 
| 240|0x000000008f000000, 0x000000008f000000, 0x000000008f100000|  0%| F|  |TAMS 0x000000008f000000, 0x000000008f000000| Untracked 
| 241|0x000000008f100000, 0x000000008f100000, 0x000000008f200000|  0%| F|  |TAMS 0x000000008f100000, 0x000000008f100000| Untracked 
| 242|0x000000008f200000, 0x000000008f200000, 0x000000008f300000|  0%| F|  |TAMS 0x000000008f200000, 0x000000008f200000| Untracked 
| 243|0x000000008f300000, 0x000000008f300000, 0x000000008f400000|  0%| F|  |TAMS 0x000000008f300000, 0x000000008f300000| Untracked 
| 244|0x000000008f400000, 0x000000008f400000, 0x000000008f500000|  0%| F|  |TAMS 0x000000008f400000, 0x000000008f400000| Untracked 
| 245|0x000000008f500000, 0x000000008f500000, 0x000000008f600000|  0%| F|  |TAMS 0x000000008f500000, 0x000000008f500000| Untracked 
| 246|0x000000008f600000, 0x000000008f600000, 0x000000008f700000|  0%| F|  |TAMS 0x000000008f600000, 0x000000008f600000| Untracked 
| 247|0x000000008f700000, 0x000000008f700000, 0x000000008f800000|  0%| F|  |TAMS 0x000000008f700000, 0x000000008f700000| Untracked 
| 248|0x000000008f800000, 0x000000008f800000, 0x000000008f900000|  0%| F|  |TAMS 0x000000008f800000, 0x000000008f800000| Untracked 
| 249|0x000000008f900000, 0x000000008f900000, 0x000000008fa00000|  0%| F|  |TAMS 0x000000008f900000, 0x000000008f900000| Untracked 
| 250|0x000000008fa00000, 0x000000008fa00000, 0x000000008fb00000|  0%| F|  |TAMS 0x000000008fa00000, 0x000000008fa00000| Untracked 
| 251|0x000000008fb00000, 0x000000008fb00000, 0x000000008fc00000|  0%| F|  |TAMS 0x000000008fb00000, 0x000000008fb00000| Untracked 
| 252|0x000000008fc00000, 0x000000008fc00000, 0x000000008fd00000|  0%| F|  |TAMS 0x000000008fc00000, 0x000000008fc00000| Untracked 
| 253|0x000000008fd00000, 0x000000008fd00000, 0x000000008fe00000|  0%| F|  |TAMS 0x000000008fd00000, 0x000000008fd00000| Untracked 
| 254|0x000000008fe00000, 0x000000008fe00000, 0x000000008ff00000|  0%| F|  |TAMS 0x000000008fe00000, 0x000000008fe00000| Untracked 
| 255|0x000000008ff00000, 0x000000008ff00000, 0x0000000090000000|  0%| F|  |TAMS 0x000000008ff00000, 0x000000008ff00000| Untracked 
| 256|0x0000000090000000, 0x0000000090000000, 0x0000000090100000|  0%| F|  |TAMS 0x0000000090000000, 0x0000000090000000| Untracked 
| 257|0x0000000090100000, 0x0000000090100000, 0x0000000090200000|  0%| F|  |TAMS 0x0000000090100000, 0x0000000090100000| Untracked 
| 258|0x0000000090200000, 0x0000000090200000, 0x0000000090300000|  0%| F|  |TAMS 0x0000000090200000, 0x0000000090200000| Untracked 
| 259|0x0000000090300000, 0x0000000090300000, 0x0000000090400000|  0%| F|  |TAMS 0x0000000090300000, 0x0000000090300000| Untracked 
| 260|0x0000000090400000, 0x0000000090400000, 0x0000000090500000|  0%| F|  |TAMS 0x0000000090400000, 0x0000000090400000| Untracked 
| 261|0x0000000090500000, 0x0000000090500000, 0x0000000090600000|  0%| F|  |TAMS 0x0000000090500000, 0x0000000090500000| Untracked 
| 262|0x0000000090600000, 0x0000000090600000, 0x0000000090700000|  0%| F|  |TAMS 0x0000000090600000, 0x0000000090600000| Untracked 
| 263|0x0000000090700000, 0x0000000090700000, 0x0000000090800000|  0%| F|  |TAMS 0x0000000090700000, 0x0000000090700000| Untracked 
| 264|0x0000000090800000, 0x0000000090800000, 0x0000000090900000|  0%| F|  |TAMS 0x0000000090800000, 0x0000000090800000| Untracked 
| 265|0x0000000090900000, 0x0000000090900000, 0x0000000090a00000|  0%| F|  |TAMS 0x0000000090900000, 0x0000000090900000| Untracked 
| 266|0x0000000090a00000, 0x0000000090a00000, 0x0000000090b00000|  0%| F|  |TAMS 0x0000000090a00000, 0x0000000090a00000| Untracked 
| 267|0x0000000090b00000, 0x0000000090b00000, 0x0000000090c00000|  0%| F|  |TAMS 0x0000000090b00000, 0x0000000090b00000| Untracked 
| 268|0x0000000090c00000, 0x0000000090c00000, 0x0000000090d00000|  0%| F|  |TAMS 0x0000000090c00000, 0x0000000090c00000| Untracked 
| 269|0x0000000090d00000, 0x0000000090d00000, 0x0000000090e00000|  0%| F|  |TAMS 0x0000000090d00000, 0x0000000090d00000| Untracked 
| 270|0x0000000090e00000, 0x0000000090e00000, 0x0000000090f00000|  0%| F|  |TAMS 0x0000000090e00000, 0x0000000090e00000| Untracked 
| 271|0x0000000090f00000, 0x0000000090f00000, 0x0000000091000000|  0%| F|  |TAMS 0x0000000090f00000, 0x0000000090f00000| Untracked 
| 272|0x0000000091000000, 0x0000000091000000, 0x0000000091100000|  0%| F|  |TAMS 0x0000000091000000, 0x0000000091000000| Untracked 
| 273|0x0000000091100000, 0x0000000091100000, 0x0000000091200000|  0%| F|  |TAMS 0x0000000091100000, 0x0000000091100000| Untracked 
| 274|0x0000000091200000, 0x0000000091200000, 0x0000000091300000|  0%| F|  |TAMS 0x0000000091200000, 0x0000000091200000| Untracked 
| 275|0x0000000091300000, 0x0000000091300000, 0x0000000091400000|  0%| F|  |TAMS 0x0000000091300000, 0x0000000091300000| Untracked 
| 276|0x0000000091400000, 0x0000000091400000, 0x0000000091500000|  0%| F|  |TAMS 0x0000000091400000, 0x0000000091400000| Untracked 
| 277|0x0000000091500000, 0x0000000091500000, 0x0000000091600000|  0%| F|  |TAMS 0x0000000091500000, 0x0000000091500000| Untracked 
| 278|0x0000000091600000, 0x0000000091600000, 0x0000000091700000|  0%| F|  |TAMS 0x0000000091600000, 0x0000000091600000| Untracked 
| 279|0x0000000091700000, 0x0000000091700000, 0x0000000091800000|  0%| F|  |TAMS 0x0000000091700000, 0x0000000091700000| Untracked 

Card table byte_map: [0x00000000165b0000,0x00000000169b0000] _byte_map_base: 0x00000000161b0000

Marking Bits (Prev, Next): (CMBitMap*) 0x00000000160d54d8, (CMBitMap*) 0x00000000160d5510
 Prev Bits: [0x0000000016db0000, 0x0000000018db0000)
 Next Bits: [0x0000000018db0000, 0x000000001adb0000)

Polling page: 0x0000000000340000

Metaspace:

Usage:
  Non-class:     94.13 MB capacity,    92.49 MB ( 98%) used,     1.31 MB (  1%) free+waste,   338.63 KB ( <1%) overhead. 
      Class:     14.46 MB capacity,    13.43 MB ( 93%) used,   907.07 KB (  6%) free+waste,   152.63 KB (  1%) overhead. 
       Both:    108.59 MB capacity,   105.91 MB ( 98%) used,     2.20 MB (  2%) free+waste,   491.25 KB ( <1%) overhead. 

Virtual space:
  Non-class space:       96.00 MB reserved,      95.43 MB (>99%) committed 
      Class space:        1.00 GB reserved,      15.57 MB (  2%) committed 
             Both:        1.09 GB reserved,     111.00 MB ( 10%) committed 

Chunk freelists:
   Non-Class:  1.30 MB
       Class:  1.04 MB
        Both:  2.34 MB

MaxMetaspaceSize: 17179869184.00 GB
CompressedClassSpaceSize: 1.00 GB

CodeHeap 'non-profiled nmethods': size=120000Kb used=11652Kb max_used=12129Kb free=108347Kb
 bounds [0x000000000de90000, 0x000000000ea70000, 0x00000000153c0000]
CodeHeap 'profiled nmethods': size=120000Kb used=34065Kb max_used=35955Kb free=85934Kb
 bounds [0x0000000006960000, 0x0000000008ca0000, 0x000000000de90000]
CodeHeap 'non-nmethods': size=5760Kb used=2366Kb max_used=2449Kb free=3393Kb
 bounds [0x00000000063c0000, 0x0000000006630000, 0x0000000006960000]
 total_blobs=16256 nmethods=15222 adapters=945
 compilation: enabled
              stopped_count=0, restarted_count=0
 full_count=0

Compilation events (20 events):
Event: 32.977 Thread 0x000000005e7cd000 nmethod 17351 0x0000000006c34a10 code [0x0000000006c34bc0, 0x0000000006c34ce8]
Event: 32.977 Thread 0x000000005e7cd000 17369       2       com.android.tools.r8.internal.Ze::a (6 bytes)
Event: 32.978 Thread 0x000000005e7cd000 nmethod 17369 0x0000000006c2df90 code [0x0000000006c2e140, 0x0000000006c2e268]
Event: 32.978 Thread 0x000000005e7cd000 17370       2       com.android.tools.r8.internal.ja::a (44 bytes)
Event: 32.978 Thread 0x000000005e7cd000 nmethod 17370 0x0000000006c51c10 code [0x0000000006c51de0, 0x0000000006c51f98]
Event: 32.978 Thread 0x000000005e7cd000 17383       2       com.android.tools.r8.internal.NG::a0 (38 bytes)
Event: 32.978 Thread 0x000000005e7cd000 nmethod 17383 0x0000000006c51510 code [0x0000000006c51700, 0x0000000006c51a08]
Event: 32.978 Thread 0x000000005e7cd000 17439       2       com.android.tools.r8.internal.NG::x (16 bytes)
Event: 32.979 Thread 0x000000005e7cd000 nmethod 17439 0x0000000006c39490 code [0x0000000006c39640, 0x0000000006c39798]
Event: 32.979 Thread 0x000000005e7cd000 17437       2       com.android.tools.r8.internal.a5::<init> (23 bytes)
Event: 32.979 Thread 0x000000005e7cd000 nmethod 17437 0x0000000006c5a910 code [0x0000000006c5ab00, 0x0000000006c5aec8]
Event: 32.979 Thread 0x000000005e7cd000 17335       2       com.android.tools.r8.internal.Le::a (87 bytes)
Event: 32.980 Thread 0x000000005e7cd000 nmethod 17335 0x0000000006c8d210 code [0x0000000006c8d460, 0x0000000006c8d928]
Event: 32.980 Thread 0x000000005e7cd000 17440       2       com.android.tools.r8.internal.zw::a (100 bytes)
Event: 32.980 Thread 0x000000005e7cd000 nmethod 17440 0x0000000006c9a790 code [0x0000000006c9a9c0, 0x0000000006c9aea8]
Event: 32.980 Thread 0x000000005e7cd000 17360       2       com.android.tools.r8.internal.qz::c (44 bytes)
Event: 32.981 Thread 0x000000005e7cd000 nmethod 17360 0x0000000006c47d10 code [0x0000000006c47ee0, 0x0000000006c48038]
Event: 32.981 Thread 0x000000005e7cd000 17322       2       com.android.tools.r8.internal.qz::b (69 bytes)
Event: 32.981 Thread 0x000000005e7cd000 nmethod 17322 0x0000000006c9a090 code [0x0000000006c9a260, 0x0000000006c9a548]
Event: 32.981 Thread 0x000000005e7cd000 17441   !   3       com.android.tools.r8.internal.Te::a (828 bytes)

GC Heap History (20 events):
Event: 31.895 GC heap after
{Heap after GC invocations=40 (full 0):
 garbage-first heap   total 236544K, used 157542K [0x0000000080000000, 0x0000000100000000)
  region size 1024K, 5 young (5120K), 5 survivors (5120K)
 Metaspace       used 106890K, capacity 109460K, committed 112512K, reserved 1146880K
  class space    used 13548K, capacity 14525K, committed 15820K, reserved 1048576K
}
Event: 31.999 GC heap before
{Heap before GC invocations=40 (full 0):
 garbage-first heap   total 236544K, used 200550K [0x0000000080000000, 0x0000000100000000)
  region size 1024K, 47 young (48128K), 5 survivors (5120K)
 Metaspace       used 106943K, capacity 109561K, committed 112512K, reserved 1146880K
  class space    used 13563K, capacity 14559K, committed 15820K, reserved 1048576K
}
Event: 32.005 GC heap after
{Heap after GC invocations=41 (full 0):
 garbage-first heap   total 236544K, used 158707K [0x0000000080000000, 0x0000000100000000)
  region size 1024K, 3 young (3072K), 3 survivors (3072K)
 Metaspace       used 106943K, capacity 109561K, committed 112512K, reserved 1146880K
  class space    used 13563K, capacity 14559K, committed 15820K, reserved 1048576K
}
Event: 32.103 GC heap before
{Heap before GC invocations=42 (full 0):
 garbage-first heap   total 236544K, used 201715K [0x0000000080000000, 0x0000000100000000)
  region size 1024K, 45 young (46080K), 3 survivors (3072K)
 Metaspace       used 107004K, capacity 109599K, committed 112512K, reserved 1146880K
  class space    used 13580K, capacity 14572K, committed 15820K, reserved 1048576K
}
Event: 32.112 GC heap after
{Heap after GC invocations=43 (full 0):
 garbage-first heap   total 236544K, used 159043K [0x0000000080000000, 0x0000000100000000)
  region size 1024K, 4 young (4096K), 4 survivors (4096K)
 Metaspace       used 107004K, capacity 109599K, committed 112512K, reserved 1146880K
  class space    used 13580K, capacity 14572K, committed 15820K, reserved 1048576K
}
Event: 32.126 GC heap before
{Heap before GC invocations=43 (full 0):
 garbage-first heap   total 236544K, used 166211K [0x0000000080000000, 0x0000000100000000)
  region size 1024K, 11 young (11264K), 4 survivors (4096K)
 Metaspace       used 107023K, capacity 109619K, committed 112512K, reserved 1146880K
  class space    used 13585K, capacity 14579K, committed 15820K, reserved 1048576K
}
Event: 32.130 GC heap after
{Heap after GC invocations=44 (full 0):
 garbage-first heap   total 236544K, used 158560K [0x0000000080000000, 0x0000000100000000)
  region size 1024K, 1 young (1024K), 1 survivors (1024K)
 Metaspace       used 107023K, capacity 109619K, committed 112512K, reserved 1146880K
  class space    used 13585K, capacity 14579K, committed 15820K, reserved 1048576K
}
Event: 32.204 GC heap before
{Heap before GC invocations=44 (full 0):
 garbage-first heap   total 236544K, used 202592K [0x0000000080000000, 0x0000000100000000)
  region size 1024K, 44 young (45056K), 1 survivors (1024K)
 Metaspace       used 107276K, capacity 109855K, committed 112768K, reserved 1146880K
  class space    used 13603K, capacity 14593K, committed 15820K, reserved 1048576K
}
Event: 32.207 GC heap after
{Heap after GC invocations=45 (full 0):
 garbage-first heap   total 236544K, used 159669K [0x0000000080000000, 0x0000000100000000)
  region size 1024K, 2 young (2048K), 2 survivors (2048K)
 Metaspace       used 107276K, capacity 109855K, committed 112768K, reserved 1146880K
  class space    used 13603K, capacity 14593K, committed 15820K, reserved 1048576K
}
Event: 32.269 GC heap before
{Heap before GC invocations=45 (full 0):
 garbage-first heap   total 236544K, used 202677K [0x0000000080000000, 0x0000000100000000)
  region size 1024K, 45 young (46080K), 2 survivors (2048K)
 Metaspace       used 107337K, capacity 109959K, committed 112768K, reserved 1146880K
  class space    used 13611K, capacity 14628K, committed 15820K, reserved 1048576K
}
Event: 32.272 GC heap after
{Heap after GC invocations=46 (full 0):
 garbage-first heap   total 236544K, used 160574K [0x0000000080000000, 0x0000000100000000)
  region size 1024K, 3 young (3072K), 3 survivors (3072K)
 Metaspace       used 107337K, capacity 109959K, committed 112768K, reserved 1146880K
  class space    used 13611K, capacity 14628K, committed 15820K, reserved 1048576K
}
Event: 32.333 GC heap before
{Heap before GC invocations=46 (full 0):
 garbage-first heap   total 236544K, used 203582K [0x0000000080000000, 0x0000000100000000)
  region size 1024K, 45 young (46080K), 3 survivors (3072K)
 Metaspace       used 107416K, capacity 110060K, committed 112768K, reserved 1146880K
  class space    used 13623K, capacity 14640K, committed 15820K, reserved 1048576K
}
Event: 32.338 GC heap after
{Heap after GC invocations=47 (full 0):
 garbage-first heap   total 286720K, used 162150K [0x0000000080000000, 0x0000000100000000)
  region size 1024K, 5 young (5120K), 5 survivors (5120K)
 Metaspace       used 107416K, capacity 110060K, committed 112768K, reserved 1146880K
  class space    used 13623K, capacity 14640K, committed 15820K, reserved 1048576K
}
Event: 32.525 GC heap before
{Heap before GC invocations=47 (full 0):
 garbage-first heap   total 286720K, used 231782K [0x0000000080000000, 0x0000000100000000)
  region size 1024K, 73 young (74752K), 5 survivors (5120K)
 Metaspace       used 107561K, capacity 110206K, committed 113024K, reserved 1146880K
  class space    used 13637K, capacity 14646K, committed 15820K, reserved 1048576K
}
Event: 32.540 GC heap after
{Heap after GC invocations=48 (full 0):
 garbage-first heap   total 286720K, used 163328K [0x0000000080000000, 0x0000000100000000)
  region size 1024K, 6 young (6144K), 6 survivors (6144K)
 Metaspace       used 107561K, capacity 110206K, committed 113024K, reserved 1146880K
  class space    used 13637K, capacity 14646K, committed 15820K, reserved 1048576K
}
Event: 32.675 GC heap before
{Heap before GC invocations=49 (full 0):
 garbage-first heap   total 286720K, used 233984K [0x0000000080000000, 0x0000000100000000)
  region size 1024K, 75 young (76800K), 6 survivors (6144K)
 Metaspace       used 107945K, capacity 110576K, committed 113408K, reserved 1146880K
  class space    used 13682K, capacity 14707K, committed 15948K, reserved 1048576K
}
Event: 32.681 GC heap after
{Heap after GC invocations=50 (full 0):
 garbage-first heap   total 286720K, used 164541K [0x0000000080000000, 0x0000000100000000)
  region size 1024K, 7 young (7168K), 7 survivors (7168K)
 Metaspace       used 107945K, capacity 110576K, committed 113408K, reserved 1146880K
  class space    used 13682K, capacity 14707K, committed 15948K, reserved 1048576K
}
Event: 32.804 GC heap before
{Heap before GC invocations=50 (full 0):
 garbage-first heap   total 286720K, used 237245K [0x0000000080000000, 0x0000000100000000)
  region size 1024K, 78 young (79872K), 7 survivors (7168K)
 Metaspace       used 108155K, capacity 110855K, committed 113664K, reserved 1146880K
  class space    used 13711K, capacity 14736K, committed 15948K, reserved 1048576K
}
Event: 32.811 GC heap after
{Heap after GC invocations=51 (full 0):
 garbage-first heap   total 286720K, used 166770K [0x0000000080000000, 0x0000000100000000)
  region size 1024K, 7 young (7168K), 7 survivors (7168K)
 Metaspace       used 108155K, capacity 110855K, committed 113664K, reserved 1146880K
  class space    used 13711K, capacity 14736K, committed 15948K, reserved 1048576K
}
Event: 32.983 GC heap before
{Heap before GC invocations=51 (full 0):
 garbage-first heap   total 286720K, used 240498K [0x0000000080000000, 0x0000000100000000)
  region size 1024K, 79 young (80896K), 7 survivors (7168K)
 Metaspace       used 108455K, capacity 111196K, committed 113664K, reserved 1146880K
  class space    used 13747K, capacity 14807K, committed 15948K, reserved 1048576K
}

Deoptimization events (20 events):
Event: 32.959 Thread 0x0000000067fae800 Uncommon trap: trap_request=0xffffffbe fr.pc=0x000000000e390344 relative=0x00000000000041e4
Event: 32.959 Thread 0x0000000067fae800 Uncommon trap: reason=profile_predicate action=maybe_recompile pc=0x000000000e390344 method=com.android.tools.r8.internal.NG.j0()Z @ 16 c2
Event: 32.959 Thread 0x0000000067fae800 DEOPT PACKING pc=0x000000000e390344 sp=0x000000006d429350
Event: 32.959 Thread 0x0000000067fae800 DEOPT UNPACKING pc=0x00000000063e6ba9 sp=0x000000006d429318 mode 2
Event: 32.961 Thread 0x0000000067fae800 Uncommon trap: trap_request=0xffffffbe fr.pc=0x000000000e390344 relative=0x00000000000041e4
Event: 32.961 Thread 0x0000000067fae800 Uncommon trap: reason=profile_predicate action=maybe_recompile pc=0x000000000e390344 method=com.android.tools.r8.internal.NG.j0()Z @ 16 c2
Event: 32.961 Thread 0x0000000067fae800 DEOPT PACKING pc=0x000000000e390344 sp=0x000000006d429350
Event: 32.961 Thread 0x0000000067fae800 DEOPT UNPACKING pc=0x00000000063e6ba9 sp=0x000000006d429318 mode 2
Event: 32.961 Thread 0x0000000067fad800 DEOPT PACKING pc=0x0000000008b979db sp=0x00000000682f9970
Event: 32.961 Thread 0x0000000067fad800 DEOPT UNPACKING pc=0x00000000063e69bf sp=0x00000000682f8fc0 mode 0
Event: 32.961 Thread 0x0000000067fad800 Uncommon trap: trap_request=0xffffffbe fr.pc=0x000000000e390344 relative=0x00000000000041e4
Event: 32.961 Thread 0x0000000067fad800 Uncommon trap: reason=profile_predicate action=maybe_recompile pc=0x000000000e390344 method=com.android.tools.r8.internal.NG.j0()Z @ 16 c2
Event: 32.961 Thread 0x0000000067fad800 DEOPT PACKING pc=0x000000000e390344 sp=0x00000000682f97c0
Event: 32.961 Thread 0x0000000067fad800 DEOPT UNPACKING pc=0x00000000063e6ba9 sp=0x00000000682f9788 mode 2
Event: 32.963 Thread 0x0000000067fad800 Uncommon trap: trap_request=0xffffffbe fr.pc=0x000000000e390344 relative=0x00000000000041e4
Event: 32.963 Thread 0x0000000067fad800 Uncommon trap: reason=profile_predicate action=maybe_recompile pc=0x000000000e390344 method=com.android.tools.r8.internal.NG.j0()Z @ 16 c2
Event: 32.963 Thread 0x0000000067fad800 DEOPT PACKING pc=0x000000000e390344 sp=0x00000000682f97c0
Event: 32.963 Thread 0x0000000067fad800 DEOPT UNPACKING pc=0x00000000063e6ba9 sp=0x00000000682f9788 mode 2
Event: 32.981 Thread 0x0000000067fae800 DEOPT PACKING pc=0x0000000008b4d50d sp=0x000000006d429920
Event: 32.981 Thread 0x0000000067fae800 DEOPT UNPACKING pc=0x00000000063e69bf sp=0x000000006d428f50 mode 0

Classes redefined (0 events):
No events

Internal exceptions (20 events):
Event: 29.349 Thread 0x0000000067fb2800 Exception <a 'java/lang/NoSuchMethodError'{0x000000008dea2948}: 'java.lang.Object java.lang.invoke.DirectMethodHandle$Holder.invokeVirtual(java.lang.Object, java.lang.Object, int, java.lang.Object)'> (0x000000008dea2948) thrown at [./src/hotspot/share/interpreter/linkResolver.cpp, line 773]
Event: 29.349 Thread 0x0000000068df5000 Exception <a 'java/lang/NoSuchMethodError'{0x000000008dd41480}: 'java.lang.Object java.lang.invoke.DirectMethodHandle$Holder.invokeVirtual(java.lang.Object, java.lang.Object, int, java.lang.Object)'> (0x000000008dd41480) thrown at [./src/hotspot/share/interpreter/linkResolver.cpp, line 773]
Event: 29.349 Thread 0x0000000067fb0000 Exception <a 'java/lang/NoSuchMethodError'{0x000000008db23130}: 'java.lang.Object java.lang.invoke.DirectMethodHandle$Holder.invokeVirtual(java.lang.Object, java.lang.Object, int, java.lang.Object)'> (0x000000008db23130) thrown at [./src/hotspot/share/interpreter/linkResolver.cpp, line 773]
Event: 29.560 Thread 0x0000000067fad800 Exception <a 'java/lang/NoSuchMethodError'{0x000000008da2ff78}: 'void java.lang.invoke.DirectMethodHandle$Holder.invokeVirtual(java.lang.Object, java.lang.Object, int, java.lang.Object)'> (0x000000008da2ff78) thrown at [./src/hotspot/share/interpreter/linkResolver.cpp, line 773]
Event: 29.560 Thread 0x0000000067fb1000 Exception <a 'java/lang/NoSuchMethodError'{0x000000008daf52f0}: 'void java.lang.invoke.DirectMethodHandle$Holder.invokeVirtual(java.lang.Object, java.lang.Object, int, java.lang.Object)'> (0x000000008daf52f0) thrown at [./src/hotspot/share/interpreter/linkResolver.cpp, line 773]
Event: 29.560 Thread 0x0000000067fb1800 Exception <a 'java/lang/NoSuchMethodError'{0x000000008da1ea88}: 'void java.lang.invoke.DirectMethodHandle$Holder.invokeVirtual(java.lang.Object, java.lang.Object, int, java.lang.Object)'> (0x000000008da1ea88) thrown at [./src/hotspot/share/interpreter/linkResolver.cpp, line 773]
Event: 29.560 Thread 0x0000000067fb3800 Exception <a 'java/lang/NoSuchMethodError'{0x000000008daee2d8}: 'void java.lang.invoke.DirectMethodHandle$Holder.invokeVirtual(java.lang.Object, java.lang.Object, int, java.lang.Object)'> (0x000000008daee2d8) thrown at [./src/hotspot/share/interpreter/linkResolver.cpp, line 773]
Event: 29.560 Thread 0x0000000067fb2800 Exception <a 'java/lang/NoSuchMethodError'{0x000000008da05e00}: 'void java.lang.invoke.DirectMethodHandle$Holder.invokeVirtual(java.lang.Object, java.lang.Object, int, java.lang.Object)'> (0x000000008da05e00) thrown at [./src/hotspot/share/interpreter/linkResolver.cpp, line 773]
Event: 29.560 Thread 0x0000000067fb0000 Exception <a 'java/lang/NoSuchMethodError'{0x000000008db578c0}: 'void java.lang.invoke.DirectMethodHandle$Holder.invokeVirtual(java.lang.Object, java.lang.Object, int, java.lang.Object)'> (0x000000008db578c0) thrown at [./src/hotspot/share/interpreter/linkResolver.cpp, line 773]
Event: 29.560 Thread 0x0000000068df4000 Exception <a 'java/lang/NoSuchMethodError'{0x000000008dee0b20}: 'void java.lang.invoke.DirectMethodHandle$Holder.invokeVirtual(java.lang.Object, java.lang.Object, int, java.lang.Object)'> (0x000000008dee0b20) thrown at [./src/hotspot/share/interpreter/linkResolver.cpp, line 773]
Event: 30.916 Thread 0x0000000067fb0000 Exception <a 'java/lang/NoSuchMethodError'{0x000000008cefdcd0}: 'java.lang.Object java.lang.invoke.DirectMethodHandle$Holder.invokeInterface(java.lang.Object, java.lang.Object, int)'> (0x000000008cefdcd0) thrown at [./src/hotspot/share/interpreter/linkResolver.cpp, line 773]
Event: 31.962 Thread 0x0000000067fb1000 Exception <a 'java/lang/NoSuchMethodError'{0x000000008cae3178}: 'int java.lang.invoke.DirectMethodHandle$Holder.invokeInterface(java.lang.Object, java.lang.Object, int)'> (0x000000008cae3178) thrown at [./src/hotspot/share/interpreter/linkResolver.cpp, line 773]
Event: 32.299 Thread 0x0000000067fac800 Exception <a 'java/lang/IncompatibleClassChangeError'{0x000000008d4d1740}: Found class java.lang.Object, but interface was expected> (0x000000008d4d1740) thrown at [./src/hotspot/share/interpreter/linkResolver.cpp, line 839]
Event: 32.613 Thread 0x0000000068df5000 Exception <a 'java/lang/NoSuchMethodError'{0x0000000090a7ee88}: 'void java.lang.invoke.DirectMethodHandle$Holder.invokeSpecial(java.lang.Object, java.lang.Object, int, java.lang.Object, java.lang.Object, java.lang.Object, java.lang.Object)'> (0x0000000090a7ee88) thrown at [./src/hotspot/share/interpreter/linkResolver.cpp, line 773]
Event: 32.614 Thread 0x0000000067fb2800 Exception <a 'java/lang/NoSuchMethodError'{0x000000008f4052c8}: 'java.lang.Object java.lang.invoke.Invokers$Holder.linkToTargetMethod(java.lang.Object, int, java.lang.Object, java.lang.Object, java.lang.Object, java.lang.Object)'> (0x000000008f4052c8) thrown at [./src/hotspot/share/interpreter/linkResolver.cpp, line 773]
Event: 32.614 Thread 0x0000000068df5000 Exception <a 'java/lang/NoSuchMethodError'{0x0000000090a8a2b8}: 'java.lang.Object java.lang.invoke.Invokers$Holder.linkToTargetMethod(java.lang.Object, int, java.lang.Object, java.lang.Object, java.lang.Object, java.lang.Object)'> (0x0000000090a8a2b8) thrown at [./src/hotspot/share/interpreter/linkResolver.cpp, line 773]
Event: 32.615 Thread 0x0000000067fb2800 Exception <a 'java/lang/NoSuchMethodError'{0x000000008f409778}: 'void java.lang.invoke.DirectMethodHandle$Holder.invokeSpecial(java.lang.Object, java.lang.Object, java.lang.Object, java.lang.Object, java.lang.Object, java.lang.Object, java.lang.Object, java.lang.Object, java.lang.Object)'> (0x000000008f409778) thrown at [./src/hotspot/share/interpreter/linkResolver.cpp, line 773]
Event: 32.615 Thread 0x0000000067fb1000 Exception <a 'java/lang/NoSuchMethodError'{0x0000000091303d58}: 'void java.lang.invoke.DirectMethodHandle$Holder.invokeSpecial(java.lang.Object, java.lang.Object, java.lang.Object, java.lang.Object, java.lang.Object, java.lang.Object, java.lang.Object, java.lang.Object, java.lang.Object)'> (0x0000000091303d58) thrown at [./src/hotspot/share/interpreter/linkResolver.cpp, line 773]
Event: 32.617 Thread 0x0000000067fb1000 Exception <a 'java/lang/NoSuchMethodError'{0x000000008f37f9a8}: 'void java.lang.invoke.DirectMethodHandle$Holder.invokeStatic(java.lang.Object, java.lang.Object, java.lang.Object, java.lang.Object, java.lang.Object, java.lang.Object, java.lang.Object, java.lang.Object)'> (0x000000008f37f9a8) thrown at [./src/hotspot/share/interpreter/linkResolver.cpp, line 773]
Event: 32.861 Thread 0x0000000067fae800 Implicit null exception at 0x000000000e3109dc to 0x000000000e317048

Events (20 events):
Event: 32.884 loading class com/android/tools/r8/graph/G done
Event: 32.884 loading class com/android/tools/r8/graph/G$h
Event: 32.884 loading class com/android/tools/r8/graph/G$h done
Event: 32.895 loading class com/android/tools/r8/internal/Tz
Event: 32.895 loading class com/android/tools/r8/internal/Tz done
Event: 32.917 loading class com/android/tools/r8/internal/I0
Event: 32.917 loading class com/android/tools/r8/internal/I0 done
Event: 32.933 loading class com/android/tools/r8/internal/Rz
Event: 32.933 loading class com/android/tools/r8/internal/Rz done
Event: 32.963 loading class com/android/tools/r8/internal/Tp
Event: 32.963 loading class com/android/tools/r8/internal/Tp done
Event: 32.963 loading class com/android/tools/r8/internal/q7
Event: 32.963 loading class com/android/tools/r8/internal/q7 done
Event: 32.965 Executing VM operation: CGC_Operation
Event: 32.971 Executing VM operation: CGC_Operation done
Event: 32.982 loading class com/android/tools/r8/internal/au
Event: 32.982 loading class com/android/tools/r8/internal/au done
Event: 32.982 loading class com/android/tools/r8/internal/du
Event: 32.982 loading class com/android/tools/r8/internal/du done
Event: 32.983 Executing VM operation: G1CollectForAllocation


Dynamic libraries:
0x000000013f3c0000 - 0x000000013f3ca000 	D:\Program Files\Android\Android Studio\jre\bin\java.exe
0x00000000770f0000 - 0x000000007728f000 	C:\Windows\SYSTEM32\ntdll.dll
0x0000000076fd0000 - 0x00000000770f0000 	C:\Windows\system32\kernel32.dll
0x000007fefcdb0000 - 0x000007fefce17000 	C:\Windows\system32\KERNELBASE.dll
0x000007fec6a00000 - 0x000007fec6a19000 	D:\Program Files\Android\Android Studio\jre\bin\jli.dll
0x000007fef9900000 - 0x000007fef9af5000 	C:\Windows\WinSxS\amd64_microsoft.windows.common-controls_6595b64144ccf1df_6.0.7601.24483_none_e372d88f30fbb845\COMCTL32.dll
0x000007fefeac0000 - 0x000007fefeb5f000 	C:\Windows\system32\msvcrt.dll
0x000007fefd600000 - 0x000007fefd667000 	C:\Windows\system32\GDI32.dll
0x0000000076ed0000 - 0x0000000076fcb000 	C:\Windows\system32\USER32.dll
0x000007fefd320000 - 0x000007fefd32e000 	C:\Windows\system32\LPK.dll
0x000007fefd530000 - 0x000007fefd5fb000 	C:\Windows\system32\USP10.dll
0x000007fefd110000 - 0x000007fefd181000 	C:\Windows\system32\SHLWAPI.dll
0x000007fec69e0000 - 0x000007fec69f7000 	D:\Program Files\Android\Android Studio\jre\bin\VCRUNTIME140.dll
0x000007fee8720000 - 0x000007fee8724000 	C:\Windows\system32\api-ms-win-crt-runtime-l1-1-0.dll
0x000007fee7f00000 - 0x000007fee7ff4000 	C:\Windows\system32\ucrtbase.DLL
0x000007fee8710000 - 0x000007fee8713000 	C:\Windows\system32\api-ms-win-core-timezone-l1-1-0.dll
0x000007fee8700000 - 0x000007fee8703000 	C:\Windows\system32\api-ms-win-core-file-l2-1-0.dll
0x000007fee86f0000 - 0x000007fee86f3000 	C:\Windows\system32\api-ms-win-core-localization-l1-2-0.dll
0x000007fef96f0000 - 0x000007fef96f3000 	C:\Windows\system32\api-ms-win-core-synch-l1-2-0.dll
0x000007fee86e0000 - 0x000007fee86e3000 	C:\Windows\system32\api-ms-win-core-processthreads-l1-1-1.dll
0x000007fee86d0000 - 0x000007fee86d3000 	C:\Windows\system32\api-ms-win-core-file-l1-2-0.dll
0x000007fee86b0000 - 0x000007fee86b4000 	C:\Windows\system32\api-ms-win-crt-string-l1-1-0.dll
0x000007fee86c0000 - 0x000007fee86c3000 	C:\Windows\system32\api-ms-win-crt-heap-l1-1-0.dll
0x000007fee7eb0000 - 0x000007fee7eb4000 	C:\Windows\system32\api-ms-win-crt-stdio-l1-1-0.dll
0x000007fee7ea0000 - 0x000007fee7ea4000 	C:\Windows\system32\api-ms-win-crt-convert-l1-1-0.dll
0x000007fee7d90000 - 0x000007fee7d93000 	C:\Windows\system32\api-ms-win-crt-environment-l1-1-0.dll
0x000007fee7e60000 - 0x000007fee7e63000 	C:\Windows\system32\api-ms-win-crt-filesystem-l1-1-0.dll
0x000007fee7e80000 - 0x000007fee7e85000 	C:\Windows\system32\api-ms-win-crt-math-l1-1-0.dll
0x000007fee7da0000 - 0x000007fee7da3000 	C:\Windows\system32\api-ms-win-crt-locale-l1-1-0.dll
0x000007fefdbc0000 - 0x000007fefdbee000 	C:\Windows\system32\IMM32.DLL
0x000007fefd000000 - 0x000007fefd10b000 	C:\Windows\system32\MSCTF.dll
0x000007fec6940000 - 0x000007fec69dd000 	D:\Program Files\Android\Android Studio\jre\bin\msvcp140.dll
0x000007fee7e50000 - 0x000007fee7e55000 	C:\Windows\system32\api-ms-win-crt-multibyte-l1-1-0.dll
0x000007fee7e70000 - 0x000007fee7e73000 	C:\Windows\system32\api-ms-win-crt-time-l1-1-0.dll
0x000007fee7e90000 - 0x000007fee7e93000 	C:\Windows\system32\api-ms-win-crt-utility-l1-1-0.dll
0x000007fed02a0000 - 0x000007fed0d6f000 	D:\Program Files\Android\Android Studio\jre\bin\server\jvm.dll
0x000007fefd670000 - 0x000007fefd74b000 	C:\Windows\system32\ADVAPI32.dll
0x000007feff070000 - 0x000007feff08f000 	C:\Windows\SYSTEM32\sechost.dll
0x000007fefd770000 - 0x000007fefd89c000 	C:\Windows\system32\RPCRT4.dll
0x000007fed0df0000 - 0x000007fed0df9000 	C:\Windows\system32\WSOCK32.dll
0x000007fefd8a0000 - 0x000007fefd8ed000 	C:\Windows\system32\WS2_32.dll
0x000007feff090000 - 0x000007feff098000 	C:\Windows\system32\NSI.dll
0x000007feea030000 - 0x000007feea06b000 	C:\Windows\system32\WINMM.dll
0x000007fefb470000 - 0x000007fefb47c000 	C:\Windows\system32\VERSION.dll
0x00000000772a0000 - 0x00000000772a7000 	C:\Windows\system32\PSAPI.DLL
0x000007fed0dd0000 - 0x000007fed0de1000 	D:\Program Files\Android\Android Studio\jre\bin\verify.dll
0x000007fef79a0000 - 0x000007fef7ac5000 	C:\Windows\system32\DBGHELP.DLL
0x000007fed0100000 - 0x000007fed0129000 	D:\Program Files\Android\Android Studio\jre\bin\java.dll
0x000007fed0dc0000 - 0x000007fed0dcb000 	D:\Program Files\Android\Android Studio\jre\bin\jimage.dll
0x000007fed00e0000 - 0x000007fed00f8000 	D:\Program Files\Android\Android Studio\jre\bin\zip.dll
0x000007fefdbf0000 - 0x000007fefe97b000 	C:\Windows\system32\SHELL32.dll
0x000007fefd330000 - 0x000007fefd52f000 	C:\Windows\system32\ole32.dll
0x000007fefcc50000 - 0x000007fefcc5f000 	C:\Windows\system32\profapi.dll
0x000007fed00c0000 - 0x000007fed00da000 	D:\Program Files\Android\Android Studio\jre\bin\net.dll
0x000007fef9b70000 - 0x000007fef9be1000 	C:\Windows\system32\WINHTTP.dll
0x000007fef9b00000 - 0x000007fef9b65000 	C:\Windows\system32\webio.dll
0x000007fefc380000 - 0x000007fefc3d5000 	C:\Windows\system32\mswsock.dll
0x000007fefc370000 - 0x000007fefc377000 	C:\Windows\System32\wship6.dll
0x000007fed00a0000 - 0x000007fed00b4000 	D:\Program Files\Android\Android Studio\jre\bin\nio.dll
0x000007fef63a0000 - 0x000007fef63c7000 	D:\IdeaProjects\gradle\native\8bec1ad78214c89d9ad589b4d07fe93259594b29d510b10fafb7a158f7737e5d\windows-amd64\native-platform.dll
0x000007fecfbe0000 - 0x000007fecfd1d000 	D:\IdeaProjects\gradle\native\53dbd7edfb1c66fb8903c78663c9afc45aea4f116125fa6feffd364cf09443e8\windows-amd64\native-platform-file-events.dll
0x000007fed0090000 - 0x000007fed009a000 	D:\Program Files\Android\Android Studio\jre\bin\management.dll
0x000007fed0080000 - 0x000007fed008c000 	D:\Program Files\Android\Android Studio\jre\bin\management_ext.dll
0x000007fefc3e0000 - 0x000007fefc3f8000 	C:\Windows\system32\CRYPTSP.dll
0x000007fefc0e0000 - 0x000007fefc127000 	C:\Windows\system32\rsaenh.dll
0x000007fefcf90000 - 0x000007fefcfaf000 	C:\Windows\system32\USERENV.dll
0x000007fefcae0000 - 0x000007fefcaef000 	C:\Windows\system32\CRYPTBASE.dll
0x000007fef98d0000 - 0x000007fef98f7000 	C:\Windows\system32\IPHLPAPI.DLL
0x000007fef98c0000 - 0x000007fef98cb000 	C:\Windows\system32\WINNSI.DLL
0x000007fef4780000 - 0x000007fef4791000 	C:\Windows\system32\dhcpcsvc6.DLL
0x000007fef4760000 - 0x000007fef4778000 	C:\Windows\system32\dhcpcsvc.DLL
0x000007fecfed0000 - 0x000007fed0074000 	D:\Program Files\Android\Android Studio\jre\bin\awt.dll
0x000007fef5c80000 - 0x000007fef5c98000 	C:\Windows\system32\dwmapi.dll
0x000007feff0a0000 - 0x000007feff17b000 	C:\Windows\system32\OLEAUT32.dll

dbghelp: loaded successfully - version: 4.0.5 - missing functions: none
symbol engine: initialized successfully - sym options: 0x614 - pdb path: .;D:\Program Files\Android\Android Studio\jre\bin;C:\Windows\SYSTEM32;C:\Windows\WinSxS\amd64_microsoft.windows.common-controls_6595b64144ccf1df_6.0.7601.24483_none_e372d88f30fbb845;D:\Program Files\Android\Android Studio\jre\bin\server;D:\IdeaProjects\gradle\native\8bec1ad78214c89d9ad589b4d07fe93259594b29d510b10fafb7a158f7737e5d\windows-amd64;D:\IdeaProjects\gradle\native\53dbd7edfb1c66fb8903c78663c9afc45aea4f116125fa6feffd364cf09443e8\windows-amd64

VM Arguments:
jvm_args: --add-opens=java.base/java.util=ALL-UNNAMED --add-opens=java.base/java.lang=ALL-UNNAMED --add-opens=java.base/java.lang.invoke=ALL-UNNAMED --add-opens=java.base/java.util=ALL-UNNAMED --add-opens=java.prefs/java.util.prefs=ALL-UNNAMED --add-opens=java.prefs/java.util.prefs=ALL-UNNAMED --add-opens=java.base/java.nio.charset=ALL-UNNAMED --add-opens=java.base/java.net=ALL-UNNAMED --add-opens=java.base/java.util.concurrent.atomic=ALL-UNNAMED -Xmx2048m -Dfile.encoding=UTF-8 -Duser.country=RU -Duser.language=ru -Duser.variant 
java_command: org.gradle.launcher.daemon.bootstrap.GradleDaemon 7.0.2
java_class_path (initial): D:\IdeaProjects\gradle\wrapper\dists\gradle-7.0.2-bin\857tjihv64xamwrf0h14cai3r\gradle-7.0.2\lib\gradle-launcher-7.0.2.jar
Launcher Type: SUN_STANDARD

[Global flags]
     intx CICompilerCount                          = 4                                         {product} {ergonomic}
     uint ConcGCThreads                            = 3                                         {product} {ergonomic}
     uint G1ConcRefinementThreads                  = 10                                        {product} {ergonomic}
   size_t G1HeapRegionSize                         = 1048576                                   {product} {ergonomic}
    uintx GCDrainStackTargetSize                   = 64                                        {product} {ergonomic}
   size_t InitialHeapSize                          = 201326592                                 {product} {ergonomic}
   size_t MarkStackSize                            = 4194304                                   {product} {ergonomic}
   size_t MaxHeapSize                              = 2147483648                                {product} {command line}
   size_t MaxNewSize                               = 1287651328                                {product} {ergonomic}
   size_t MinHeapDeltaBytes                        = 1048576                                   {product} {ergonomic}
    uintx NonNMethodCodeHeapSize                   = 5836300                                {pd product} {ergonomic}
    uintx NonProfiledCodeHeapSize                  = 122910970                              {pd product} {ergonomic}
    uintx ProfiledCodeHeapSize                     = 122910970                              {pd product} {ergonomic}
    uintx ReservedCodeCacheSize                    = 251658240                              {pd product} {ergonomic}
     bool SegmentedCodeCache                       = true                                      {product} {ergonomic}
     bool UseCompressedClassPointers               = true                                 {lp64_product} {ergonomic}
     bool UseCompressedOops                        = true                                 {lp64_product} {ergonomic}
     bool UseG1GC                                  = true                                      {product} {ergonomic}
     bool UseLargePagesIndividualAllocation        = false                                  {pd product} {ergonomic}

Logging:
Log output configuration:
 #0: stdout all=warning uptime,level,tags
 #1: stderr all=off uptime,level,tags

Environment Variables:
JAVA_HOME=C:\Program Files\Java\jdk-11.0.7
PATH=C:\Program Files (x86)\Common Files\ArcSoft\Bin;C:\Program Files\Microsoft MPI\Bin\;C:\Program Files\Java\jdk-11.0.7\bin;C:\Program Files (x86)\Common Files\Oracle\Java\javapath;C:\Windows\system32;C:\Windows;C:\Windows\System32\Wbem;C:\Windows\System32\WindowsPowerShell\v1.0\;C:\Program Files (x86)\NVIDIA Corporation\PhysX\Common;D:\Program Files (x86)\QuickTime\QTSystem\;C:\Program Files\dotnet\;C:\Program Files\Microsoft SQL Server\130\Tools\Binn\;D:\Program Files\Git\cmd;C:\Users\Nick\AppData\Local\Android\Sdk\platform-tools;C:\Program Files\MySQL\MySQL Shell 8.0\bin\
USERNAME=Nick
OS=Windows_NT
PROCESSOR_IDENTIFIER=Intel64 Family 6 Model 44 Stepping 2, GenuineIntel



---------------  S Y S T E M  ---------------

OS: Windows 7 , 64 bit Build 7601 (6.1.7601.24552)
OS uptime: 0 days 6:21 hours

CPU:total 12 (initial active 12) (6 cores per cpu, 2 threads per core) family 6 model 44 stepping 2 microcode 0x0, cmov, cx8, fxsr, mmx, sse, sse2, sse3, ssse3, sse4.1, sse4.2, popcnt, aes, clmul, ht, tsc, tscinvbit, tscinv

Memory: 4k page, system-wide physical 12286M (1699M free)
TotalPageFile size 16380M (AvailPageFile size 33M)
current process WorkingSet (physical memory assigned to process): 676M, peak: 683M
current process commit charge ("private bytes"): 735M, peak: 1010M

vm_info: OpenJDK 64-Bit Server VM (11.0.10+0-b96-7249189) for windows-amd64 JRE (11.0.10+0-b96-7249189), built on Mar 31 2021 21:44:00 by "builder" with MS VC++ 14.0 (VS2015)

END.
